#
# There is insufficient memory for the Java Runtime Environment to continue.
# Native memory allocation (malloc) failed to allocate 32744 bytes for ChunkPool::allocate
# Possible reasons:
#   The system is out of physical RAM or swap space
#   The process is running with CompressedOops enabled, and the Java Heap may be blocking the growth of the native heap
# Possible solutions:
#   Reduce memory load on the system
#   Increase physical memory or swap space
#   Check if swap backing store is full
#   Decrease Java heap size (-Xmx/-Xms)
#   Decrease number of Java threads
#   Decrease Java thread stack sizes (-Xss)
#   Set larger code cache with -XX:ReservedCodeCacheSize=
#   JVM is running with Unscaled Compressed Oops mode in which the Java heap is
#     placed in the first 4GB address space. The Java Heap base address is the
#     maximum limit for the native heap growth. Please use -XX:HeapBaseMinAddress
#     to set the Java Heap base and to place the Java Heap above 4GB virtual address.
# This output file may be truncated or incomplete.
#
#  Out of Memory Error (c:/BuildAgent/work/5ff2f6c26000d570/src/hotspot/share/memory/arena.cpp:81), pid=16656, tid=19488
#
# JRE version: OpenJDK Runtime Environment (11.0.6+8) (build 11.0.6+8-b520.43)
# Java VM: OpenJDK 64-Bit Server VM (11.0.6+8-b520.43, mixed mode, sharing, tiered, compressed oops, g1 gc, windows-amd64)
# No core dump will be written. Minidumps are not enabled by default on client versions of Windows
#

---------------  S U M M A R Y ------------

Command Line: -javaagent:C:\Program Files\JetBrains\IntelliJ IDEA Community Edition 2019.3.4\lib\idea_rt.jar=56605:C:\Program Files\JetBrains\IntelliJ IDEA Community Edition 2019.3.4\bin -Dfile.encoding=UTF-8 com.smartedulanka.finalyearproject.FinalyearprojectApplication

Host: Intel(R) Core(TM) i5-8250U CPU @ 1.60GHz, 8 cores, 7G,  Windows 10 , 64 bit Build 22000 (10.0.22000.434)
Time: Mon Jun 13 21:57:05 2022 Sri Lanka Standard Time elapsed time: 18256 seconds (0d 5h 4m 16s)

---------------  T H R E A D  ---------------

Current thread (0x0000021a288c9800):  JavaThread "C2 CompilerThread0" daemon [_thread_in_native, id=19488, stack(0x00000033a3400000,0x00000033a3500000)]


Current CompileTask:
C2:18256188 8572       4       sun.security.util.AlgorithmDecomposer::decompose (336 bytes)

Stack: [0x00000033a3400000,0x00000033a3500000]
Native frames: (J=compiled Java code, j=interpreted, Vv=VM code, C=native code)
V  [jvm.dll+0x5de31a]
V  [jvm.dll+0x710ae5]
V  [jvm.dll+0x712005]
V  [jvm.dll+0x7126b3]
V  [jvm.dll+0x23e3a8]
V  [jvm.dll+0xb8dab]
V  [jvm.dll+0xb905c]
V  [jvm.dll+0xb8c58]
V  [jvm.dll+0x5bedf7]
V  [jvm.dll+0x6c9da]
V  [jvm.dll+0x4f44fa]
V  [jvm.dll+0x4f2432]
V  [jvm.dll+0x4f2c4f]
V  [jvm.dll+0x4f222f]
V  [jvm.dll+0x4f2243]
V  [jvm.dll+0x5030a5]
V  [jvm.dll+0x1f8ee3]
V  [jvm.dll+0x1f691f]
V  [jvm.dll+0x17f76c]
V  [jvm.dll+0x204dd7]
V  [jvm.dll+0x203641]
V  [jvm.dll+0x6da98f]
V  [jvm.dll+0x6d379d]
V  [jvm.dll+0x5dd2e6]
C  [ucrtbase.dll+0x26c0c]
C  [KERNEL32.DLL+0x154e0]
C  [ntdll.dll+0x485b]


---------------  P R O C E S S  ---------------

Threads class SMR info:
_java_thread_list=0x0000021a2db12af0, length=33, elements={
0x0000021a288ae000, 0x0000021a288af000, 0x0000021a288c3000, 0x0000021a288c4800,
0x0000021a288c9800, 0x0000021a288d4800, 0x0000021a288e5800, 0x0000021a2947e800,
0x0000021a29b64000, 0x0000021a29b65000, 0x0000021a2d3d0000, 0x0000021a2ea8e800,
0x0000021a2d5d7000, 0x0000021a2ea90000, 0x0000021a2cd4e000, 0x0000021a2e265800,
0x0000021a2e265000, 0x0000021a2e266800, 0x0000021a2e269000, 0x0000021a2e267800,
0x0000021a2e263800, 0x0000021a2e26a000, 0x0000021a2c19c000, 0x0000021a2c19e000,
0x0000021a2c19d800, 0x0000021a2c198800, 0x0000021a2c199800, 0x0000021a2c19f000,
0x0000021a2c1a0000, 0x0000021a2c19a000, 0x0000021a2c1a0800, 0x0000021a2c19c800,
0x0000021a2c19b000
}

Java Threads: ( => current thread )
  0x0000021a288ae000 JavaThread "Reference Handler" daemon [_thread_blocked, id=10508, stack(0x00000033a3000000,0x00000033a3100000)]
  0x0000021a288af000 JavaThread "Finalizer" daemon [_thread_blocked, id=27704, stack(0x00000033a3100000,0x00000033a3200000)]
  0x0000021a288c3000 JavaThread "Signal Dispatcher" daemon [_thread_blocked, id=14368, stack(0x00000033a3200000,0x00000033a3300000)]
  0x0000021a288c4800 JavaThread "Attach Listener" daemon [_thread_blocked, id=23516, stack(0x00000033a3300000,0x00000033a3400000)]
=>0x0000021a288c9800 JavaThread "C2 CompilerThread0" daemon [_thread_in_native, id=19488, stack(0x00000033a3400000,0x00000033a3500000)]
  0x0000021a288d4800 JavaThread "C1 CompilerThread0" daemon [_thread_blocked, id=24416, stack(0x00000033a3500000,0x00000033a3600000)]
  0x0000021a288e5800 JavaThread "Sweeper thread" daemon [_thread_blocked, id=4284, stack(0x00000033a3600000,0x00000033a3700000)]
  0x0000021a2947e800 JavaThread "Common-Cleaner" daemon [_thread_blocked, id=23388, stack(0x00000033a3700000,0x00000033a3800000)]
  0x0000021a29b64000 JavaThread "Monitor Ctrl-Break" daemon [_thread_in_native, id=25924, stack(0x00000033a3900000,0x00000033a3a00000)]
  0x0000021a29b65000 JavaThread "Service Thread" daemon [_thread_blocked, id=26188, stack(0x00000033a3a00000,0x00000033a3b00000)]
  0x0000021a2d3d0000 JavaThread "Catalina-utility-1" [_thread_blocked, id=22456, stack(0x00000033a4700000,0x00000033a4800000)]
  0x0000021a2ea8e800 JavaThread "Catalina-utility-2" [_thread_blocked, id=17256, stack(0x00000033a4800000,0x00000033a4900000)]
  0x0000021a2d5d7000 JavaThread "container-0" [_thread_blocked, id=17252, stack(0x00000033a4900000,0x00000033a4a00000)]
  0x0000021a2ea90000 JavaThread "mysql-cj-abandoned-connection-cleanup" daemon [_thread_blocked, id=22028, stack(0x00000033a4a00000,0x00000033a4b00000)]
  0x0000021a2cd4e000 JavaThread "HikariPool-1 housekeeper" daemon [_thread_blocked, id=25864, stack(0x00000033a4c00000,0x00000033a4d00000)]
  0x0000021a2e265800 JavaThread "java-sdk-http-connection-reaper" daemon [_thread_blocked, id=25728, stack(0x00000033a4e00000,0x00000033a4f00000)]
  0x0000021a2e265000 JavaThread "File Watcher" daemon [_thread_blocked, id=5812, stack(0x00000033a4d00000,0x00000033a4e00000)]
  0x0000021a2e266800 JavaThread "Live Reload Server" daemon [_thread_in_native, id=28284, stack(0x00000033a5000000,0x00000033a5100000)]
  0x0000021a2e269000 JavaThread "http-nio-8080-Poller" daemon [_thread_in_native, id=8040, stack(0x00000033a4f00000,0x00000033a5000000)]
  0x0000021a2e267800 JavaThread "http-nio-8080-Acceptor" daemon [_thread_in_native, id=14372, stack(0x00000033a5100000,0x00000033a5200000)]
  0x0000021a2e263800 JavaThread "DestroyJavaVM" [_thread_blocked, id=8580, stack(0x00000033a2900000,0x00000033a2a00000)]
  0x0000021a2e26a000 JavaThread "http-nio-8080-exec-1" daemon [_thread_blocked, id=24088, stack(0x00000033a4000000,0x00000033a4100000)]
  0x0000021a2c19c000 JavaThread "http-nio-8080-exec-2" daemon [_thread_blocked, id=9748, stack(0x00000033a5200000,0x00000033a5300000)]
  0x0000021a2c19e000 JavaThread "http-nio-8080-exec-3" daemon [_thread_blocked, id=25296, stack(0x00000033a5400000,0x00000033a5500000)]
  0x0000021a2c19d800 JavaThread "http-nio-8080-exec-4" daemon [_thread_blocked, id=11020, stack(0x00000033a5500000,0x00000033a5600000)]
  0x0000021a2c198800 JavaThread "http-nio-8080-exec-5" daemon [_thread_blocked, id=11052, stack(0x00000033a5600000,0x00000033a5700000)]
  0x0000021a2c199800 JavaThread "http-nio-8080-exec-6" daemon [_thread_blocked, id=5660, stack(0x00000033a4400000,0x00000033a4500000)]
  0x0000021a2c19f000 JavaThread "http-nio-8080-exec-7" daemon [_thread_blocked, id=27824, stack(0x00000033a5300000,0x00000033a5400000)]
  0x0000021a2c1a0000 JavaThread "http-nio-8080-exec-8" daemon [_thread_blocked, id=28344, stack(0x00000033a5700000,0x00000033a5800000)]
  0x0000021a2c19a000 JavaThread "http-nio-8080-exec-9" daemon [_thread_blocked, id=22000, stack(0x00000033a5800000,0x00000033a5900000)]
  0x0000021a2c1a0800 JavaThread "http-nio-8080-exec-10" daemon [_thread_blocked, id=22768, stack(0x00000033a5b00000,0x00000033a5c00000)]
  0x0000021a2c19c800 JavaThread "HikariPool-1 connection closer" daemon [_thread_blocked, id=7588, stack(0x00000033a2600000,0x00000033a2700000)]
  0x0000021a2c19b000 JavaThread "HikariPool-1 connection adder" daemon [_thread_blocked, id=20012, stack(0x00000033a2700000,0x00000033a2800000)]

Other Threads:
  0x0000021a288ad000 VMThread "VM Thread" [stack: 0x00000033a2f00000,0x00000033a3000000] [id=23700]
  0x0000021a29b60800 WatcherThread [stack: 0x00000033a3b00000,0x00000033a3c00000] [id=21288]
  0x0000021a0df47000 GCTaskThread "GC Thread#0" [stack: 0x00000033a2a00000,0x00000033a2b00000] [id=29268]
  0x0000021a2a007800 GCTaskThread "GC Thread#1" [stack: 0x00000033a3d00000,0x00000033a3e00000] [id=26432]
  0x0000021a29f59000 GCTaskThread "GC Thread#2" [stack: 0x00000033a3e00000,0x00000033a3f00000] [id=564]
  0x0000021a29c9f000 GCTaskThread "GC Thread#3" [stack: 0x00000033a4100000,0x00000033a4200000] [id=15764]
  0x0000021a29ca0000 GCTaskThread "GC Thread#4" [stack: 0x00000033a4200000,0x00000033a4300000] [id=25836]
  0x0000021a29f75000 GCTaskThread "GC Thread#5" [stack: 0x00000033a4300000,0x00000033a4400000] [id=23864]
  0x0000021a2a5bf800 GCTaskThread "GC Thread#6" [stack: 0x00000033a4500000,0x00000033a4600000] [id=9772]
  0x0000021a2a8cc000 GCTaskThread "GC Thread#7" [stack: 0x00000033a4600000,0x00000033a4700000] [id=1144]
  0x0000021a0df77800 ConcurrentGCThread "G1 Main Marker" [stack: 0x00000033a2b00000,0x00000033a2c00000] [id=4976]
  0x0000021a0df79000 ConcurrentGCThread "G1 Conc#0" [stack: 0x00000033a2c00000,0x00000033a2d00000] [id=21708]
  0x0000021a2a722000 ConcurrentGCThread "G1 Conc#1" [stack: 0x00000033a3c00000,0x00000033a3d00000] [id=12392]
  0x0000021a2873c800 ConcurrentGCThread "G1 Refine#0" [stack: 0x00000033a2d00000,0x00000033a2e00000] [id=18908]
  0x0000021a2873d800 ConcurrentGCThread "G1 Young RemSet Sampling" [stack: 0x00000033a2e00000,0x00000033a2f00000] [id=14300]

Threads with active compile tasks:
C2 CompilerThread018256259 8572       4       sun.security.util.AlgorithmDecomposer::decompose (336 bytes)

VM state:not at safepoint (normal execution)

VM Mutex/Monitor currently owned by a thread: None

Heap address: 0x0000000081600000, size: 2026 MB, Compressed Oops mode: 32-bit
Narrow klass base: 0x0000000800000000, Narrow klass shift: 3
Compressed class space size: 1073741824 Address: 0x0000000840000000

Heap:
 garbage-first heap   total 227328K, used 108835K [0x0000000081600000, 0x0000000100000000)
  region size 1024K, 70 young (71680K), 8 survivors (8192K)
 Metaspace       used 76491K, capacity 78650K, committed 78876K, reserved 1118208K
  class space    used 9899K, capacity 10786K, committed 10824K, reserved 1048576K
Heap Regions: E=young(eden), S=young(survivor), O=old, HS=humongous(starts), HC=humongous(continues), CS=collection set, F=free, A=archive, TAMS=top-at-mark-start (previous, next)
|   0|0x0000000081600000, 0x0000000081700000, 0x0000000081700000|100%|HS|  |TAMS 0x0000000081700000, 0x0000000081600000| Complete 
|   1|0x0000000081700000, 0x0000000081800000, 0x0000000081800000|100%| O|  |TAMS 0x0000000081800000, 0x0000000081700000| Untracked 
|   2|0x0000000081800000, 0x0000000081900000, 0x0000000081900000|100%| O|  |TAMS 0x0000000081900000, 0x0000000081800000| Untracked 
|   3|0x0000000081900000, 0x0000000081a00000, 0x0000000081a00000|100%| O|  |TAMS 0x0000000081a00000, 0x0000000081900000| Untracked 
|   4|0x0000000081a00000, 0x0000000081b00000, 0x0000000081b00000|100%| O|  |TAMS 0x0000000081b00000, 0x0000000081a00000| Untracked 
|   5|0x0000000081b00000, 0x0000000081c00000, 0x0000000081c00000|100%| O|  |TAMS 0x0000000081c00000, 0x0000000081b00000| Untracked 
|   6|0x0000000081c00000, 0x0000000081d00000, 0x0000000081d00000|100%| O|  |TAMS 0x0000000081d00000, 0x0000000081c00000| Untracked 
|   7|0x0000000081d00000, 0x0000000081e00000, 0x0000000081e00000|100%| O|  |TAMS 0x0000000081e00000, 0x0000000081d00000| Untracked 
|   8|0x0000000081e00000, 0x0000000081f00000, 0x0000000081f00000|100%| O|  |TAMS 0x0000000081f00000, 0x0000000081e00000| Untracked 
|   9|0x0000000081f00000, 0x0000000082000000, 0x0000000082000000|100%| O|  |TAMS 0x0000000082000000, 0x0000000081f00000| Untracked 
|  10|0x0000000082000000, 0x0000000082100000, 0x0000000082100000|100%| O|  |TAMS 0x0000000082100000, 0x0000000082000000| Untracked 
|  11|0x0000000082100000, 0x0000000082200000, 0x0000000082200000|100%| O|  |TAMS 0x0000000082200000, 0x0000000082100000| Untracked 
|  12|0x0000000082200000, 0x0000000082300000, 0x0000000082300000|100%| O|  |TAMS 0x0000000082300000, 0x0000000082200000| Untracked 
|  13|0x0000000082300000, 0x0000000082400000, 0x0000000082400000|100%| O|  |TAMS 0x0000000082400000, 0x0000000082300000| Untracked 
|  14|0x0000000082400000, 0x0000000082500000, 0x0000000082500000|100%| O|  |TAMS 0x0000000082500000, 0x0000000082400000| Untracked 
|  15|0x0000000082500000, 0x0000000082600000, 0x0000000082600000|100%| O|  |TAMS 0x0000000082600000, 0x0000000082500000| Untracked 
|  16|0x0000000082600000, 0x0000000082700000, 0x0000000082700000|100%| O|  |TAMS 0x0000000082700000, 0x0000000082600000| Untracked 
|  17|0x0000000082700000, 0x0000000082800000, 0x0000000082800000|100%| O|  |TAMS 0x0000000082800000, 0x0000000082700000| Untracked 
|  18|0x0000000082800000, 0x0000000082900000, 0x0000000082900000|100%| O|  |TAMS 0x0000000082900000, 0x0000000082800000| Untracked 
|  19|0x0000000082900000, 0x0000000082a00000, 0x0000000082a00000|100%| O|  |TAMS 0x000000008298ac00, 0x0000000082900000| Untracked 
|  20|0x0000000082a00000, 0x0000000082b00000, 0x0000000082b00000|100%| O|  |TAMS 0x0000000082a00000, 0x0000000082a00000| Untracked 
|  21|0x0000000082b00000, 0x0000000082c00000, 0x0000000082c00000|100%| O|  |TAMS 0x0000000082b00000, 0x0000000082b00000| Untracked 
|  22|0x0000000082c00000, 0x0000000082d00000, 0x0000000082d00000|100%| O|  |TAMS 0x0000000082c00000, 0x0000000082c00000| Untracked 
|  23|0x0000000082d00000, 0x0000000082d85c00, 0x0000000082e00000| 52%| O|  |TAMS 0x0000000082d00000, 0x0000000082d00000| Untracked 
|  24|0x0000000082e00000, 0x0000000082f00000, 0x0000000082f00000|100%| O|  |TAMS 0x0000000082e00000, 0x0000000082e00000| Untracked 
|  25|0x0000000082f00000, 0x0000000083000000, 0x0000000083000000|100%| O|  |TAMS 0x0000000082f00000, 0x0000000082f00000| Untracked 
|  26|0x0000000083000000, 0x0000000083100000, 0x0000000083100000|100%| O|  |TAMS 0x0000000083000000, 0x0000000083000000| Untracked 
|  27|0x0000000083100000, 0x0000000083200000, 0x0000000083200000|100%| O|  |TAMS 0x0000000083100000, 0x0000000083100000| Untracked 
|  28|0x0000000083200000, 0x0000000083300000, 0x0000000083300000|100%| O|  |TAMS 0x0000000083200000, 0x0000000083200000| Untracked 
|  29|0x0000000083300000, 0x0000000083400000, 0x0000000083400000|100%| O|  |TAMS 0x0000000083300000, 0x0000000083300000| Untracked 
|  30|0x0000000083400000, 0x0000000083400000, 0x0000000083500000|  0%| F|  |TAMS 0x0000000083400000, 0x0000000083400000| Untracked 
|  31|0x0000000083500000, 0x0000000083600000, 0x0000000083600000|100%| O|  |TAMS 0x0000000083500000, 0x0000000083500000| Untracked 
|  32|0x0000000083600000, 0x0000000083700000, 0x0000000083700000|100%| O|  |TAMS 0x0000000083600000, 0x0000000083600000| Untracked 
|  33|0x0000000083700000, 0x0000000083800000, 0x0000000083800000|100%| O|  |TAMS 0x0000000083700000, 0x0000000083700000| Untracked 
|  34|0x0000000083800000, 0x0000000083900000, 0x0000000083900000|100%| O|  |TAMS 0x0000000083800000, 0x0000000083800000| Untracked 
|  35|0x0000000083900000, 0x0000000083a00000, 0x0000000083a00000|100%| O|  |TAMS 0x0000000083900000, 0x0000000083900000| Untracked 
|  36|0x0000000083a00000, 0x0000000083b00000, 0x0000000083b00000|100%| O|  |TAMS 0x0000000083a00000, 0x0000000083a00000| Untracked 
|  37|0x0000000083b00000, 0x0000000083c00000, 0x0000000083c00000|100%| O|  |TAMS 0x0000000083b00000, 0x0000000083b00000| Untracked 
|  38|0x0000000083c00000, 0x0000000083d00000, 0x0000000083d00000|100%| O|  |TAMS 0x0000000083c00000, 0x0000000083c00000| Untracked 
|  39|0x0000000083d00000, 0x0000000083e00000, 0x0000000083e00000|100%| O|  |TAMS 0x0000000083d00000, 0x0000000083d00000| Untracked 
|  40|0x0000000083e00000, 0x0000000083e00000, 0x0000000083f00000|  0%| F|  |TAMS 0x0000000083e00000, 0x0000000083e00000| Untracked 
|  41|0x0000000083f00000, 0x0000000083f00000, 0x0000000084000000|  0%| F|  |TAMS 0x0000000083f00000, 0x0000000083f00000| Untracked 
|  42|0x0000000084000000, 0x0000000084000000, 0x0000000084100000|  0%| F|  |TAMS 0x0000000084000000, 0x0000000084000000| Untracked 
|  43|0x0000000084100000, 0x0000000084100000, 0x0000000084200000|  0%| F|  |TAMS 0x0000000084100000, 0x0000000084100000| Untracked 
|  44|0x0000000084200000, 0x0000000084200000, 0x0000000084300000|  0%| F|  |TAMS 0x0000000084200000, 0x0000000084200000| Untracked 
|  45|0x0000000084300000, 0x0000000084300000, 0x0000000084400000|  0%| F|  |TAMS 0x0000000084300000, 0x0000000084300000| Untracked 
|  46|0x0000000084400000, 0x0000000084400000, 0x0000000084500000|  0%| F|  |TAMS 0x0000000084400000, 0x0000000084400000| Untracked 
|  47|0x0000000084500000, 0x0000000084500000, 0x0000000084600000|  0%| F|  |TAMS 0x0000000084500000, 0x0000000084500000| Untracked 
|  48|0x0000000084600000, 0x0000000084600000, 0x0000000084700000|  0%| F|  |TAMS 0x0000000084600000, 0x0000000084600000| Untracked 
|  49|0x0000000084700000, 0x0000000084700000, 0x0000000084800000|  0%| F|  |TAMS 0x0000000084700000, 0x0000000084700000| Untracked 
|  50|0x0000000084800000, 0x0000000084800000, 0x0000000084900000|  0%| F|  |TAMS 0x0000000084800000, 0x0000000084800000| Untracked 
|  51|0x0000000084900000, 0x0000000084900000, 0x0000000084a00000|  0%| F|  |TAMS 0x0000000084900000, 0x0000000084900000| Untracked 
|  52|0x0000000084a00000, 0x0000000084a00000, 0x0000000084b00000|  0%| F|  |TAMS 0x0000000084a00000, 0x0000000084a00000| Untracked 
|  53|0x0000000084b00000, 0x0000000084b00000, 0x0000000084c00000|  0%| F|  |TAMS 0x0000000084b00000, 0x0000000084b00000| Untracked 
|  54|0x0000000084c00000, 0x0000000084c00000, 0x0000000084d00000|  0%| F|  |TAMS 0x0000000084c00000, 0x0000000084c00000| Untracked 
|  55|0x0000000084d00000, 0x0000000084d00000, 0x0000000084e00000|  0%| F|  |TAMS 0x0000000084d00000, 0x0000000084d00000| Untracked 
|  56|0x0000000084e00000, 0x0000000084e00000, 0x0000000084f00000|  0%| F|  |TAMS 0x0000000084e00000, 0x0000000084e00000| Untracked 
|  57|0x0000000084f00000, 0x0000000084f00000, 0x0000000085000000|  0%| F|  |TAMS 0x0000000084f00000, 0x0000000084f00000| Untracked 
|  58|0x0000000085000000, 0x0000000085000000, 0x0000000085100000|  0%| F|  |TAMS 0x0000000085000000, 0x0000000085000000| Untracked 
|  59|0x0000000085100000, 0x0000000085100000, 0x0000000085200000|  0%| F|  |TAMS 0x0000000085100000, 0x0000000085100000| Untracked 
|  60|0x0000000085200000, 0x0000000085200000, 0x0000000085300000|  0%| F|  |TAMS 0x0000000085200000, 0x0000000085200000| Untracked 
|  61|0x0000000085300000, 0x0000000085300000, 0x0000000085400000|  0%| F|  |TAMS 0x0000000085300000, 0x0000000085300000| Untracked 
|  62|0x0000000085400000, 0x0000000085400000, 0x0000000085500000|  0%| F|  |TAMS 0x0000000085400000, 0x0000000085400000| Untracked 
|  63|0x0000000085500000, 0x0000000085500000, 0x0000000085600000|  0%| F|  |TAMS 0x0000000085500000, 0x0000000085500000| Untracked 
|  64|0x0000000085600000, 0x0000000085600000, 0x0000000085700000|  0%| F|  |TAMS 0x0000000085600000, 0x0000000085600000| Untracked 
|  65|0x0000000085700000, 0x0000000085700000, 0x0000000085800000|  0%| F|  |TAMS 0x0000000085700000, 0x0000000085700000| Untracked 
|  66|0x0000000085800000, 0x0000000085800000, 0x0000000085900000|  0%| F|  |TAMS 0x0000000085800000, 0x0000000085800000| Untracked 
|  67|0x0000000085900000, 0x0000000085900000, 0x0000000085a00000|  0%| F|  |TAMS 0x0000000085900000, 0x0000000085900000| Untracked 
|  68|0x0000000085a00000, 0x0000000085a00000, 0x0000000085b00000|  0%| F|  |TAMS 0x0000000085a00000, 0x0000000085a00000| Untracked 
|  69|0x0000000085b00000, 0x0000000085b00000, 0x0000000085c00000|  0%| F|  |TAMS 0x0000000085b00000, 0x0000000085b00000| Untracked 
|  70|0x0000000085c00000, 0x0000000085c00000, 0x0000000085d00000|  0%| F|  |TAMS 0x0000000085c00000, 0x0000000085c00000| Untracked 
|  71|0x0000000085d00000, 0x0000000085d00000, 0x0000000085e00000|  0%| F|  |TAMS 0x0000000085d00000, 0x0000000085d00000| Untracked 
|  72|0x0000000085e00000, 0x0000000085e00000, 0x0000000085f00000|  0%| F|  |TAMS 0x0000000085e00000, 0x0000000085e00000| Untracked 
|  73|0x0000000085f00000, 0x0000000085f00000, 0x0000000086000000|  0%| F|  |TAMS 0x0000000085f00000, 0x0000000085f00000| Untracked 
|  74|0x0000000086000000, 0x0000000086000000, 0x0000000086100000|  0%| F|  |TAMS 0x0000000086000000, 0x0000000086000000| Untracked 
|  75|0x0000000086100000, 0x0000000086100000, 0x0000000086200000|  0%| F|  |TAMS 0x0000000086100000, 0x0000000086100000| Untracked 
|  76|0x0000000086200000, 0x0000000086200000, 0x0000000086300000|  0%| F|  |TAMS 0x0000000086200000, 0x0000000086200000| Untracked 
|  77|0x0000000086300000, 0x0000000086300000, 0x0000000086400000|  0%| F|  |TAMS 0x0000000086300000, 0x0000000086300000| Untracked 
|  78|0x0000000086400000, 0x0000000086400000, 0x0000000086500000|  0%| F|  |TAMS 0x0000000086400000, 0x0000000086400000| Untracked 
|  79|0x0000000086500000, 0x0000000086500000, 0x0000000086600000|  0%| F|  |TAMS 0x0000000086500000, 0x0000000086500000| Untracked 
|  80|0x0000000086600000, 0x0000000086600000, 0x0000000086700000|  0%| F|  |TAMS 0x0000000086600000, 0x0000000086600000| Untracked 
|  81|0x0000000086700000, 0x0000000086700000, 0x0000000086800000|  0%| F|  |TAMS 0x0000000086700000, 0x0000000086700000| Untracked 
|  82|0x0000000086800000, 0x0000000086800000, 0x0000000086900000|  0%| F|  |TAMS 0x0000000086800000, 0x0000000086800000| Untracked 
|  83|0x0000000086900000, 0x00000000869c3170, 0x0000000086a00000| 76%| S|CS|TAMS 0x0000000086900000, 0x0000000086900000| Complete 
|  84|0x0000000086a00000, 0x0000000086b00000, 0x0000000086b00000|100%| S|CS|TAMS 0x0000000086a00000, 0x0000000086a00000| Complete 
|  85|0x0000000086b00000, 0x0000000086c00000, 0x0000000086c00000|100%| S|CS|TAMS 0x0000000086b00000, 0x0000000086b00000| Complete 
|  86|0x0000000086c00000, 0x0000000086d00000, 0x0000000086d00000|100%| S|CS|TAMS 0x0000000086c00000, 0x0000000086c00000| Complete 
|  87|0x0000000086d00000, 0x0000000086d00000, 0x0000000086e00000|  0%| F|  |TAMS 0x0000000086d00000, 0x0000000086d00000| Untracked 
|  88|0x0000000086e00000, 0x0000000086e00000, 0x0000000086f00000|  0%| F|  |TAMS 0x0000000086e00000, 0x0000000086e00000| Untracked 
|  89|0x0000000086f00000, 0x0000000086f00000, 0x0000000087000000|  0%| F|  |TAMS 0x0000000086f00000, 0x0000000086f00000| Untracked 
|  90|0x0000000087000000, 0x0000000087000000, 0x0000000087100000|  0%| F|  |TAMS 0x0000000087000000, 0x0000000087000000| Untracked 
|  91|0x0000000087100000, 0x0000000087100000, 0x0000000087200000|  0%| F|  |TAMS 0x0000000087100000, 0x0000000087100000| Untracked 
|  92|0x0000000087200000, 0x0000000087200000, 0x0000000087300000|  0%| F|  |TAMS 0x0000000087200000, 0x0000000087200000| Untracked 
|  93|0x0000000087300000, 0x0000000087300000, 0x0000000087400000|  0%| F|  |TAMS 0x0000000087300000, 0x0000000087300000| Untracked 
|  94|0x0000000087400000, 0x0000000087400000, 0x0000000087500000|  0%| F|  |TAMS 0x0000000087400000, 0x0000000087400000| Untracked 
|  95|0x0000000087500000, 0x0000000087500000, 0x0000000087600000|  0%| F|  |TAMS 0x0000000087500000, 0x0000000087500000| Untracked 
|  96|0x0000000087600000, 0x0000000087700000, 0x0000000087700000|100%| S|CS|TAMS 0x0000000087600000, 0x0000000087600000| Complete 
|  97|0x0000000087700000, 0x0000000087800000, 0x0000000087800000|100%| S|CS|TAMS 0x0000000087700000, 0x0000000087700000| Complete 
|  98|0x0000000087800000, 0x0000000087900000, 0x0000000087900000|100%| S|CS|TAMS 0x0000000087800000, 0x0000000087800000| Complete 
|  99|0x0000000087900000, 0x0000000087a00000, 0x0000000087a00000|100%| S|CS|TAMS 0x0000000087900000, 0x0000000087900000| Complete 
| 100|0x0000000087a00000, 0x0000000087a00000, 0x0000000087b00000|  0%| F|  |TAMS 0x0000000087a00000, 0x0000000087a00000| Untracked 
| 101|0x0000000087b00000, 0x0000000087b00000, 0x0000000087c00000|  0%| F|  |TAMS 0x0000000087b00000, 0x0000000087b00000| Untracked 
| 102|0x0000000087c00000, 0x0000000087c00000, 0x0000000087d00000|  0%| F|  |TAMS 0x0000000087c00000, 0x0000000087c00000| Untracked 
| 103|0x0000000087d00000, 0x0000000087d00000, 0x0000000087e00000|  0%| F|  |TAMS 0x0000000087d00000, 0x0000000087d00000| Untracked 
| 104|0x0000000087e00000, 0x0000000087e00000, 0x0000000087f00000|  0%| F|  |TAMS 0x0000000087e00000, 0x0000000087e00000| Untracked 
| 105|0x0000000087f00000, 0x0000000087f00000, 0x0000000088000000|  0%| F|  |TAMS 0x0000000087f00000, 0x0000000087f00000| Untracked 
| 106|0x0000000088000000, 0x0000000088000000, 0x0000000088100000|  0%| F|  |TAMS 0x0000000088000000, 0x0000000088000000| Untracked 
| 107|0x0000000088100000, 0x0000000088100000, 0x0000000088200000|  0%| F|  |TAMS 0x0000000088100000, 0x0000000088100000| Untracked 
| 108|0x0000000088200000, 0x0000000088200000, 0x0000000088300000|  0%| F|  |TAMS 0x0000000088200000, 0x0000000088200000| Untracked 
| 109|0x0000000088300000, 0x0000000088300000, 0x0000000088400000|  0%| F|  |TAMS 0x0000000088300000, 0x0000000088300000| Untracked 
| 110|0x0000000088400000, 0x0000000088400000, 0x0000000088500000|  0%| F|  |TAMS 0x0000000088400000, 0x0000000088400000| Untracked 
| 111|0x0000000088500000, 0x0000000088500000, 0x0000000088600000|  0%| F|  |TAMS 0x0000000088500000, 0x0000000088500000| Untracked 
| 112|0x0000000088600000, 0x0000000088600000, 0x0000000088700000|  0%| F|  |TAMS 0x0000000088600000, 0x0000000088600000| Untracked 
| 113|0x0000000088700000, 0x0000000088700000, 0x0000000088800000|  0%| F|  |TAMS 0x0000000088700000, 0x0000000088700000| Untracked 
| 114|0x0000000088800000, 0x0000000088800000, 0x0000000088900000|  0%| F|  |TAMS 0x0000000088800000, 0x0000000088800000| Untracked 
| 115|0x0000000088900000, 0x0000000088900000, 0x0000000088a00000|  0%| F|  |TAMS 0x0000000088900000, 0x0000000088900000| Untracked 
| 116|0x0000000088a00000, 0x0000000088a00000, 0x0000000088b00000|  0%| F|  |TAMS 0x0000000088a00000, 0x0000000088a00000| Untracked 
| 117|0x0000000088b00000, 0x0000000088b00000, 0x0000000088c00000|  0%| F|  |TAMS 0x0000000088b00000, 0x0000000088b00000| Untracked 
| 118|0x0000000088c00000, 0x0000000088c00000, 0x0000000088d00000|  0%| F|  |TAMS 0x0000000088c00000, 0x0000000088c00000| Untracked 
| 119|0x0000000088d00000, 0x0000000088d00000, 0x0000000088e00000|  0%| F|  |TAMS 0x0000000088d00000, 0x0000000088d00000| Untracked 
| 120|0x0000000088e00000, 0x0000000088e00000, 0x0000000088f00000|  0%| F|  |TAMS 0x0000000088e00000, 0x0000000088e00000| Untracked 
| 121|0x0000000088f00000, 0x0000000088f00000, 0x0000000089000000|  0%| F|  |TAMS 0x0000000088f00000, 0x0000000088f00000| Untracked 
| 122|0x0000000089000000, 0x0000000089000000, 0x0000000089100000|  0%| F|  |TAMS 0x0000000089000000, 0x0000000089000000| Untracked 
| 123|0x0000000089100000, 0x0000000089100000, 0x0000000089200000|  0%| F|  |TAMS 0x0000000089100000, 0x0000000089100000| Untracked 
| 124|0x0000000089200000, 0x0000000089200000, 0x0000000089300000|  0%| F|  |TAMS 0x0000000089200000, 0x0000000089200000| Untracked 
| 125|0x0000000089300000, 0x0000000089300000, 0x0000000089400000|  0%| F|  |TAMS 0x0000000089300000, 0x0000000089300000| Untracked 
| 126|0x0000000089400000, 0x0000000089400000, 0x0000000089500000|  0%| F|  |TAMS 0x0000000089400000, 0x0000000089400000| Untracked 
| 127|0x0000000089500000, 0x0000000089500000, 0x0000000089600000|  0%| F|  |TAMS 0x0000000089500000, 0x0000000089500000| Untracked 
| 128|0x0000000089600000, 0x0000000089600000, 0x0000000089700000|  0%| F|  |TAMS 0x0000000089600000, 0x0000000089600000| Untracked 
| 129|0x0000000089700000, 0x0000000089700000, 0x0000000089800000|  0%| F|  |TAMS 0x0000000089700000, 0x0000000089700000| Untracked 
| 130|0x0000000089800000, 0x0000000089800000, 0x0000000089900000|  0%| F|  |TAMS 0x0000000089800000, 0x0000000089800000| Untracked 
| 131|0x0000000089900000, 0x0000000089900000, 0x0000000089a00000|  0%| F|  |TAMS 0x0000000089900000, 0x0000000089900000| Untracked 
| 132|0x0000000089a00000, 0x0000000089a00000, 0x0000000089b00000|  0%| F|  |TAMS 0x0000000089a00000, 0x0000000089a00000| Untracked 
| 133|0x0000000089b00000, 0x0000000089b00000, 0x0000000089c00000|  0%| F|  |TAMS 0x0000000089b00000, 0x0000000089b00000| Untracked 
| 134|0x0000000089c00000, 0x0000000089c00000, 0x0000000089d00000|  0%| F|  |TAMS 0x0000000089c00000, 0x0000000089c00000| Untracked 
| 135|0x0000000089d00000, 0x0000000089d00000, 0x0000000089e00000|  0%| F|  |TAMS 0x0000000089d00000, 0x0000000089d00000| Untracked 
| 136|0x0000000089e00000, 0x0000000089e00000, 0x0000000089f00000|  0%| F|  |TAMS 0x0000000089e00000, 0x0000000089e00000| Untracked 
| 137|0x0000000089f00000, 0x0000000089f00000, 0x000000008a000000|  0%| F|  |TAMS 0x0000000089f00000, 0x0000000089f00000| Untracked 
| 138|0x000000008a000000, 0x000000008a000000, 0x000000008a100000|  0%| F|  |TAMS 0x000000008a000000, 0x000000008a000000| Untracked 
| 139|0x000000008a100000, 0x000000008a100000, 0x000000008a200000|  0%| F|  |TAMS 0x000000008a100000, 0x000000008a100000| Untracked 
| 140|0x000000008a200000, 0x000000008a200000, 0x000000008a300000|  0%| F|  |TAMS 0x000000008a200000, 0x000000008a200000| Untracked 
| 141|0x000000008a300000, 0x000000008a300000, 0x000000008a400000|  0%| F|  |TAMS 0x000000008a300000, 0x000000008a300000| Untracked 
| 142|0x000000008a400000, 0x000000008a400000, 0x000000008a500000|  0%| F|  |TAMS 0x000000008a400000, 0x000000008a400000| Untracked 
| 143|0x000000008a500000, 0x000000008a500000, 0x000000008a600000|  0%| F|  |TAMS 0x000000008a500000, 0x000000008a500000| Untracked 
| 144|0x000000008a600000, 0x000000008a600000, 0x000000008a700000|  0%| F|  |TAMS 0x000000008a600000, 0x000000008a600000| Untracked 
| 145|0x000000008a700000, 0x000000008a700000, 0x000000008a800000|  0%| F|  |TAMS 0x000000008a700000, 0x000000008a700000| Untracked 
| 146|0x000000008a800000, 0x000000008a800000, 0x000000008a900000|  0%| F|  |TAMS 0x000000008a800000, 0x000000008a800000| Untracked 
| 147|0x000000008a900000, 0x000000008a900000, 0x000000008aa00000|  0%| F|  |TAMS 0x000000008a900000, 0x000000008a900000| Untracked 
| 148|0x000000008aa00000, 0x000000008aa00000, 0x000000008ab00000|  0%| F|  |TAMS 0x000000008aa00000, 0x000000008aa00000| Untracked 
| 149|0x000000008ab00000, 0x000000008ab00000, 0x000000008ac00000|  0%| F|  |TAMS 0x000000008ab00000, 0x000000008ab00000| Untracked 
| 150|0x000000008ac00000, 0x000000008ac00000, 0x000000008ad00000|  0%| F|  |TAMS 0x000000008ac00000, 0x000000008ac00000| Untracked 
| 151|0x000000008ad00000, 0x000000008ad00000, 0x000000008ae00000|  0%| F|  |TAMS 0x000000008ad00000, 0x000000008ad00000| Untracked 
| 152|0x000000008ae00000, 0x000000008ae00000, 0x000000008af00000|  0%| F|  |TAMS 0x000000008ae00000, 0x000000008ae00000| Untracked 
| 153|0x000000008af00000, 0x000000008af00000, 0x000000008b000000|  0%| F|  |TAMS 0x000000008af00000, 0x000000008af00000| Untracked 
| 154|0x000000008b000000, 0x000000008b000000, 0x000000008b100000|  0%| F|  |TAMS 0x000000008b000000, 0x000000008b000000| Untracked 
| 155|0x000000008b100000, 0x000000008b100000, 0x000000008b200000|  0%| F|  |TAMS 0x000000008b100000, 0x000000008b100000| Untracked 
| 156|0x000000008b200000, 0x000000008b200000, 0x000000008b300000|  0%| F|  |TAMS 0x000000008b200000, 0x000000008b200000| Untracked 
| 157|0x000000008b300000, 0x000000008b300000, 0x000000008b400000|  0%| F|  |TAMS 0x000000008b300000, 0x000000008b300000| Untracked 
| 158|0x000000008b400000, 0x000000008b400000, 0x000000008b500000|  0%| F|  |TAMS 0x000000008b400000, 0x000000008b400000| Untracked 
| 159|0x000000008b500000, 0x000000008b500000, 0x000000008b600000|  0%| F|  |TAMS 0x000000008b500000, 0x000000008b500000| Untracked 
| 160|0x000000008b600000, 0x000000008b698e48, 0x000000008b700000| 59%| E|  |TAMS 0x000000008b600000, 0x000000008b600000| Complete 
| 161|0x000000008b700000, 0x000000008b800000, 0x000000008b800000|100%| E|CS|TAMS 0x000000008b700000, 0x000000008b700000| Complete 
| 162|0x000000008b800000, 0x000000008b900000, 0x000000008b900000|100%| E|CS|TAMS 0x000000008b800000, 0x000000008b800000| Complete 
| 163|0x000000008b900000, 0x000000008ba00000, 0x000000008ba00000|100%| E|CS|TAMS 0x000000008b900000, 0x000000008b900000| Complete 
| 164|0x000000008ba00000, 0x000000008bb00000, 0x000000008bb00000|100%| E|CS|TAMS 0x000000008ba00000, 0x000000008ba00000| Complete 
| 165|0x000000008bb00000, 0x000000008bc00000, 0x000000008bc00000|100%| E|CS|TAMS 0x000000008bb00000, 0x000000008bb00000| Complete 
| 166|0x000000008bc00000, 0x000000008bd00000, 0x000000008bd00000|100%| E|CS|TAMS 0x000000008bc00000, 0x000000008bc00000| Complete 
| 167|0x000000008bd00000, 0x000000008be00000, 0x000000008be00000|100%| E|CS|TAMS 0x000000008bd00000, 0x000000008bd00000| Complete 
| 168|0x000000008be00000, 0x000000008bf00000, 0x000000008bf00000|100%| E|CS|TAMS 0x000000008be00000, 0x000000008be00000| Complete 
| 169|0x000000008bf00000, 0x000000008c000000, 0x000000008c000000|100%| E|  |TAMS 0x000000008bf00000, 0x000000008bf00000| Complete 
| 170|0x000000008c000000, 0x000000008c100000, 0x000000008c100000|100%| E|CS|TAMS 0x000000008c000000, 0x000000008c000000| Complete 
| 171|0x000000008c100000, 0x000000008c200000, 0x000000008c200000|100%| E|CS|TAMS 0x000000008c100000, 0x000000008c100000| Complete 
| 172|0x000000008c200000, 0x000000008c300000, 0x000000008c300000|100%| E|CS|TAMS 0x000000008c200000, 0x000000008c200000| Complete 
| 173|0x000000008c300000, 0x000000008c400000, 0x000000008c400000|100%| E|CS|TAMS 0x000000008c300000, 0x000000008c300000| Complete 
| 174|0x000000008c400000, 0x000000008c500000, 0x000000008c500000|100%| E|CS|TAMS 0x000000008c400000, 0x000000008c400000| Complete 
| 175|0x000000008c500000, 0x000000008c600000, 0x000000008c600000|100%| E|CS|TAMS 0x000000008c500000, 0x000000008c500000| Complete 
| 176|0x000000008c600000, 0x000000008c700000, 0x000000008c700000|100%| E|CS|TAMS 0x000000008c600000, 0x000000008c600000| Complete 
| 177|0x000000008c700000, 0x000000008c800000, 0x000000008c800000|100%| E|CS|TAMS 0x000000008c700000, 0x000000008c700000| Complete 
| 178|0x000000008c800000, 0x000000008c900000, 0x000000008c900000|100%| E|CS|TAMS 0x000000008c800000, 0x000000008c800000| Complete 
| 179|0x000000008c900000, 0x000000008ca00000, 0x000000008ca00000|100%| E|CS|TAMS 0x000000008c900000, 0x000000008c900000| Complete 
| 180|0x000000008ca00000, 0x000000008cb00000, 0x000000008cb00000|100%| E|CS|TAMS 0x000000008ca00000, 0x000000008ca00000| Complete 
| 181|0x000000008cb00000, 0x000000008cc00000, 0x000000008cc00000|100%| E|CS|TAMS 0x000000008cb00000, 0x000000008cb00000| Complete 
| 182|0x000000008cc00000, 0x000000008cd00000, 0x000000008cd00000|100%| E|CS|TAMS 0x000000008cc00000, 0x000000008cc00000| Complete 
| 183|0x000000008cd00000, 0x000000008ce00000, 0x000000008ce00000|100%| E|CS|TAMS 0x000000008cd00000, 0x000000008cd00000| Complete 
| 184|0x000000008ce00000, 0x000000008cf00000, 0x000000008cf00000|100%| E|CS|TAMS 0x000000008ce00000, 0x000000008ce00000| Complete 
| 185|0x000000008cf00000, 0x000000008d000000, 0x000000008d000000|100%| E|CS|TAMS 0x000000008cf00000, 0x000000008cf00000| Complete 
| 186|0x000000008d000000, 0x000000008d100000, 0x000000008d100000|100%| E|CS|TAMS 0x000000008d000000, 0x000000008d000000| Complete 
| 187|0x000000008d100000, 0x000000008d200000, 0x000000008d200000|100%| E|CS|TAMS 0x000000008d100000, 0x000000008d100000| Complete 
| 188|0x000000008d200000, 0x000000008d300000, 0x000000008d300000|100%| E|CS|TAMS 0x000000008d200000, 0x000000008d200000| Complete 
| 189|0x000000008d300000, 0x000000008d400000, 0x000000008d400000|100%| E|CS|TAMS 0x000000008d300000, 0x000000008d300000| Complete 
| 190|0x000000008d400000, 0x000000008d500000, 0x000000008d500000|100%| E|CS|TAMS 0x000000008d400000, 0x000000008d400000| Complete 
| 191|0x000000008d500000, 0x000000008d600000, 0x000000008d600000|100%| E|CS|TAMS 0x000000008d500000, 0x000000008d500000| Complete 
| 192|0x000000008d600000, 0x000000008d700000, 0x000000008d700000|100%| E|CS|TAMS 0x000000008d600000, 0x000000008d600000| Complete 
| 193|0x000000008d700000, 0x000000008d800000, 0x000000008d800000|100%| E|CS|TAMS 0x000000008d700000, 0x000000008d700000| Complete 
| 194|0x000000008d800000, 0x000000008d900000, 0x000000008d900000|100%| E|CS|TAMS 0x000000008d800000, 0x000000008d800000| Complete 
| 195|0x000000008d900000, 0x000000008da00000, 0x000000008da00000|100%| E|CS|TAMS 0x000000008d900000, 0x000000008d900000| Complete 
| 196|0x000000008da00000, 0x000000008db00000, 0x000000008db00000|100%| E|CS|TAMS 0x000000008da00000, 0x000000008da00000| Complete 
| 197|0x000000008db00000, 0x000000008dc00000, 0x000000008dc00000|100%| E|CS|TAMS 0x000000008db00000, 0x000000008db00000| Complete 
| 198|0x000000008dc00000, 0x000000008dd00000, 0x000000008dd00000|100%| E|CS|TAMS 0x000000008dc00000, 0x000000008dc00000| Complete 
| 199|0x000000008dd00000, 0x000000008de00000, 0x000000008de00000|100%| E|CS|TAMS 0x000000008dd00000, 0x000000008dd00000| Complete 
| 200|0x000000008de00000, 0x000000008df00000, 0x000000008df00000|100%| E|CS|TAMS 0x000000008de00000, 0x000000008de00000| Complete 
| 201|0x000000008df00000, 0x000000008e000000, 0x000000008e000000|100%| E|CS|TAMS 0x000000008df00000, 0x000000008df00000| Complete 
| 202|0x000000008e000000, 0x000000008e100000, 0x000000008e100000|100%| E|CS|TAMS 0x000000008e000000, 0x000000008e000000| Complete 
| 203|0x000000008e100000, 0x000000008e200000, 0x000000008e200000|100%| E|CS|TAMS 0x000000008e100000, 0x000000008e100000| Complete 
| 204|0x000000008e200000, 0x000000008e300000, 0x000000008e300000|100%| E|CS|TAMS 0x000000008e200000, 0x000000008e200000| Complete 
| 205|0x000000008e300000, 0x000000008e400000, 0x000000008e400000|100%| E|CS|TAMS 0x000000008e300000, 0x000000008e300000| Complete 
| 206|0x000000008e400000, 0x000000008e500000, 0x000000008e500000|100%| E|CS|TAMS 0x000000008e400000, 0x000000008e400000| Complete 
| 207|0x000000008e500000, 0x000000008e600000, 0x000000008e600000|100%| E|CS|TAMS 0x000000008e500000, 0x000000008e500000| Complete 
| 208|0x000000008e600000, 0x000000008e700000, 0x000000008e700000|100%| E|CS|TAMS 0x000000008e600000, 0x000000008e600000| Complete 
| 209|0x000000008e700000, 0x000000008e800000, 0x000000008e800000|100%| E|CS|TAMS 0x000000008e700000, 0x000000008e700000| Complete 
| 210|0x000000008e800000, 0x000000008e900000, 0x000000008e900000|100%| E|CS|TAMS 0x000000008e800000, 0x000000008e800000| Complete 
| 211|0x000000008e900000, 0x000000008ea00000, 0x000000008ea00000|100%| E|CS|TAMS 0x000000008e900000, 0x000000008e900000| Complete 
| 212|0x000000008ea00000, 0x000000008eb00000, 0x000000008eb00000|100%| E|CS|TAMS 0x000000008ea00000, 0x000000008ea00000| Complete 
| 213|0x000000008eb00000, 0x000000008ec00000, 0x000000008ec00000|100%| E|CS|TAMS 0x000000008eb00000, 0x000000008eb00000| Complete 
| 214|0x000000008ec00000, 0x000000008ed00000, 0x000000008ed00000|100%| E|CS|TAMS 0x000000008ec00000, 0x000000008ec00000| Complete 
| 215|0x000000008ed00000, 0x000000008ee00000, 0x000000008ee00000|100%| E|CS|TAMS 0x000000008ed00000, 0x000000008ed00000| Complete 
| 216|0x000000008ee00000, 0x000000008ef00000, 0x000000008ef00000|100%| E|CS|TAMS 0x000000008ee00000, 0x000000008ee00000| Complete 
| 217|0x000000008ef00000, 0x000000008f000000, 0x000000008f000000|100%| E|CS|TAMS 0x000000008ef00000, 0x000000008ef00000| Complete 
| 218|0x000000008f000000, 0x000000008f100000, 0x000000008f100000|100%| E|CS|TAMS 0x000000008f000000, 0x000000008f000000| Complete 
| 219|0x000000008f100000, 0x000000008f200000, 0x000000008f200000|100%| E|CS|TAMS 0x000000008f100000, 0x000000008f100000| Complete 
| 220|0x000000008f200000, 0x000000008f300000, 0x000000008f300000|100%| E|CS|TAMS 0x000000008f200000, 0x000000008f200000| Complete 
| 221|0x000000008f300000, 0x000000008f400000, 0x000000008f400000|100%| E|CS|TAMS 0x000000008f300000, 0x000000008f300000| Complete 

Card table byte_map: [0x0000021a21720000,0x0000021a21b20000] _byte_map_base: 0x0000021a21315000

Marking Bits (Prev, Next): (CMBitMap*) 0x0000021a0df6ee80, (CMBitMap*) 0x0000021a0df6ee48
 Prev Bits: [0x0000021a23ed0000, 0x0000021a25e78000)
 Next Bits: [0x0000021a21f20000, 0x0000021a23ec8000)

Polling page: 0x0000021a0bf20000

Metaspace:

Usage:
  Non-class:     66.27 MB capacity,    65.03 MB ( 98%) used,  1002.45 KB (  1%) free+waste,   268.94 KB ( <1%) overhead. 
      Class:     10.53 MB capacity,     9.67 MB ( 92%) used,   760.67 KB (  7%) free+waste,   126.00 KB (  1%) overhead. 
       Both:     76.81 MB capacity,    74.70 MB ( 97%) used,     1.72 MB (  2%) free+waste,   394.94 KB ( <1%) overhead. 

Virtual space:
  Non-class space:       68.00 MB reserved,      66.46 MB ( 98%) committed 
      Class space:        1.00 GB reserved,      10.57 MB (  1%) committed 
             Both:        1.07 GB reserved,      77.03 MB (  7%) committed 

Chunk freelists:
   Non-Class:  60.00 KB
       Class:  0 bytes
        Both:  60.00 KB

MaxMetaspaceSize: 17179869184.00 GB
CompressedClassSpaceSize: 1.00 GB

CodeHeap 'non-profiled nmethods': size=120000Kb used=4785Kb max_used=4829Kb free=115215Kb
 bounds [0x0000021a19ac0000, 0x0000021a19f80000, 0x0000021a20ff0000]
CodeHeap 'profiled nmethods': size=120000Kb used=16855Kb max_used=16855Kb free=103144Kb
 bounds [0x0000021a12590000, 0x0000021a13620000, 0x0000021a19ac0000]
CodeHeap 'non-nmethods': size=5760Kb used=1314Kb max_used=1360Kb free=4445Kb
 bounds [0x0000021a11ff0000, 0x0000021a12260000, 0x0000021a12590000]
 total_blobs=11746 nmethods=7317 adapters=608
 compilation: enabled
              stopped_count=0, restarted_count=0
 full_count=0

Compilation events (20 events):
Event: 18249.557 Thread 0x0000021a288d4800 nmethod 8568 0x0000021a13614810 code [0x0000021a13614a20, 0x0000021a13614f20]
Event: 18249.557 Thread 0x0000021a288d4800 8564       3       sun.security.ssl.SSLTrafficKeyDerivation$KeySchedule::getKeyLength (40 bytes)
Event: 18249.558 Thread 0x0000021a288d4800 nmethod 8564 0x0000021a13615110 code [0x0000021a136152e0, 0x0000021a13615538]
Event: 18249.558 Thread 0x0000021a288d4800 8567       3       com.mysql.cj.protocol.a.NativePacketPayload::<init> (38 bytes)
Event: 18249.559 Thread 0x0000021a288d4800 nmethod 8567 0x0000021a13615690 code [0x0000021a13615860, 0x0000021a13615d58]
Event: 18256.122 Thread 0x0000021a288d4800 8570       3       java.lang.Thread::checkAccess (14 bytes)
Event: 18256.123 Thread 0x0000021a288d4800 nmethod 8570 0x0000021a13615e90 code [0x0000021a13616080, 0x0000021a13616530]
Event: 18256.126 Thread 0x0000021a288d4800 8571       3       java.security.AccessControlContext::combine (205 bytes)
Event: 18256.127 Thread 0x0000021a288d4800 nmethod 8571 0x0000021a13616690 code [0x0000021a136168c0, 0x0000021a13617480]
Event: 18256.127 Thread 0x0000021a288c9800 8572       4       sun.security.util.AlgorithmDecomposer::decompose (336 bytes)
Event: 18256.143 Thread 0x0000021a288d4800 8574       3       sun.security.ssl.SSLExtension::values (10 bytes)
Event: 18256.143 Thread 0x0000021a288d4800 nmethod 8574 0x0000021a13617790 code [0x0000021a13617960, 0x0000021a13617c70]
Event: 18256.143 Thread 0x0000021a288d4800 8575       3       sun.security.jca.ProviderList$ServiceList$1::hasNext (20 bytes)
Event: 18256.144 Thread 0x0000021a288d4800 nmethod 8575 0x0000021a13617d10 code [0x0000021a13617ee0, 0x0000021a13618110]
Event: 18256.144 Thread 0x0000021a288d4800 8576       3       java.net.Socket::isConnected (20 bytes)
Event: 18256.144 Thread 0x0000021a288d4800 nmethod 8576 0x0000021a13618210 code [0x0000021a136183c0, 0x0000021a136185d8]
Event: 18256.146 Thread 0x0000021a288d4800 8577       3       sun.security.ssl.TransportContext::dispatch (323 bytes)
Event: 18256.150 Thread 0x0000021a288d4800 nmethod 8577 0x0000021a13618690 code [0x0000021a13618be0, 0x0000021a1361b2b0]
Event: 18256.150 Thread 0x0000021a288d4800 8578       3       com.mysql.cj.protocol.a.NativeServerSession::getServerVariable (14 bytes)
Event: 18256.150 Thread 0x0000021a288d4800 nmethod 8578 0x0000021a1361bf90 code [0x0000021a1361c160, 0x0000021a1361c4b0]

GC Heap History (20 events):
Event: 7.403 GC heap before
{Heap before GC invocations=8 (full 0):
 garbage-first heap   total 157696K, used 104123K [0x0000000081600000, 0x0000000100000000)
  region size 1024K, 92 young (94208K), 9 survivors (9216K)
 Metaspace       used 28618K, capacity 29728K, committed 29948K, reserved 1075200K
  class space    used 3575K, capacity 4007K, committed 4092K, reserved 1048576K
}
Event: 7.417 GC heap after
{Heap after GC invocations=9 (full 0):
 garbage-first heap   total 157696K, used 20728K [0x0000000081600000, 0x0000000100000000)
  region size 1024K, 7 young (7168K), 7 survivors (7168K)
 Metaspace       used 28618K, capacity 29728K, committed 29948K, reserved 1075200K
  class space    used 3575K, capacity 4007K, committed 4092K, reserved 1048576K
}
Event: 8.463 GC heap before
{Heap before GC invocations=9 (full 0):
 garbage-first heap   total 157696K, used 62712K [0x0000000081600000, 0x0000000100000000)
  region size 1024K, 49 young (50176K), 7 survivors (7168K)
 Metaspace       used 34756K, capacity 35956K, committed 36048K, reserved 1081344K
  class space    used 4323K, capacity 4826K, committed 4860K, reserved 1048576K
}
Event: 8.476 GC heap after
{Heap after GC invocations=10 (full 0):
 garbage-first heap   total 157696K, used 24066K [0x0000000081600000, 0x0000000100000000)
  region size 1024K, 9 young (9216K), 9 survivors (9216K)
 Metaspace       used 34756K, capacity 35956K, committed 36048K, reserved 1081344K
  class space    used 4323K, capacity 4826K, committed 4860K, reserved 1048576K
}
Event: 10.469 GC heap before
{Heap before GC invocations=11 (full 0):
 garbage-first heap   total 157696K, used 109058K [0x0000000081600000, 0x0000000100000000)
  region size 1024K, 92 young (94208K), 9 survivors (9216K)
 Metaspace       used 49121K, capacity 50510K, committed 50844K, reserved 1093632K
  class space    used 6472K, capacity 7022K, committed 7112K, reserved 1048576K
}
Event: 10.502 GC heap after
{Heap after GC invocations=12 (full 0):
 garbage-first heap   total 189440K, used 29620K [0x0000000081600000, 0x0000000100000000)
  region size 1024K, 10 young (10240K), 10 survivors (10240K)
 Metaspace       used 49121K, capacity 50510K, committed 50844K, reserved 1093632K
  class space    used 6472K, capacity 7022K, committed 7112K, reserved 1048576K
}
Event: 12.953 GC heap before
{Heap before GC invocations=13 (full 0):
 garbage-first heap   total 189440K, used 127924K [0x0000000081600000, 0x0000000100000000)
  region size 1024K, 106 young (108544K), 10 survivors (10240K)
 Metaspace       used 61531K, capacity 63260K, committed 63388K, reserved 1103872K
  class space    used 8136K, capacity 8824K, committed 8904K, reserved 1048576K
}
Event: 12.970 GC heap after
{Heap after GC invocations=14 (full 0):
 garbage-first heap   total 189440K, used 34742K [0x0000000081600000, 0x0000000100000000)
  region size 1024K, 11 young (11264K), 11 survivors (11264K)
 Metaspace       used 61531K, capacity 63260K, committed 63388K, reserved 1103872K
  class space    used 8136K, capacity 8824K, committed 8904K, reserved 1048576K
}
Event: 14.632 GC heap before
{Heap before GC invocations=14 (full 0):
 garbage-first heap   total 189440K, used 138166K [0x0000000081600000, 0x0000000100000000)
  region size 1024K, 111 young (113664K), 11 survivors (11264K)
 Metaspace       used 66840K, capacity 68788K, committed 69020K, reserved 1107968K
  class space    used 8805K, capacity 9581K, committed 9672K, reserved 1048576K
}
Event: 14.655 GC heap after
{Heap after GC invocations=15 (full 0):
 garbage-first heap   total 189440K, used 44965K [0x0000000081600000, 0x0000000100000000)
  region size 1024K, 14 young (14336K), 14 survivors (14336K)
 Metaspace       used 66840K, capacity 68788K, committed 69020K, reserved 1107968K
  class space    used 8805K, capacity 9581K, committed 9672K, reserved 1048576K
}
Event: 15.081 GC heap before
{Heap before GC invocations=15 (full 0):
 garbage-first heap   total 189440K, used 143269K [0x0000000081600000, 0x0000000100000000)
  region size 1024K, 110 young (112640K), 14 survivors (14336K)
 Metaspace       used 67090K, capacity 69021K, committed 69276K, reserved 1110016K
  class space    used 8818K, capacity 9616K, committed 9672K, reserved 1048576K
}
Event: 15.105 GC heap after
{Heap after GC invocations=16 (full 0):
 garbage-first heap   total 189440K, used 48658K [0x0000000081600000, 0x0000000100000000)
  region size 1024K, 10 young (10240K), 10 survivors (10240K)
 Metaspace       used 67090K, capacity 69021K, committed 69276K, reserved 1110016K
  class space    used 8818K, capacity 9616K, committed 9672K, reserved 1048576K
}
Event: 50.070 GC heap before
{Heap before GC invocations=16 (full 0):
 garbage-first heap   total 189440K, used 142866K [0x0000000081600000, 0x0000000100000000)
  region size 1024K, 102 young (104448K), 10 survivors (10240K)
 Metaspace       used 74570K, capacity 76702K, committed 76828K, reserved 1116160K
  class space    used 9715K, capacity 10548K, committed 10568K, reserved 1048576K
}
Event: 50.084 GC heap after
{Heap after GC invocations=17 (full 0):
 garbage-first heap   total 227328K, used 44533K [0x0000000081600000, 0x0000000100000000)
  region size 1024K, 5 young (5120K), 5 survivors (5120K)
 Metaspace       used 74570K, capacity 76702K, committed 76828K, reserved 1116160K
  class space    used 9715K, capacity 10548K, committed 10568K, reserved 1048576K
}
Event: 16706.967 GC heap before
{Heap before GC invocations=17 (full 0):
 garbage-first heap   total 227328K, used 160245K [0x0000000081600000, 0x0000000100000000)
  region size 1024K, 119 young (121856K), 5 survivors (5120K)
 Metaspace       used 76416K, capacity 78650K, committed 78876K, reserved 1118208K
  class space    used 9899K, capacity 10786K, committed 10824K, reserved 1048576K
}
Event: 16706.975 GC heap after
{Heap after GC invocations=18 (full 0):
 garbage-first heap   total 227328K, used 48023K [0x0000000081600000, 0x0000000100000000)
  region size 1024K, 9 young (9216K), 9 survivors (9216K)
 Metaspace       used 76416K, capacity 78650K, committed 78876K, reserved 1118208K
  class space    used 9899K, capacity 10786K, committed 10824K, reserved 1048576K
}
Event: 17322.820 GC heap before
{Heap before GC invocations=18 (full 0):
 garbage-first heap   total 227328K, used 167831K [0x0000000081600000, 0x0000000100000000)
  region size 1024K, 126 young (129024K), 9 survivors (9216K)
 Metaspace       used 76435K, capacity 78650K, committed 78876K, reserved 1118208K
  class space    used 9899K, capacity 10786K, committed 10824K, reserved 1048576K
}
Event: 17322.826 GC heap after
{Heap after GC invocations=19 (full 0):
 garbage-first heap   total 227328K, used 47767K [0x0000000081600000, 0x0000000100000000)
  region size 1024K, 9 young (9216K), 9 survivors (9216K)
 Metaspace       used 76435K, capacity 78650K, committed 78876K, reserved 1118208K
  class space    used 9899K, capacity 10786K, committed 10824K, reserved 1048576K
}
Event: 17968.380 GC heap before
{Heap before GC invocations=19 (full 0):
 garbage-first heap   total 227328K, used 172695K [0x0000000081600000, 0x0000000100000000)
  region size 1024K, 131 young (134144K), 9 survivors (9216K)
 Metaspace       used 76437K, capacity 78650K, committed 78876K, reserved 1118208K
  class space    used 9899K, capacity 10786K, committed 10824K, reserved 1048576K
}
Event: 17968.388 GC heap after
{Heap after GC invocations=20 (full 0):
 garbage-first heap   total 227328K, used 47395K [0x0000000081600000, 0x0000000100000000)
  region size 1024K, 8 young (8192K), 8 survivors (8192K)
 Metaspace       used 76437K, capacity 78650K, committed 78876K, reserved 1118208K
  class space    used 9899K, capacity 10786K, committed 10824K, reserved 1048576K
}

Deoptimization events (20 events):
Event: 16475.501 Thread 0x0000021a2c1a1800 DEOPT PACKING pc=0x0000021a1300303b sp=0x00000033a27fdcf0
Event: 16475.501 Thread 0x0000021a2c1a1800 DEOPT UNPACKING pc=0x0000021a1201904e sp=0x00000033a27fd148 mode 0
Event: 16475.585 Thread 0x0000021a2c1a1800 DEOPT PACKING pc=0x0000021a12fd4cb8 sp=0x00000033a27fdef0
Event: 16475.585 Thread 0x0000021a2c1a1800 DEOPT UNPACKING pc=0x0000021a1201904e sp=0x00000033a27fd370 mode 0
Event: 16590.589 Thread 0x0000021a2ea8e800 Uncommon trap: trap_request=0xffffff4d fr.pc=0x0000021a19e319d0 relative=0x0000000000003590
Event: 16590.589 Thread 0x0000021a2ea8e800 Uncommon trap: reason=unstable_if action=reinterpret pc=0x0000021a19e319d0 method=java.util.concurrent.ScheduledThreadPoolExecutor$ScheduledFutureTask.compareTo(Ljava/util/concurrent/Delayed;)I @ 40 c2
Event: 16590.589 Thread 0x0000021a2ea8e800 DEOPT PACKING pc=0x0000021a19e319d0 sp=0x00000033a48fed70
Event: 16590.589 Thread 0x0000021a2ea8e800 DEOPT UNPACKING pc=0x0000021a1201922f sp=0x00000033a48feb80 mode 2
Event: 16649.587 Thread 0x0000021a2ea8e800 Uncommon trap: trap_request=0xffffff4d fr.pc=0x0000021a19dba304 relative=0x00000000000006a4
Event: 16649.587 Thread 0x0000021a2ea8e800 Uncommon trap: reason=unstable_if action=reinterpret pc=0x0000021a19dba304 method=java.util.concurrent.ScheduledThreadPoolExecutor$ScheduledFutureTask.compareTo(Ljava/util/concurrent/Delayed;)I @ 40 c2
Event: 16649.587 Thread 0x0000021a2ea8e800 DEOPT PACKING pc=0x0000021a19dba304 sp=0x00000033a48fecb0
Event: 16649.587 Thread 0x0000021a2ea8e800 DEOPT UNPACKING pc=0x0000021a1201922f sp=0x00000033a48feb80 mode 2
Event: 18051.528 Thread 0x0000021a2ea8e800 Uncommon trap: trap_request=0xffffff4d fr.pc=0x0000021a19ed3a88 relative=0x0000000000003608
Event: 18051.528 Thread 0x0000021a2ea8e800 Uncommon trap: reason=unstable_if action=reinterpret pc=0x0000021a19ed3a88 method=java.util.concurrent.locks.AbstractQueuedSynchronizer$ConditionObject.awaitNanos(J)J @ 79 c2
Event: 18051.528 Thread 0x0000021a2ea8e800 DEOPT PACKING pc=0x0000021a19ed3a88 sp=0x00000033a48feda0
Event: 18051.528 Thread 0x0000021a2ea8e800 DEOPT UNPACKING pc=0x0000021a1201922f sp=0x00000033a48fec98 mode 2
Event: 18234.580 Thread 0x0000021a2c19c800 Uncommon trap: trap_request=0xffffffcc fr.pc=0x0000021a19ee2414 relative=0x00000000000061b4
Event: 18234.580 Thread 0x0000021a2c19c800 Uncommon trap: reason=intrinsic_or_type_checked_inlining action=make_not_entrant pc=0x0000021a19ee2414 method=java.util.ArrayList$SubList.toArray([Ljava/lang/Object;)[Ljava/lang/Object; @ 58 c2
Event: 18234.580 Thread 0x0000021a2c19c800 DEOPT PACKING pc=0x0000021a19ee2414 sp=0x00000033a27fde20
Event: 18234.580 Thread 0x0000021a2c19c800 DEOPT UNPACKING pc=0x0000021a1201922f sp=0x00000033a27fdc88 mode 2

Classes redefined (0 events):
No events

Internal exceptions (20 events):
Event: 51.614 Thread 0x0000021a2c198800 Implicit null exception at 0x0000021a19ae6a04 to 0x0000021a19ae6ef6
Event: 51.630 Thread 0x0000021a2c198800 Exception <a 'java/lang/NoSuchMethodError'{0x000000008efee358}: 'java.lang.Object java.lang.invoke.DirectMethodHandle$Holder.invokeSpecial(java.lang.Object, java.lang.Object, int, int, int, java.lang.Object, java.lang.Object, java.lang.Object, java.lang.O
Event: 51.630 Thread 0x0000021a2c198800 Exception <a 'java/lang/NoSuchMethodError'{0x000000008eff2060}: 'java.lang.Object java.lang.invoke.DelegatingMethodHandle$Holder.reinvoke_L(java.lang.Object, int, int, int, java.lang.Object, java.lang.Object, java.lang.Object, java.lang.Object)'> (0x00000
Event: 51.638 Thread 0x0000021a2c198800 Exception <a 'java/lang/NoSuchMethodError'{0x000000008ee32938}: 'java.lang.Object java.lang.invoke.DirectMethodHandle$Holder.invokeStatic(java.lang.Object, java.lang.Object, java.lang.Object, java.lang.Object, java.lang.Object, java.lang.Object, java.lang
Event: 54.490 Thread 0x0000021a2c1a0000 Exception <a 'java/lang/ClassNotFoundException'{0x000000008ebdc3e8}: java/lang/ObjectCustomizer> (0x000000008ebdc3e8) thrown at [c:/BuildAgent/work/5ff2f6c26000d570/src/hotspot/share/classfile/systemDictionary.cpp, line 231]
Event: 54.492 Thread 0x0000021a2c1a0000 Exception <a 'java/lang/ClassNotFoundException'{0x000000008ea03fd8}: com/smartedulanka/finalyearproject/datalayer/entity/RatingsCustomizer> (0x000000008ea03fd8) thrown at [c:/BuildAgent/work/5ff2f6c26000d570/src/hotspot/share/classfile/systemDictionary.cp
Event: 58.155 Thread 0x0000021a2e26a000 Implicit null exception at 0x0000021a19bc7293 to 0x0000021a19bc7726
Event: 16470.588 Thread 0x0000021a2ea8e800 Implicit null exception at 0x0000021a19dcf3d6 to 0x0000021a19dcf652
Event: 16471.605 Thread 0x0000021a2ea8e800 Implicit null exception at 0x0000021a19dcf3d6 to 0x0000021a19dcf652
Event: 16472.596 Thread 0x0000021a2d3d0000 Implicit null exception at 0x0000021a19dcf3d6 to 0x0000021a19dcf652
Event: 16473.587 Thread 0x0000021a2d3d0000 Implicit null exception at 0x0000021a19dcf3d6 to 0x0000021a19dcf652
Event: 16474.593 Thread 0x0000021a2d3d0000 Implicit null exception at 0x0000021a19de11c3 to 0x0000021a19de13e2
Event: 16475.382 Thread 0x0000021a2c19b000 Exception <a 'java/net/SocketException'{0x000000008b92e138}: Software caused connection abort: socket write error> (0x000000008b92e138) thrown at [c:/BuildAgent/work/5ff2f6c26000d570/src/hotspot/share/prims/jni.cpp, line 636]
Event: 16475.383 Thread 0x0000021a2c19b000 Exception <a 'java/net/SocketException'{0x000000008b92fa00}: Software caused connection abort: socket write error> (0x000000008b92fa00) thrown at [c:/BuildAgent/work/5ff2f6c26000d570/src/hotspot/share/prims/jni.cpp, line 636]
Event: 16475.384 Thread 0x0000021a2c19b000 Exception <a 'java/net/SocketException'{0x000000008b9312c8}: Software caused connection abort: socket write error> (0x000000008b9312c8) thrown at [c:/BuildAgent/work/5ff2f6c26000d570/src/hotspot/share/prims/jni.cpp, line 636]
Event: 16475.386 Thread 0x0000021a2c19b000 Exception <a 'java/net/SocketException'{0x000000008b932b90}: Software caused connection abort: socket write error> (0x000000008b932b90) thrown at [c:/BuildAgent/work/5ff2f6c26000d570/src/hotspot/share/prims/jni.cpp, line 636]
Event: 16475.388 Thread 0x0000021a2c19b000 Exception <a 'java/net/SocketException'{0x000000008b934458}: Software caused connection abort: socket write error> (0x000000008b934458) thrown at [c:/BuildAgent/work/5ff2f6c26000d570/src/hotspot/share/prims/jni.cpp, line 636]
Event: 16475.390 Thread 0x0000021a2c19b000 Exception <a 'java/net/SocketException'{0x000000008b935d20}: Software caused connection abort: socket write error> (0x000000008b935d20) thrown at [c:/BuildAgent/work/5ff2f6c26000d570/src/hotspot/share/prims/jni.cpp, line 636]
Event: 16475.394 Thread 0x0000021a2c19b000 Exception <a 'java/net/SocketException'{0x000000008b9375e8}: Software caused connection abort: socket write error> (0x000000008b9375e8) thrown at [c:/BuildAgent/work/5ff2f6c26000d570/src/hotspot/share/prims/jni.cpp, line 636]
Event: 16475.396 Thread 0x0000021a2c19b000 Exception <a 'java/net/SocketException'{0x000000008b938eb0}: Software caused connection abort: socket write error> (0x000000008b938eb0) thrown at [c:/BuildAgent/work/5ff2f6c26000d570/src/hotspot/share/prims/jni.cpp, line 636]

Events (20 events):
Event: 18249.523 Executing VM operation: RevokeBias
Event: 18249.523 Executing VM operation: RevokeBias done
Event: 18254.539 Thread 0x0000021a2c19b000 Thread exited: 0x0000021a2c19b000
Event: 18254.555 Thread 0x0000021a2c1a1800 Thread exited: 0x0000021a2c1a1800
Event: 18256.122 Thread 0x0000021a2c19c800 Thread added: 0x0000021a2c19c800
Event: 18256.123 Executing VM operation: RevokeBias
Event: 18256.123 Thread 0x0000021a2c19b000 Thread added: 0x0000021a2c19b000
Event: 18256.123 Executing VM operation: RevokeBias done
Event: 18256.123 Executing VM operation: RevokeBias
Event: 18256.124 Executing VM operation: RevokeBias done
Event: 18256.124 Executing VM operation: RevokeBias
Event: 18256.124 Executing VM operation: RevokeBias done
Event: 18256.124 Executing VM operation: RevokeBias
Event: 18256.124 Executing VM operation: RevokeBias done
Event: 18256.124 Executing VM operation: RevokeBias
Event: 18256.124 Executing VM operation: RevokeBias done
Event: 18256.125 Executing VM operation: RevokeBias
Event: 18256.125 Executing VM operation: RevokeBias done
Event: 18256.125 Executing VM operation: RevokeBias
Event: 18256.125 Executing VM operation: RevokeBias done


Dynamic libraries:
0x00007ff7065e0000 - 0x00007ff7065ea000 	C:\Program Files\JetBrains\IntelliJ IDEA Community Edition 2019.3.4\jbr\bin\java.exe
0x00007ffc0f080000 - 0x00007ffc0f289000 	C:\WINDOWS\SYSTEM32\ntdll.dll
0x00007ffc0d1f0000 - 0x00007ffc0d2ad000 	C:\WINDOWS\System32\KERNEL32.DLL
0x00007ffc0ca80000 - 0x00007ffc0cdf4000 	C:\WINDOWS\System32\KERNELBASE.dll
0x00007ffc0ce00000 - 0x00007ffc0cf11000 	C:\WINDOWS\System32\ucrtbase.dll
0x00007ffc09a20000 - 0x00007ffc09a37000 	C:\Program Files\JetBrains\IntelliJ IDEA Community Edition 2019.3.4\jbr\bin\VCRUNTIME140.dll
0x00007ffc09a00000 - 0x00007ffc09a19000 	C:\Program Files\JetBrains\IntelliJ IDEA Community Edition 2019.3.4\jbr\bin\jli.dll
0x00007ffc0ee90000 - 0x00007ffc0f03c000 	C:\WINDOWS\System32\USER32.dll
0x00007ffbf60a0000 - 0x00007ffbf6345000 	C:\WINDOWS\WinSxS\amd64_microsoft.windows.common-controls_6595b64144ccf1df_6.0.22000.120_none_9d947278b86cc467\COMCTL32.dll
0x00007ffc0c9b0000 - 0x00007ffc0c9d6000 	C:\WINDOWS\System32\win32u.dll
0x00007ffc0d8e0000 - 0x00007ffc0d983000 	C:\WINDOWS\System32\msvcrt.dll
0x00007ffc0d1c0000 - 0x00007ffc0d1e9000 	C:\WINDOWS\System32\GDI32.dll
0x00007ffc0c5e0000 - 0x00007ffc0c6f2000 	C:\WINDOWS\System32\gdi32full.dll
0x00007ffc0c9e0000 - 0x00007ffc0ca7d000 	C:\WINDOWS\System32\msvcp_win.dll
0x00007ffc0e950000 - 0x00007ffc0e981000 	C:\WINDOWS\System32\IMM32.DLL
0x00007ffbfbf30000 - 0x00007ffbfbfcd000 	C:\Program Files\JetBrains\IntelliJ IDEA Community Edition 2019.3.4\jbr\bin\msvcp140.dll
0x00007ffbb5ea0000 - 0x00007ffbb695d000 	C:\Program Files\JetBrains\IntelliJ IDEA Community Edition 2019.3.4\jbr\bin\server\jvm.dll
0x00007ffc0d510000 - 0x00007ffc0d5be000 	C:\WINDOWS\System32\ADVAPI32.dll
0x00007ffc0d2b0000 - 0x00007ffc0d34e000 	C:\WINDOWS\System32\sechost.dll
0x00007ffc0e990000 - 0x00007ffc0eab0000 	C:\WINDOWS\System32\RPCRT4.dll
0x00007ffc0d700000 - 0x00007ffc0d708000 	C:\WINDOWS\System32\PSAPI.DLL
0x00007ffbe76b0000 - 0x00007ffbe76b9000 	C:\WINDOWS\SYSTEM32\WSOCK32.dll
0x00007ffc08d80000 - 0x00007ffc08d8a000 	C:\WINDOWS\SYSTEM32\VERSION.dll
0x00007ffc07960000 - 0x00007ffc07993000 	C:\WINDOWS\SYSTEM32\WINMM.dll
0x00007ffc0d0a0000 - 0x00007ffc0d10f000 	C:\WINDOWS\System32\WS2_32.dll
0x00007ffc0b760000 - 0x00007ffc0b778000 	C:\WINDOWS\SYSTEM32\kernel.appcore.dll
0x00007ffbc6190000 - 0x00007ffbc61a1000 	C:\Program Files\JetBrains\IntelliJ IDEA Community Edition 2019.3.4\jbr\bin\verify.dll
0x00007ffc04860000 - 0x00007ffc04a81000 	C:\WINDOWS\SYSTEM32\DBGHELP.DLL
0x00007ffc047d0000 - 0x00007ffc04801000 	C:\WINDOWS\SYSTEM32\dbgcore.DLL
0x00007ffc0c870000 - 0x00007ffc0c8ef000 	C:\WINDOWS\System32\bcryptPrimitives.dll
0x00007ffbc6030000 - 0x00007ffbc6059000 	C:\Program Files\JetBrains\IntelliJ IDEA Community Edition 2019.3.4\jbr\bin\java.dll
0x00007ffc099f0000 - 0x00007ffc099ff000 	C:\Program Files\JetBrains\IntelliJ IDEA Community Edition 2019.3.4\jbr\bin\instrument.dll
0x00007ffbc3700000 - 0x00007ffbc3718000 	C:\Program Files\JetBrains\IntelliJ IDEA Community Edition 2019.3.4\jbr\bin\zip.dll
0x00007ffbe4950000 - 0x00007ffbe495b000 	C:\Program Files\JetBrains\IntelliJ IDEA Community Edition 2019.3.4\jbr\bin\jimage.dll
0x00007ffc0dc70000 - 0x00007ffc0e41e000 	C:\WINDOWS\System32\SHELL32.dll
0x00007ffc0a6f0000 - 0x00007ffc0af57000 	C:\WINDOWS\SYSTEM32\windows.storage.dll
0x00007ffc0eb10000 - 0x00007ffc0ee88000 	C:\WINDOWS\System32\combase.dll
0x00007ffc0a580000 - 0x00007ffc0a6e6000 	C:\WINDOWS\SYSTEM32\wintypes.dll
0x00007ffc0d710000 - 0x00007ffc0d7fa000 	C:\WINDOWS\System32\SHCORE.dll
0x00007ffc0d880000 - 0x00007ffc0d8dd000 	C:\WINDOWS\System32\shlwapi.dll
0x00007ffc0c4a0000 - 0x00007ffc0c4c1000 	C:\WINDOWS\SYSTEM32\profapi.dll
0x00007ffbc2130000 - 0x00007ffbc214a000 	C:\Program Files\JetBrains\IntelliJ IDEA Community Edition 2019.3.4\jbr\bin\net.dll
0x00007ffc07850000 - 0x00007ffc0795c000 	C:\WINDOWS\SYSTEM32\WINHTTP.dll
0x00007ffc0bb90000 - 0x00007ffc0bbf7000 	C:\WINDOWS\system32\mswsock.dll
0x00007ffbc2110000 - 0x00007ffbc2124000 	C:\Program Files\JetBrains\IntelliJ IDEA Community Edition 2019.3.4\jbr\bin\nio.dll
0x00007ffc099d0000 - 0x00007ffc099ea000 	C:\Program Files\JetBrains\IntelliJ IDEA Community Edition 2019.3.4\bin\breakgen64.dll
0x00007ffbe4170000 - 0x00007ffbe417a000 	C:\Program Files\JetBrains\IntelliJ IDEA Community Edition 2019.3.4\jbr\bin\management.dll
0x00007ffbdfbf0000 - 0x00007ffbdfbfc000 	C:\Program Files\JetBrains\IntelliJ IDEA Community Edition 2019.3.4\jbr\bin\management_ext.dll
0x00007ffbf6de0000 - 0x00007ffbf6df7000 	C:\WINDOWS\system32\napinsp.dll
0x00007ffbf6dc0000 - 0x00007ffbf6ddb000 	C:\WINDOWS\system32\pnrpnsp.dll
0x00007ffc0b2c0000 - 0x00007ffc0b3a7000 	C:\WINDOWS\SYSTEM32\DNSAPI.dll
0x00007ffc0b290000 - 0x00007ffc0b2bd000 	C:\WINDOWS\SYSTEM32\IPHLPAPI.DLL
0x00007ffc0dc60000 - 0x00007ffc0dc69000 	C:\WINDOWS\System32\NSI.dll
0x00007ffbf6c00000 - 0x00007ffbf6c12000 	C:\WINDOWS\System32\winrnr.dll
0x00007ffbf6be0000 - 0x00007ffbf6bf5000 	C:\WINDOWS\system32\wshbth.dll
0x00007ffbf6bc0000 - 0x00007ffbf6bdf000 	C:\WINDOWS\system32\nlansp_c.dll
0x00007ffc05f70000 - 0x00007ffc05f7a000 	C:\Windows\System32\rasadhlp.dll
0x00007ffc06680000 - 0x00007ffc06701000 	C:\WINDOWS\System32\fwpuclnt.dll
0x00007ffc0bde0000 - 0x00007ffc0bdf8000 	C:\WINDOWS\SYSTEM32\CRYPTSP.dll
0x00007ffc0b6c0000 - 0x00007ffc0b6f5000 	C:\WINDOWS\system32\rsaenh.dll
0x00007ffc0bc80000 - 0x00007ffc0bca9000 	C:\WINDOWS\SYSTEM32\USERENV.dll
0x00007ffc0bf50000 - 0x00007ffc0bf77000 	C:\WINDOWS\SYSTEM32\bcrypt.dll
0x00007ffc0bdd0000 - 0x00007ffc0bddc000 	C:\WINDOWS\SYSTEM32\CRYPTBASE.dll
0x00007ffc07720000 - 0x00007ffc07739000 	C:\WINDOWS\SYSTEM32\dhcpcsvc6.DLL
0x00007ffc08000000 - 0x00007ffc0801e000 	C:\WINDOWS\SYSTEM32\dhcpcsvc.DLL
0x00007ffbf6b50000 - 0x00007ffbf6b78000 	C:\Program Files\JetBrains\IntelliJ IDEA Community Edition 2019.3.4\jbr\bin\sunec.dll

dbghelp: loaded successfully - version: 4.0.5 - missing functions: none
symbol engine: initialized successfully - sym options: 0x614 - pdb path: .;C:\Program Files\JetBrains\IntelliJ IDEA Community Edition 2019.3.4\jbr\bin;C:\WINDOWS\SYSTEM32;C:\WINDOWS\WinSxS\amd64_microsoft.windows.common-controls_6595b64144ccf1df_6.0.22000.120_none_9d947278b86cc467;C:\Program Files\JetBrains\IntelliJ IDEA Community Edition 2019.3.4\jbr\bin\server;C:\Program Files\JetBrains\IntelliJ IDEA Community Edition 2019.3.4\bin

VM Arguments:
jvm_args: -javaagent:C:\Program Files\JetBrains\IntelliJ IDEA Community Edition 2019.3.4\lib\idea_rt.jar=56605:C:\Program Files\JetBrains\IntelliJ IDEA Community Edition 2019.3.4\bin -Dfile.encoding=UTF-8 
java_command: com.smartedulanka.finalyearproject.FinalyearprojectApplication
java_class_path (initial): D:\Final_year_project\finalyearproject\finalyearproject\target\classes;C:\Users\User\.m2\repository\org\springframework\boot\spring-boot-starter-thymeleaf\2.6.3\spring-boot-starter-thymeleaf-2.6.3.jar;C:\Users\User\.m2\repository\org\springframework\boot\spring-boot-starter\2.6.3\spring-boot-starter-2.6.3.jar;C:\Users\User\.m2\repository\org\springframework\boot\spring-boot-starter-logging\2.6.3\spring-boot-starter-logging-2.6.3.jar;C:\Users\User\.m2\repository\ch\qos\logback\logback-classic\1.2.10\logback-classic-1.2.10.jar;C:\Users\User\.m2\repository\ch\qos\logback\logback-core\1.2.10\logback-core-1.2.10.jar;C:\Users\User\.m2\repository\org\apache\logging\log4j\log4j-to-slf4j\2.17.1\log4j-to-slf4j-2.17.1.jar;C:\Users\User\.m2\repository\org\apache\logging\log4j\log4j-api\2.17.1\log4j-api-2.17.1.jar;C:\Users\User\.m2\repository\org\slf4j\jul-to-slf4j\1.7.33\jul-to-slf4j-1.7.33.jar;C:\Users\User\.m2\repository\jakarta\annotation\jakarta.annotation-api\1.3.5\jakarta.annotation-api-1.3.5.jar;C:\Users\User\.m2\repository\org\yaml\snakeyaml\1.29\snakeyaml-1.29.jar;C:\Users\User\.m2\repository\org\thymeleaf\thymeleaf-spring5\3.0.14.RELEASE\thymeleaf-spring5-3.0.14.RELEASE.jar;C:\Users\User\.m2\repository\org\thymeleaf\thymeleaf\3.0.14.RELEASE\thymeleaf-3.0.14.RELEASE.jar;C:\Users\User\.m2\repository\org\attoparser\attoparser\2.0.5.RELEASE\attoparser-2.0.5.RELEASE.jar;C:\Users\User\.m2\repository\org\unbescape\unbescape\1.1.6.RELEASE\unbescape-1.1.6.RELEASE.jar;C:\Users\User\.m2\repository\org\thymeleaf\extras\thymeleaf-extras-java8time\3.0.4.RELEASE\thymeleaf-extras-java8time-3.0.4.RELEASE.jar;C:\Users\User\.m2\repository\org\springframework\boot\spring-boot-starter-data-jpa\2.6.3\spring-boot-starter-data-jpa-2.6.3.jar;C:\Users\User\.m2\repository\org\springframework\boot\spring-boot-starter-aop\2.6.3\spring-boot-starter-aop-2.6.3.jar;C:\Users\User\.m2\repository\org\aspectj\aspectjweaver\1.9.7\aspectjweaver-1.9.7.jar;C:\Users\User\.m2\repos
Launcher Type: SUN_STANDARD

[Global flags]
     intx CICompilerCount                          = 4                                         {product} {ergonomic}
     uint ConcGCThreads                            = 2                                         {product} {ergonomic}
     uint G1ConcRefinementThreads                  = 8                                         {product} {ergonomic}
   size_t G1HeapRegionSize                         = 1048576                                   {product} {ergonomic}
    uintx GCDrainStackTargetSize                   = 64                                        {product} {ergonomic}
   size_t InitialHeapSize                          = 134217728                                 {product} {ergonomic}
   size_t MarkStackSize                            = 4194304                                   {product} {ergonomic}
   size_t MaxHeapSize                              = 2124414976                                {product} {ergonomic}
   size_t MaxNewSize                               = 1274019840                                {product} {ergonomic}
   size_t MinHeapDeltaBytes                        = 1048576                                   {product} {ergonomic}
    uintx NonNMethodCodeHeapSize                   = 5836300                                {pd product} {ergonomic}
    uintx NonProfiledCodeHeapSize                  = 122910970                              {pd product} {ergonomic}
    uintx ProfiledCodeHeapSize                     = 122910970                              {pd product} {ergonomic}
    uintx ReservedCodeCacheSize                    = 251658240                              {pd product} {ergonomic}
     bool SegmentedCodeCache                       = true                                      {product} {ergonomic}
     bool UseCompressedClassPointers               = true                                 {lp64_product} {ergonomic}
     bool UseCompressedOops                        = true                                 {lp64_product} {ergonomic}
     bool UseG1GC                                  = true                                      {product} {ergonomic}
     bool UseLargePagesIndividualAllocation        = false                                  {pd product} {ergonomic}

Logging:
Log output configuration:
 #0: stdout all=warning uptime,level,tags
 #1: stderr all=off uptime,level,tags

Environment Variables:
JAVA_HOME=C:\Program Files\Java\jdk-16.0.1
PATH=C:\Program Files\Common Files\Oracle\Java\javapath;C:\WINDOWS\system32;C:\WINDOWS;C:\WINDOWS\System32\Wbem;C:\WINDOWS\System32\WindowsPowerShell\v1.0\;C:\WINDOWS\System32\OpenSSH\;C:\Program Files\Java\jdk-16.0.1\bin;C:\Program Files\apache-maven-3.8.1-bin\apache-maven-3.8.1\bin;C:\Program Files\Git\cmd;C:\Program Files\MySQL\MySQL Server 8.0\bin;C:\Program Files\MySQL\MySQL Shell 8.0\bin\;C:\Users\User\AppData\Local\Programs\Python\Python310\Scripts\;C:\Users\User\AppData\Local\Programs\Python\Python310\;C:\Users\User\AppData\Local\Microsoft\WindowsApps;;C:\Program Files\JetBrains\IntelliJ IDEA Community Edition 2019.3.4\bin;;C:\Users\User\AppData\Local\Programs\Microsoft VS Code\bin
USERNAME=User
OS=Windows_NT
PROCESSOR_IDENTIFIER=Intel64 Family 6 Model 142 Stepping 10, GenuineIntel



---------------  S Y S T E M  ---------------

OS: Windows 10 , 64 bit Build 22000 (10.0.22000.434)

CPU:total 8 (initial active 8) (4 cores per cpu, 2 threads per core) family 6 model 142 stepping 10, cmov, cx8, fxsr, mmx, sse, sse2, sse3, ssse3, sse4.1, sse4.2, popcnt, avx, avx2, aes, clmul, erms, 3dnowpref, lzcnt, ht, tsc, tscinvbit, bmi1, bmi2, adx, fma

Memory: 4k page, system-wide physical 8101M (597M free)
TotalPageFile size 20103M (AvailPageFile size 3M)
current process WorkingSet (physical memory assigned to process): 258M, peak: 432M
current process commit charge ("private bytes"): 456M, peak: 488M

vm_info: OpenJDK 64-Bit Server VM (11.0.6+8-b520.43) for windows-amd64 JRE (11.0.6+8-b520.43), built on Feb  3 2020 14:18:56 by "" with MS VC++ 14.0 (VS2015)

END.
