#
# There is insufficient memory for the Java Runtime Environment to continue.
# Native memory allocation (malloc) failed to allocate 32744 bytes for ChunkPool::allocate
# Possible reasons:
#   The system is out of physical RAM or swap space
#   The process is running with CompressedOops enabled, and the Java Heap may be blocking the growth of the native heap
# Possible solutions:
#   Reduce memory load on the system
#   Increase physical memory or swap space
#   Check if swap backing store is full
#   Decrease Java heap size (-Xmx/-Xms)
#   Decrease number of Java threads
#   Decrease Java thread stack sizes (-Xss)
#   Set larger code cache with -XX:ReservedCodeCacheSize=
#   JVM is running with Unscaled Compressed Oops mode in which the Java heap is
#     placed in the first 4GB address space. The Java Heap base address is the
#     maximum limit for the native heap growth. Please use -XX:HeapBaseMinAddress
#     to set the Java Heap base and to place the Java Heap above 4GB virtual address.
# This output file may be truncated or incomplete.
#
#  Out of Memory Error (c:/BuildAgent/work/5ff2f6c26000d570/src/hotspot/share/memory/arena.cpp:81), pid=5796, tid=11424
#
# JRE version: OpenJDK Runtime Environment (11.0.6+8) (build 11.0.6+8-b520.43)
# Java VM: OpenJDK 64-Bit Server VM (11.0.6+8-b520.43, mixed mode, sharing, tiered, compressed oops, g1 gc, windows-amd64)
# No core dump will be written. Minidumps are not enabled by default on client versions of Windows
#

---------------  S U M M A R Y ------------

Command Line: -javaagent:C:\Program Files\JetBrains\IntelliJ IDEA Community Edition 2019.3.4\lib\idea_rt.jar=60903:C:\Program Files\JetBrains\IntelliJ IDEA Community Edition 2019.3.4\bin -Dfile.encoding=UTF-8 com.smartedulanka.finalyearproject.FinalyearprojectApplication

Host: Intel(R) Core(TM) i5-8250U CPU @ 1.60GHz, 8 cores, 7G,  Windows 10 , 64 bit Build 22000 (10.0.22000.434)
Time: Fri Mar 18 23:31:38 2022 Sri Lanka Standard Time elapsed time: 6 seconds (0d 0h 0m 6s)

---------------  T H R E A D  ---------------

Current thread (0x000001212cbec000):  JavaThread "restartedMain" [_thread_in_vm, id=11424, stack(0x0000002064100000,0x0000002064200000)]

Stack: [0x0000002064100000,0x0000002064200000]
Native frames: (J=compiled Java code, j=interpreted, Vv=VM code, C=native code)
V  [jvm.dll+0x5de31a]
V  [jvm.dll+0x710ae5]
V  [jvm.dll+0x712005]
V  [jvm.dll+0x7126b3]
V  [jvm.dll+0x23e3a8]
V  [jvm.dll+0xb8dab]
V  [jvm.dll+0xb905c]
V  [jvm.dll+0x1bdd87]
V  [jvm.dll+0x1c0c0e]
V  [jvm.dll+0x1b5ef4]
V  [jvm.dll+0x4c6acb]
V  [jvm.dll+0x6b07db]
V  [jvm.dll+0x3e0f34]
V  [jvm.dll+0x3e5175]
V  [jvm.dll+0x6f68e5]
V  [jvm.dll+0x6f299d]
C  0x0000012113dcf0f7

Java frames: (J=compiled Java code, j=interpreted, Vv=VM code)
j  jdk.internal.misc.Unsafe.defineClass0(Ljava/lang/String;[BIILjava/lang/ClassLoader;Ljava/security/ProtectionDomain;)Ljava/lang/Class;+0 java.base@11.0.6
j  jdk.internal.misc.Unsafe.defineClass(Ljava/lang/String;[BIILjava/lang/ClassLoader;Ljava/security/ProtectionDomain;)Ljava/lang/Class;+35 java.base@11.0.6
j  java.lang.reflect.Proxy$ProxyBuilder.defineProxyClass(Ljava/lang/Module;Ljava/util/List;)Ljava/lang/Class;+350 java.base@11.0.6
j  java.lang.reflect.Proxy$ProxyBuilder.build()Ljava/lang/reflect/Constructor;+8 java.base@11.0.6
j  java.lang.reflect.Proxy.lambda$getProxyConstructor$0(Ljava/lang/ClassLoader;Ljdk/internal/loader/AbstractClassLoaderValue$Sub;)Ljava/lang/reflect/Constructor;+15 java.base@11.0.6
j  java.lang.reflect.Proxy$$Lambda$37.apply(Ljava/lang/Object;Ljava/lang/Object;)Ljava/lang/Object;+8 java.base@11.0.6
j  jdk.internal.loader.AbstractClassLoaderValue$Memoizer.get()Ljava/lang/Object;+75 java.base@11.0.6
J 2176 c1 jdk.internal.loader.AbstractClassLoaderValue.computeIfAbsent(Ljava/lang/ClassLoader;Ljava/util/function/BiFunction;)Ljava/lang/Object; java.base@11.0.6 (113 bytes) @ 0x00000121147a4edc [0x00000121147a45c0+0x000000000000091c]
J 2711 c1 java.lang.reflect.Proxy.getProxyConstructor(Ljava/lang/Class;Ljava/lang/ClassLoader;[Ljava/lang/Class;)Ljava/lang/reflect/Constructor; java.base@11.0.6 (92 bytes) @ 0x0000012114924e54 [0x0000012114923da0+0x00000000000010b4]
J 2717 c1 sun.reflect.annotation.AnnotationParser$1.run()Ljava/lang/annotation/Annotation; java.base@11.0.6 (40 bytes) @ 0x000001211492befc [0x000001211492b3c0+0x0000000000000b3c]
J 2716 c1 sun.reflect.annotation.AnnotationParser$1.run()Ljava/lang/Object; java.base@11.0.6 (5 bytes) @ 0x000001211492af64 [0x000001211492aec0+0x00000000000000a4]
v  ~StubRoutines::call_stub
J 1407  java.security.AccessController.doPrivileged(Ljava/security/PrivilegedAction;)Ljava/lang/Object; java.base@11.0.6 (0 bytes) @ 0x000001211b921622 [0x000001211b9215c0+0x0000000000000062]
J 2577 c1 sun.reflect.annotation.AnnotationParser.parseAnnotation2(Ljava/nio/ByteBuffer;Ljdk/internal/reflect/ConstantPool;Ljava/lang/Class;Z[Ljava/lang/Class;)Ljava/lang/annotation/Annotation; java.base@11.0.6 (284 bytes) @ 0x00000121148c4ad4 [0x00000121148c35a0+0x0000000000001534]
J 2927 c1 sun.reflect.annotation.AnnotationParser.parseAnnotations2([BLjdk/internal/reflect/ConstantPool;Ljava/lang/Class;[Ljava/lang/Class;)Ljava/util/Map; java.base@11.0.6 (135 bytes) @ 0x00000121149ae10c [0x00000121149adb00+0x000000000000060c]
J 2222 c1 sun.reflect.annotation.AnnotationParser.parseAnnotations([BLjdk/internal/reflect/ConstantPool;Ljava/lang/Class;)Ljava/util/Map; java.base@11.0.6 (37 bytes) @ 0x00000121147c06e4 [0x00000121147c0600+0x00000000000000e4]
J 3127 c1 java.lang.Class.createAnnotationData(I)Ljava/lang/Class$AnnotationData; java.base@11.0.6 (195 bytes) @ 0x0000012114a5b91c [0x0000012114a5b820+0x00000000000000fc]
J 2220 c1 java.lang.Class.annotationData()Ljava/lang/Class$AnnotationData; java.base@11.0.6 (44 bytes) @ 0x00000121147c0004 [0x00000121147bfee0+0x0000000000000124]
J 2432 c1 java.lang.Class.getDeclaredAnnotations()[Ljava/lang/annotation/Annotation; java.base@11.0.6 (11 bytes) @ 0x0000012114869994 [0x0000012114869900+0x0000000000000094]
J 1919 c1 org.springframework.core.annotation.AnnotationsScanner.getDeclaredAnnotations(Ljava/lang/reflect/AnnotatedElement;Z)[Ljava/lang/annotation/Annotation; (166 bytes) @ 0x000001211470f74c [0x000001211470f4a0+0x00000000000002ac]
J 2346 c1 org.springframework.core.annotation.AnnotationsScanner.isKnownEmpty(Ljava/lang/reflect/AnnotatedElement;Lorg/springframework/core/annotation/MergedAnnotations$SearchStrategy;)Z (60 bytes) @ 0x000001211480e734 [0x000001211480e2a0+0x0000000000000494]
J 2389 c1 org.springframework.core.annotation.MergedAnnotations.from(Ljava/lang/reflect/AnnotatedElement;Lorg/springframework/core/annotation/MergedAnnotations$SearchStrategy;)Lorg/springframework/core/annotation/MergedAnnotations; (9 bytes) @ 0x000001211482b9a4 [0x000001211482b740+0x0000000000000264]
j  org.springframework.beans.factory.support.DefaultListableBeanFactory.findMergedAnnotationOnBean(Ljava/lang/String;Ljava/lang/Class;Z)Lorg/springframework/core/annotation/MergedAnnotation;+18
j  org.springframework.beans.factory.support.DefaultListableBeanFactory.findAnnotationOnBean(Ljava/lang/String;Ljava/lang/Class;Z)Ljava/lang/annotation/Annotation;+4
j  org.springframework.boot.sql.init.dependency.AnnotationDependsOnDatabaseInitializationDetector.detect(Lorg/springframework/beans/factory/config/ConfigurableListableBeanFactory;)Ljava/util/Set;+41
j  org.springframework.boot.sql.init.dependency.DatabaseInitializationDependencyConfigurer$DependsOnDatabaseInitializationPostProcessor.detectDependsOnInitializationBeanNames(Lorg/springframework/beans/factory/config/ConfigurableListableBeanFactory;)Ljava/util/Collection;+50
j  org.springframework.boot.sql.init.dependency.DatabaseInitializationDependencyConfigurer$DependsOnDatabaseInitializationPostProcessor.postProcessBeanFactory(Lorg/springframework/beans/factory/config/ConfigurableListableBeanFactory;)V+118
j  org.springframework.context.support.PostProcessorRegistrationDelegate.invokeBeanFactoryPostProcessors(Ljava/util/Collection;Lorg/springframework/beans/factory/config/ConfigurableListableBeanFactory;)V+61
j  org.springframework.context.support.PostProcessorRegistrationDelegate.invokeBeanFactoryPostProcessors(Lorg/springframework/beans/factory/config/ConfigurableListableBeanFactory;Ljava/util/List;)V+771
j  org.springframework.context.support.AbstractApplicationContext.invokeBeanFactoryPostProcessors(Lorg/springframework/beans/factory/config/ConfigurableListableBeanFactory;)V+5
j  org.springframework.context.support.AbstractApplicationContext.refresh()V+53
j  org.springframework.boot.web.servlet.context.ServletWebServerApplicationContext.refresh()V+1
j  org.springframework.boot.SpringApplication.refresh(Lorg/springframework/context/ConfigurableApplicationContext;)V+1
j  org.springframework.boot.SpringApplication.refreshContext(Lorg/springframework/context/ConfigurableApplicationContext;)V+16
j  org.springframework.boot.SpringApplication.run([Ljava/lang/String;)Lorg/springframework/context/ConfigurableApplicationContext;+107
j  org.springframework.boot.SpringApplication.run([Ljava/lang/Class;[Ljava/lang/String;)Lorg/springframework/context/ConfigurableApplicationContext;+9
j  org.springframework.boot.SpringApplication.run(Ljava/lang/Class;[Ljava/lang/String;)Lorg/springframework/context/ConfigurableApplicationContext;+9
j  com.smartedulanka.finalyearproject.FinalyearprojectApplication.main([Ljava/lang/String;)V+3
v  ~StubRoutines::call_stub
j  jdk.internal.reflect.NativeMethodAccessorImpl.invoke0(Ljava/lang/reflect/Method;Ljava/lang/Object;[Ljava/lang/Object;)Ljava/lang/Object;+0 java.base@11.0.6
j  jdk.internal.reflect.NativeMethodAccessorImpl.invoke(Ljava/lang/Object;[Ljava/lang/Object;)Ljava/lang/Object;+100 java.base@11.0.6
j  jdk.internal.reflect.DelegatingMethodAccessorImpl.invoke(Ljava/lang/Object;[Ljava/lang/Object;)Ljava/lang/Object;+6 java.base@11.0.6
j  java.lang.reflect.Method.invoke(Ljava/lang/Object;[Ljava/lang/Object;)Ljava/lang/Object;+59 java.base@11.0.6
j  org.springframework.boot.devtools.restart.RestartLauncher.run()V+42
v  ~StubRoutines::call_stub

---------------  P R O C E S S  ---------------

Threads class SMR info:
_java_thread_list=0x000001212d481140, length=15, elements={
0x000001210e4f7800, 0x000001212ae29800, 0x000001212ae2a800, 0x000001212ae3f000,
0x000001212ae40000, 0x000001212ae45800, 0x000001212ae54000, 0x000001212ae5b800,
0x000001212b8b1000, 0x000001212bb45000, 0x000001212bca4800, 0x000001212cf07800,
0x000001212cbec000, 0x000001212cb6e800, 0x000001212d16f000
}

Java Threads: ( => current thread )
  0x000001210e4f7800 JavaThread "main" [_thread_blocked, id=23352, stack(0x0000002062e00000,0x0000002062f00000)]
  0x000001212ae29800 JavaThread "Reference Handler" daemon [_thread_blocked, id=19992, stack(0x0000002063500000,0x0000002063600000)]
  0x000001212ae2a800 JavaThread "Finalizer" daemon [_thread_blocked, id=7064, stack(0x0000002063600000,0x0000002063700000)]
  0x000001212ae3f000 JavaThread "Signal Dispatcher" daemon [_thread_blocked, id=19656, stack(0x0000002063700000,0x0000002063800000)]
  0x000001212ae40000 JavaThread "Attach Listener" daemon [_thread_blocked, id=21180, stack(0x0000002063800000,0x0000002063900000)]
  0x000001212ae45800 JavaThread "C2 CompilerThread0" daemon [_thread_in_native, id=22900, stack(0x0000002063900000,0x0000002063a00000)]
  0x000001212ae54000 JavaThread "C1 CompilerThread0" daemon [_thread_blocked, id=9740, stack(0x0000002063a00000,0x0000002063b00000)]
  0x000001212ae5b800 JavaThread "Sweeper thread" daemon [_thread_blocked, id=25348, stack(0x0000002063b00000,0x0000002063c00000)]
  0x000001212b8b1000 JavaThread "Common-Cleaner" daemon [_thread_blocked, id=13632, stack(0x0000002063c00000,0x0000002063d00000)]
  0x000001212bb45000 JavaThread "Monitor Ctrl-Break" daemon [_thread_in_native, id=20524, stack(0x0000002063e00000,0x0000002063f00000)]
  0x000001212bca4800 JavaThread "Service Thread" daemon [_thread_blocked, id=22932, stack(0x0000002063f00000,0x0000002064000000)]
  0x000001212cf07800 JavaThread "Thread-0" [_thread_blocked, id=27632, stack(0x0000002063d00000,0x0000002063e00000)]
=>0x000001212cbec000 JavaThread "restartedMain" [_thread_in_vm, id=11424, stack(0x0000002064100000,0x0000002064200000)]
  0x000001212cb6e800 JavaThread "C2 CompilerThread1" daemon [_thread_in_native, id=6960, stack(0x0000002064400000,0x0000002064500000)]
  0x000001212d16f000 JavaThread "C2 CompilerThread2" daemon [_thread_in_native, id=26216, stack(0x0000002064500000,0x0000002064600000)]

Other Threads:
  0x000001212ae26800 VMThread "VM Thread" [stack: 0x0000002063400000,0x0000002063500000] [id=19916]
  0x000001212bd4e800 WatcherThread [stack: 0x0000002064000000,0x0000002064100000] [id=14604]
  0x000001210e511800 GCTaskThread "GC Thread#0" [stack: 0x0000002062f00000,0x0000002063000000] [id=15332]
  0x000001212ca59000 GCTaskThread "GC Thread#1" [stack: 0x0000002064200000,0x0000002064300000] [id=18372]
  0x000001212c376000 GCTaskThread "GC Thread#2" [stack: 0x0000002064300000,0x0000002064400000] [id=4500]
  0x000001212c882000 GCTaskThread "GC Thread#3" [stack: 0x0000002064600000,0x0000002064700000] [id=3324]
  0x000001212c883000 GCTaskThread "GC Thread#4" [stack: 0x0000002064700000,0x0000002064800000] [id=13828]
  0x000001212c883800 GCTaskThread "GC Thread#5" [stack: 0x0000002064800000,0x0000002064900000] [id=24828]
  0x000001212c884000 GCTaskThread "GC Thread#6" [stack: 0x0000002064900000,0x0000002064a00000] [id=20872]
  0x000001212c885800 GCTaskThread "GC Thread#7" [stack: 0x0000002064a00000,0x0000002064b00000] [id=2204]
  0x000001210e541800 ConcurrentGCThread "G1 Main Marker" [stack: 0x0000002063000000,0x0000002063100000] [id=3740]
  0x000001210e543000 ConcurrentGCThread "G1 Conc#0" [stack: 0x0000002063100000,0x0000002063200000] [id=26928]
  0x000001212cb33800 ConcurrentGCThread "G1 Conc#1" [stack: 0x0000002064b00000,0x0000002064c00000] [id=27636]
  0x000001212acb8800 ConcurrentGCThread "G1 Refine#0" [stack: 0x0000002063200000,0x0000002063300000] [id=14584]
  0x000001212acb9800 ConcurrentGCThread "G1 Young RemSet Sampling" [stack: 0x0000002063300000,0x0000002063400000] [id=17628]

Threads with active compile tasks:
C2 CompilerThread0   6860 3102       4       org.springframework.core.ResolvableType::resolveClass (73 bytes)
C2 CompilerThread1   6860 3116       4       org.springframework.core.ResolvableType::<init> (39 bytes)
C2 CompilerThread2   6860 2699   !   4       jdk.internal.loader.BuiltinClassLoader::loadClassOrNull (143 bytes)

VM state:not at safepoint (normal execution)

VM Mutex/Monitor currently owned by a thread: None

Heap address: 0x0000000081600000, size: 2026 MB, Compressed Oops mode: 32-bit
Narrow klass base: 0x0000000800000000, Narrow klass shift: 3
Compressed class space size: 1073741824 Address: 0x0000000840000000

Heap:
 garbage-first heap   total 157696K, used 31129K [0x0000000081600000, 0x0000000100000000)
  region size 1024K, 25 young (25600K), 5 survivors (5120K)
 Metaspace       used 22439K, capacity 23334K, committed 23420K, reserved 1069056K
  class space    used 2801K, capacity 3119K, committed 3196K, reserved 1048576K
Heap Regions: E=young(eden), S=young(survivor), O=old, HS=humongous(starts), HC=humongous(continues), CS=collection set, F=free, A=archive, TAMS=top-at-mark-start (previous, next)
|   0|0x0000000081600000, 0x0000000081700000, 0x0000000081700000|100%|HS|  |TAMS 0x0000000081700000, 0x0000000081600000| Complete 
|   1|0x0000000081700000, 0x0000000081800000, 0x0000000081800000|100%| O|  |TAMS 0x0000000081800000, 0x0000000081700000| Untracked 
|   2|0x0000000081800000, 0x0000000081900000, 0x0000000081900000|100%| O|  |TAMS 0x0000000081900000, 0x0000000081800000| Untracked 
|   3|0x0000000081900000, 0x0000000081a00000, 0x0000000081a00000|100%| O|  |TAMS 0x0000000081a00000, 0x0000000081900000| Untracked 
|   4|0x0000000081a00000, 0x0000000081b00000, 0x0000000081b00000|100%| O|  |TAMS 0x0000000081b00000, 0x0000000081a00000| Untracked 
|   5|0x0000000081b00000, 0x0000000081c00000, 0x0000000081c00000|100%| O|  |TAMS 0x0000000081c00000, 0x0000000081b00000| Untracked 
|   6|0x0000000081c00000, 0x0000000081c66600, 0x0000000081d00000| 39%| O|  |TAMS 0x0000000081c66600, 0x0000000081c00000| Untracked 
|   7|0x0000000081d00000, 0x0000000081d00000, 0x0000000081e00000|  0%| F|  |TAMS 0x0000000081d00000, 0x0000000081d00000| Untracked 
|   8|0x0000000081e00000, 0x0000000081e00000, 0x0000000081f00000|  0%| F|  |TAMS 0x0000000081e00000, 0x0000000081e00000| Untracked 
|   9|0x0000000081f00000, 0x0000000081f00000, 0x0000000082000000|  0%| F|  |TAMS 0x0000000081f00000, 0x0000000081f00000| Untracked 
|  10|0x0000000082000000, 0x0000000082000000, 0x0000000082100000|  0%| F|  |TAMS 0x0000000082000000, 0x0000000082000000| Untracked 
|  11|0x0000000082100000, 0x0000000082100000, 0x0000000082200000|  0%| F|  |TAMS 0x0000000082100000, 0x0000000082100000| Untracked 
|  12|0x0000000082200000, 0x0000000082200000, 0x0000000082300000|  0%| F|  |TAMS 0x0000000082200000, 0x0000000082200000| Untracked 
|  13|0x0000000082300000, 0x0000000082300000, 0x0000000082400000|  0%| F|  |TAMS 0x0000000082300000, 0x0000000082300000| Untracked 
|  14|0x0000000082400000, 0x0000000082400000, 0x0000000082500000|  0%| F|  |TAMS 0x0000000082400000, 0x0000000082400000| Untracked 
|  15|0x0000000082500000, 0x0000000082500000, 0x0000000082600000|  0%| F|  |TAMS 0x0000000082500000, 0x0000000082500000| Untracked 
|  16|0x0000000082600000, 0x0000000082600000, 0x0000000082700000|  0%| F|  |TAMS 0x0000000082600000, 0x0000000082600000| Untracked 
|  17|0x0000000082700000, 0x0000000082700000, 0x0000000082800000|  0%| F|  |TAMS 0x0000000082700000, 0x0000000082700000| Untracked 
|  18|0x0000000082800000, 0x0000000082800000, 0x0000000082900000|  0%| F|  |TAMS 0x0000000082800000, 0x0000000082800000| Untracked 
|  19|0x0000000082900000, 0x0000000082900000, 0x0000000082a00000|  0%| F|  |TAMS 0x0000000082900000, 0x0000000082900000| Untracked 
|  20|0x0000000082a00000, 0x0000000082a00000, 0x0000000082b00000|  0%| F|  |TAMS 0x0000000082a00000, 0x0000000082a00000| Untracked 
|  21|0x0000000082b00000, 0x0000000082b00000, 0x0000000082c00000|  0%| F|  |TAMS 0x0000000082b00000, 0x0000000082b00000| Untracked 
|  22|0x0000000082c00000, 0x0000000082c00000, 0x0000000082d00000|  0%| F|  |TAMS 0x0000000082c00000, 0x0000000082c00000| Untracked 
|  23|0x0000000082d00000, 0x0000000082d00000, 0x0000000082e00000|  0%| F|  |TAMS 0x0000000082d00000, 0x0000000082d00000| Untracked 
|  24|0x0000000082e00000, 0x0000000082e00000, 0x0000000082f00000|  0%| F|  |TAMS 0x0000000082e00000, 0x0000000082e00000| Untracked 
|  25|0x0000000082f00000, 0x0000000082f00000, 0x0000000083000000|  0%| F|  |TAMS 0x0000000082f00000, 0x0000000082f00000| Untracked 
|  26|0x0000000083000000, 0x0000000083000000, 0x0000000083100000|  0%| F|  |TAMS 0x0000000083000000, 0x0000000083000000| Untracked 
|  27|0x0000000083100000, 0x0000000083100000, 0x0000000083200000|  0%| F|  |TAMS 0x0000000083100000, 0x0000000083100000| Untracked 
|  28|0x0000000083200000, 0x0000000083200000, 0x0000000083300000|  0%| F|  |TAMS 0x0000000083200000, 0x0000000083200000| Untracked 
|  29|0x0000000083300000, 0x0000000083300000, 0x0000000083400000|  0%| F|  |TAMS 0x0000000083300000, 0x0000000083300000| Untracked 
|  30|0x0000000083400000, 0x0000000083400000, 0x0000000083500000|  0%| F|  |TAMS 0x0000000083400000, 0x0000000083400000| Untracked 
|  31|0x0000000083500000, 0x0000000083500000, 0x0000000083600000|  0%| F|  |TAMS 0x0000000083500000, 0x0000000083500000| Untracked 
|  32|0x0000000083600000, 0x0000000083600000, 0x0000000083700000|  0%| F|  |TAMS 0x0000000083600000, 0x0000000083600000| Untracked 
|  33|0x0000000083700000, 0x0000000083700000, 0x0000000083800000|  0%| F|  |TAMS 0x0000000083700000, 0x0000000083700000| Untracked 
|  34|0x0000000083800000, 0x0000000083800000, 0x0000000083900000|  0%| F|  |TAMS 0x0000000083800000, 0x0000000083800000| Untracked 
|  35|0x0000000083900000, 0x0000000083900000, 0x0000000083a00000|  0%| F|  |TAMS 0x0000000083900000, 0x0000000083900000| Untracked 
|  36|0x0000000083a00000, 0x0000000083a00000, 0x0000000083b00000|  0%| F|  |TAMS 0x0000000083a00000, 0x0000000083a00000| Untracked 
|  37|0x0000000083b00000, 0x0000000083b00000, 0x0000000083c00000|  0%| F|  |TAMS 0x0000000083b00000, 0x0000000083b00000| Untracked 
|  38|0x0000000083c00000, 0x0000000083c00000, 0x0000000083d00000|  0%| F|  |TAMS 0x0000000083c00000, 0x0000000083c00000| Untracked 
|  39|0x0000000083d00000, 0x0000000083d00000, 0x0000000083e00000|  0%| F|  |TAMS 0x0000000083d00000, 0x0000000083d00000| Untracked 
|  40|0x0000000083e00000, 0x0000000083e00000, 0x0000000083f00000|  0%| F|  |TAMS 0x0000000083e00000, 0x0000000083e00000| Untracked 
|  41|0x0000000083f00000, 0x0000000083f00000, 0x0000000084000000|  0%| F|  |TAMS 0x0000000083f00000, 0x0000000083f00000| Untracked 
|  42|0x0000000084000000, 0x0000000084000000, 0x0000000084100000|  0%| F|  |TAMS 0x0000000084000000, 0x0000000084000000| Untracked 
|  43|0x0000000084100000, 0x0000000084100000, 0x0000000084200000|  0%| F|  |TAMS 0x0000000084100000, 0x0000000084100000| Untracked 
|  44|0x0000000084200000, 0x0000000084200000, 0x0000000084300000|  0%| F|  |TAMS 0x0000000084200000, 0x0000000084200000| Untracked 
|  45|0x0000000084300000, 0x0000000084300000, 0x0000000084400000|  0%| F|  |TAMS 0x0000000084300000, 0x0000000084300000| Untracked 
|  46|0x0000000084400000, 0x0000000084400000, 0x0000000084500000|  0%| F|  |TAMS 0x0000000084400000, 0x0000000084400000| Untracked 
|  47|0x0000000084500000, 0x0000000084500000, 0x0000000084600000|  0%| F|  |TAMS 0x0000000084500000, 0x0000000084500000| Untracked 
|  48|0x0000000084600000, 0x0000000084600000, 0x0000000084700000|  0%| F|  |TAMS 0x0000000084600000, 0x0000000084600000| Untracked 
|  49|0x0000000084700000, 0x0000000084700000, 0x0000000084800000|  0%| F|  |TAMS 0x0000000084700000, 0x0000000084700000| Untracked 
|  50|0x0000000084800000, 0x0000000084800000, 0x0000000084900000|  0%| F|  |TAMS 0x0000000084800000, 0x0000000084800000| Untracked 
|  51|0x0000000084900000, 0x0000000084900000, 0x0000000084a00000|  0%| F|  |TAMS 0x0000000084900000, 0x0000000084900000| Untracked 
|  52|0x0000000084a00000, 0x0000000084a00000, 0x0000000084b00000|  0%| F|  |TAMS 0x0000000084a00000, 0x0000000084a00000| Untracked 
|  53|0x0000000084b00000, 0x0000000084b00000, 0x0000000084c00000|  0%| F|  |TAMS 0x0000000084b00000, 0x0000000084b00000| Untracked 
|  54|0x0000000084c00000, 0x0000000084c00000, 0x0000000084d00000|  0%| F|  |TAMS 0x0000000084c00000, 0x0000000084c00000| Untracked 
|  55|0x0000000084d00000, 0x0000000084d00000, 0x0000000084e00000|  0%| F|  |TAMS 0x0000000084d00000, 0x0000000084d00000| Untracked 
|  56|0x0000000084e00000, 0x0000000084e00000, 0x0000000084f00000|  0%| F|  |TAMS 0x0000000084e00000, 0x0000000084e00000| Untracked 
|  57|0x0000000084f00000, 0x0000000084f00000, 0x0000000085000000|  0%| F|  |TAMS 0x0000000084f00000, 0x0000000084f00000| Untracked 
|  58|0x0000000085000000, 0x0000000085000000, 0x0000000085100000|  0%| F|  |TAMS 0x0000000085000000, 0x0000000085000000| Untracked 
|  59|0x0000000085100000, 0x0000000085100000, 0x0000000085200000|  0%| F|  |TAMS 0x0000000085100000, 0x0000000085100000| Untracked 
|  60|0x0000000085200000, 0x0000000085200000, 0x0000000085300000|  0%| F|  |TAMS 0x0000000085200000, 0x0000000085200000| Untracked 
|  61|0x0000000085300000, 0x0000000085300000, 0x0000000085400000|  0%| F|  |TAMS 0x0000000085300000, 0x0000000085300000| Untracked 
|  62|0x0000000085400000, 0x0000000085400000, 0x0000000085500000|  0%| F|  |TAMS 0x0000000085400000, 0x0000000085400000| Untracked 
|  63|0x0000000085500000, 0x0000000085500000, 0x0000000085600000|  0%| F|  |TAMS 0x0000000085500000, 0x0000000085500000| Untracked 
|  64|0x0000000085600000, 0x0000000085600000, 0x0000000085700000|  0%| F|  |TAMS 0x0000000085600000, 0x0000000085600000| Untracked 
|  65|0x0000000085700000, 0x0000000085700000, 0x0000000085800000|  0%| F|  |TAMS 0x0000000085700000, 0x0000000085700000| Untracked 
|  66|0x0000000085800000, 0x0000000085800000, 0x0000000085900000|  0%| F|  |TAMS 0x0000000085800000, 0x0000000085800000| Untracked 
|  67|0x0000000085900000, 0x0000000085900000, 0x0000000085a00000|  0%| F|  |TAMS 0x0000000085900000, 0x0000000085900000| Untracked 
|  68|0x0000000085a00000, 0x0000000085a00000, 0x0000000085b00000|  0%| F|  |TAMS 0x0000000085a00000, 0x0000000085a00000| Untracked 
|  69|0x0000000085b00000, 0x0000000085b00000, 0x0000000085c00000|  0%| F|  |TAMS 0x0000000085b00000, 0x0000000085b00000| Untracked 
|  70|0x0000000085c00000, 0x0000000085c00000, 0x0000000085d00000|  0%| F|  |TAMS 0x0000000085c00000, 0x0000000085c00000| Untracked 
|  71|0x0000000085d00000, 0x0000000085d00000, 0x0000000085e00000|  0%| F|  |TAMS 0x0000000085d00000, 0x0000000085d00000| Untracked 
|  72|0x0000000085e00000, 0x0000000085e00000, 0x0000000085f00000|  0%| F|  |TAMS 0x0000000085e00000, 0x0000000085e00000| Untracked 
|  73|0x0000000085f00000, 0x0000000085f00000, 0x0000000086000000|  0%| F|  |TAMS 0x0000000085f00000, 0x0000000085f00000| Untracked 
|  74|0x0000000086000000, 0x0000000086000000, 0x0000000086100000|  0%| F|  |TAMS 0x0000000086000000, 0x0000000086000000| Untracked 
|  75|0x0000000086100000, 0x0000000086100000, 0x0000000086200000|  0%| F|  |TAMS 0x0000000086100000, 0x0000000086100000| Untracked 
|  76|0x0000000086200000, 0x0000000086200000, 0x0000000086300000|  0%| F|  |TAMS 0x0000000086200000, 0x0000000086200000| Untracked 
|  77|0x0000000086300000, 0x0000000086300000, 0x0000000086400000|  0%| F|  |TAMS 0x0000000086300000, 0x0000000086300000| Untracked 
|  78|0x0000000086400000, 0x0000000086400000, 0x0000000086500000|  0%| F|  |TAMS 0x0000000086400000, 0x0000000086400000| Untracked 
|  79|0x0000000086500000, 0x0000000086500000, 0x0000000086600000|  0%| F|  |TAMS 0x0000000086500000, 0x0000000086500000| Untracked 
|  80|0x0000000086600000, 0x0000000086600000, 0x0000000086700000|  0%| F|  |TAMS 0x0000000086600000, 0x0000000086600000| Untracked 
|  81|0x0000000086700000, 0x0000000086700000, 0x0000000086800000|  0%| F|  |TAMS 0x0000000086700000, 0x0000000086700000| Untracked 
|  82|0x0000000086800000, 0x0000000086800000, 0x0000000086900000|  0%| F|  |TAMS 0x0000000086800000, 0x0000000086800000| Untracked 
|  83|0x0000000086900000, 0x0000000086900000, 0x0000000086a00000|  0%| F|  |TAMS 0x0000000086900000, 0x0000000086900000| Untracked 
|  84|0x0000000086a00000, 0x0000000086a00000, 0x0000000086b00000|  0%| F|  |TAMS 0x0000000086a00000, 0x0000000086a00000| Untracked 
|  85|0x0000000086b00000, 0x0000000086b00000, 0x0000000086c00000|  0%| F|  |TAMS 0x0000000086b00000, 0x0000000086b00000| Untracked 
|  86|0x0000000086c00000, 0x0000000086c00000, 0x0000000086d00000|  0%| F|  |TAMS 0x0000000086c00000, 0x0000000086c00000| Untracked 
|  87|0x0000000086d00000, 0x0000000086e00000, 0x0000000086e00000|100%| S|CS|TAMS 0x0000000086d00000, 0x0000000086d00000| Complete 
|  88|0x0000000086e00000, 0x0000000086f00000, 0x0000000086f00000|100%| S|CS|TAMS 0x0000000086e00000, 0x0000000086e00000| Complete 
|  89|0x0000000086f00000, 0x0000000087000000, 0x0000000087000000|100%| S|CS|TAMS 0x0000000086f00000, 0x0000000086f00000| Complete 
|  90|0x0000000087000000, 0x0000000087100000, 0x0000000087100000|100%| S|CS|TAMS 0x0000000087000000, 0x0000000087000000| Complete 
|  91|0x0000000087100000, 0x0000000087200000, 0x0000000087200000|100%| S|CS|TAMS 0x0000000087100000, 0x0000000087100000| Complete 
|  92|0x0000000087200000, 0x0000000087200000, 0x0000000087300000|  0%| F|  |TAMS 0x0000000087200000, 0x0000000087200000| Untracked 
|  93|0x0000000087300000, 0x0000000087300000, 0x0000000087400000|  0%| F|  |TAMS 0x0000000087300000, 0x0000000087300000| Untracked 
|  94|0x0000000087400000, 0x0000000087400000, 0x0000000087500000|  0%| F|  |TAMS 0x0000000087400000, 0x0000000087400000| Untracked 
|  95|0x0000000087500000, 0x0000000087500000, 0x0000000087600000|  0%| F|  |TAMS 0x0000000087500000, 0x0000000087500000| Untracked 
|  96|0x0000000087600000, 0x0000000087600000, 0x0000000087700000|  0%| F|  |TAMS 0x0000000087600000, 0x0000000087600000| Untracked 
|  97|0x0000000087700000, 0x0000000087700000, 0x0000000087800000|  0%| F|  |TAMS 0x0000000087700000, 0x0000000087700000| Untracked 
|  98|0x0000000087800000, 0x0000000087800000, 0x0000000087900000|  0%| F|  |TAMS 0x0000000087800000, 0x0000000087800000| Untracked 
|  99|0x0000000087900000, 0x0000000087900000, 0x0000000087a00000|  0%| F|  |TAMS 0x0000000087900000, 0x0000000087900000| Untracked 
| 100|0x0000000087a00000, 0x0000000087a00000, 0x0000000087b00000|  0%| F|  |TAMS 0x0000000087a00000, 0x0000000087a00000| Untracked 
| 101|0x0000000087b00000, 0x0000000087b00000, 0x0000000087c00000|  0%| F|  |TAMS 0x0000000087b00000, 0x0000000087b00000| Untracked 
| 102|0x0000000087c00000, 0x0000000087c00000, 0x0000000087d00000|  0%| F|  |TAMS 0x0000000087c00000, 0x0000000087c00000| Untracked 
| 103|0x0000000087d00000, 0x0000000087d00000, 0x0000000087e00000|  0%| F|  |TAMS 0x0000000087d00000, 0x0000000087d00000| Untracked 
| 104|0x0000000087e00000, 0x0000000087e00000, 0x0000000087f00000|  0%| F|  |TAMS 0x0000000087e00000, 0x0000000087e00000| Untracked 
| 105|0x0000000087f00000, 0x0000000087f00000, 0x0000000088000000|  0%| F|  |TAMS 0x0000000087f00000, 0x0000000087f00000| Untracked 
| 106|0x0000000088000000, 0x0000000088000000, 0x0000000088100000|  0%| F|  |TAMS 0x0000000088000000, 0x0000000088000000| Untracked 
| 107|0x0000000088100000, 0x0000000088100000, 0x0000000088200000|  0%| F|  |TAMS 0x0000000088100000, 0x0000000088100000| Untracked 
| 108|0x0000000088200000, 0x0000000088200000, 0x0000000088300000|  0%| F|  |TAMS 0x0000000088200000, 0x0000000088200000| Untracked 
| 109|0x0000000088300000, 0x0000000088300000, 0x0000000088400000|  0%| F|  |TAMS 0x0000000088300000, 0x0000000088300000| Untracked 
| 110|0x0000000088400000, 0x0000000088400000, 0x0000000088500000|  0%| F|  |TAMS 0x0000000088400000, 0x0000000088400000| Untracked 
| 111|0x0000000088500000, 0x0000000088500000, 0x0000000088600000|  0%| F|  |TAMS 0x0000000088500000, 0x0000000088500000| Untracked 
| 112|0x0000000088600000, 0x0000000088600000, 0x0000000088700000|  0%| F|  |TAMS 0x0000000088600000, 0x0000000088600000| Untracked 
| 113|0x0000000088700000, 0x0000000088700000, 0x0000000088800000|  0%| F|  |TAMS 0x0000000088700000, 0x0000000088700000| Untracked 
| 114|0x0000000088800000, 0x0000000088800000, 0x0000000088900000|  0%| F|  |TAMS 0x0000000088800000, 0x0000000088800000| Untracked 
| 115|0x0000000088900000, 0x0000000088900000, 0x0000000088a00000|  0%| F|  |TAMS 0x0000000088900000, 0x0000000088900000| Untracked 
| 116|0x0000000088a00000, 0x0000000088a00000, 0x0000000088b00000|  0%| F|  |TAMS 0x0000000088a00000, 0x0000000088a00000| Untracked 
| 117|0x0000000088b00000, 0x0000000088b00000, 0x0000000088c00000|  0%| F|  |TAMS 0x0000000088b00000, 0x0000000088b00000| Untracked 
| 118|0x0000000088c00000, 0x0000000088c00000, 0x0000000088d00000|  0%| F|  |TAMS 0x0000000088c00000, 0x0000000088c00000| Untracked 
| 119|0x0000000088d00000, 0x0000000088d00000, 0x0000000088e00000|  0%| F|  |TAMS 0x0000000088d00000, 0x0000000088d00000| Untracked 
| 120|0x0000000088e00000, 0x0000000088e00000, 0x0000000088f00000|  0%| F|  |TAMS 0x0000000088e00000, 0x0000000088e00000| Untracked 
| 121|0x0000000088f00000, 0x0000000088f00000, 0x0000000089000000|  0%| F|  |TAMS 0x0000000088f00000, 0x0000000088f00000| Untracked 
| 122|0x0000000089000000, 0x0000000089000000, 0x0000000089100000|  0%| F|  |TAMS 0x0000000089000000, 0x0000000089000000| Untracked 
| 123|0x0000000089100000, 0x0000000089100000, 0x0000000089200000|  0%| F|  |TAMS 0x0000000089100000, 0x0000000089100000| Untracked 
| 124|0x0000000089200000, 0x0000000089200000, 0x0000000089300000|  0%| F|  |TAMS 0x0000000089200000, 0x0000000089200000| Untracked 
| 125|0x0000000089300000, 0x0000000089300000, 0x0000000089400000|  0%| F|  |TAMS 0x0000000089300000, 0x0000000089300000| Untracked 
| 126|0x0000000089400000, 0x0000000089400000, 0x0000000089500000|  0%| F|  |TAMS 0x0000000089400000, 0x0000000089400000| Untracked 
| 127|0x0000000089500000, 0x0000000089500000, 0x0000000089600000|  0%| F|  |TAMS 0x0000000089500000, 0x0000000089500000| Untracked 
| 128|0x0000000089600000, 0x0000000089600000, 0x0000000089700000|  0%| F|  |TAMS 0x0000000089600000, 0x0000000089600000| Untracked 
| 129|0x0000000089700000, 0x0000000089700000, 0x0000000089800000|  0%| F|  |TAMS 0x0000000089700000, 0x0000000089700000| Untracked 
| 130|0x0000000089800000, 0x0000000089800000, 0x0000000089900000|  0%| F|  |TAMS 0x0000000089800000, 0x0000000089800000| Untracked 
| 131|0x0000000089900000, 0x0000000089900000, 0x0000000089a00000|  0%| F|  |TAMS 0x0000000089900000, 0x0000000089900000| Untracked 
| 132|0x0000000089a00000, 0x0000000089a00000, 0x0000000089b00000|  0%| F|  |TAMS 0x0000000089a00000, 0x0000000089a00000| Untracked 
| 133|0x0000000089b00000, 0x0000000089b00000, 0x0000000089c00000|  0%| F|  |TAMS 0x0000000089b00000, 0x0000000089b00000| Untracked 
| 134|0x0000000089c00000, 0x0000000089c80800, 0x0000000089d00000| 50%| E|  |TAMS 0x0000000089c00000, 0x0000000089c00000| Complete 
| 135|0x0000000089d00000, 0x0000000089e00000, 0x0000000089e00000|100%| E|CS|TAMS 0x0000000089d00000, 0x0000000089d00000| Complete 
| 136|0x0000000089e00000, 0x0000000089f00000, 0x0000000089f00000|100%| E|CS|TAMS 0x0000000089e00000, 0x0000000089e00000| Complete 
| 137|0x0000000089f00000, 0x000000008a000000, 0x000000008a000000|100%| E|CS|TAMS 0x0000000089f00000, 0x0000000089f00000| Complete 
| 138|0x000000008a000000, 0x000000008a100000, 0x000000008a100000|100%| E|CS|TAMS 0x000000008a000000, 0x000000008a000000| Complete 
| 139|0x000000008a100000, 0x000000008a200000, 0x000000008a200000|100%| E|CS|TAMS 0x000000008a100000, 0x000000008a100000| Complete 
| 140|0x000000008a200000, 0x000000008a300000, 0x000000008a300000|100%| E|CS|TAMS 0x000000008a200000, 0x000000008a200000| Complete 
| 141|0x000000008a300000, 0x000000008a400000, 0x000000008a400000|100%| E|CS|TAMS 0x000000008a300000, 0x000000008a300000| Complete 
| 142|0x000000008a400000, 0x000000008a500000, 0x000000008a500000|100%| E|CS|TAMS 0x000000008a400000, 0x000000008a400000| Complete 
| 143|0x000000008a500000, 0x000000008a600000, 0x000000008a600000|100%| E|CS|TAMS 0x000000008a500000, 0x000000008a500000| Complete 
| 144|0x000000008a600000, 0x000000008a700000, 0x000000008a700000|100%| E|CS|TAMS 0x000000008a600000, 0x000000008a600000| Complete 
| 145|0x000000008a700000, 0x000000008a800000, 0x000000008a800000|100%| E|CS|TAMS 0x000000008a700000, 0x000000008a700000| Complete 
| 146|0x000000008a800000, 0x000000008a900000, 0x000000008a900000|100%| E|CS|TAMS 0x000000008a800000, 0x000000008a800000| Complete 
| 147|0x000000008a900000, 0x000000008aa00000, 0x000000008aa00000|100%| E|CS|TAMS 0x000000008a900000, 0x000000008a900000| Complete 
| 148|0x000000008aa00000, 0x000000008ab00000, 0x000000008ab00000|100%| E|CS|TAMS 0x000000008aa00000, 0x000000008aa00000| Complete 
| 149|0x000000008ab00000, 0x000000008ac00000, 0x000000008ac00000|100%| E|CS|TAMS 0x000000008ab00000, 0x000000008ab00000| Complete 
| 150|0x000000008ac00000, 0x000000008ad00000, 0x000000008ad00000|100%| E|CS|TAMS 0x000000008ac00000, 0x000000008ac00000| Complete 
| 151|0x000000008ad00000, 0x000000008ae00000, 0x000000008ae00000|100%| E|CS|TAMS 0x000000008ad00000, 0x000000008ad00000| Complete 
| 152|0x000000008ae00000, 0x000000008af00000, 0x000000008af00000|100%| E|CS|TAMS 0x000000008ae00000, 0x000000008ae00000| Complete 
| 153|0x000000008af00000, 0x000000008b000000, 0x000000008b000000|100%| E|CS|TAMS 0x000000008af00000, 0x000000008af00000| Complete 

Card table byte_map: [0x0000012123c30000,0x0000012124030000] _byte_map_base: 0x0000012123825000

Marking Bits (Prev, Next): (CMBitMap*) 0x000001210e538aa0, (CMBitMap*) 0x000001210e538a68
 Prev Bits: [0x00000121263e0000, 0x0000012128388000)
 Next Bits: [0x0000012124430000, 0x00000121263d8000)

Polling page: 0x000001210e5d0000

Metaspace:

Usage:
  Non-class:     19.74 MB capacity,    19.18 MB ( 97%) used,   489.27 KB (  2%) free+waste,    88.00 KB ( <1%) overhead. 
      Class:      3.05 MB capacity,     2.74 MB ( 90%) used,   273.37 KB (  9%) free+waste,    44.13 KB (  1%) overhead. 
       Both:     22.79 MB capacity,    21.91 MB ( 96%) used,   762.63 KB (  3%) free+waste,   132.13 KB ( <1%) overhead. 

Virtual space:
  Non-class space:       20.00 MB reserved,      19.75 MB ( 99%) committed 
      Class space:        1.00 GB reserved,       3.12 MB ( <1%) committed 
             Both:        1.02 GB reserved,      22.87 MB (  2%) committed 

Chunk freelists:
   Non-Class:  9.00 KB
       Class:  17.00 KB
        Both:  26.00 KB

MaxMetaspaceSize: 17179869184.00 GB
CompressedClassSpaceSize: 1.00 GB

CodeHeap 'non-profiled nmethods': size=120000Kb used=1532Kb max_used=1532Kb free=118467Kb
 bounds [0x000001211b890000, 0x000001211bb00000, 0x0000012122dc0000]
CodeHeap 'profiled nmethods': size=120000Kb used=7166Kb max_used=7166Kb free=112833Kb
 bounds [0x0000012114360000, 0x0000012114a60000, 0x000001211b890000]
CodeHeap 'non-nmethods': size=5760Kb used=1148Kb max_used=1191Kb free=4611Kb
 bounds [0x0000012113dc0000, 0x0000012114030000, 0x0000012114360000]
 total_blobs=4619 nmethods=3115 adapters=382
 compilation: enabled
              stopped_count=0, restarted_count=0
 full_count=0

Compilation events (20 events):
Event: 6.708 Thread 0x000001212ae54000 nmethod 3115 0x000001211b9ffd90 code [0x000001211b9fff40, 0x000001211ba00078]
Event: 6.709 Thread 0x000001212cb6e800 3116       4       org.springframework.core.ResolvableType::<init> (39 bytes)
Event: 6.726 Thread 0x000001212ae54000 3118       3       java.lang.invoke.BoundMethodHandle$Species_L::<init> (12 bytes)
Event: 6.727 Thread 0x000001212ae54000 nmethod 3118 0x0000012114a56410 code [0x0000012114a565e0, 0x0000012114a56870]
Event: 6.728 Thread 0x000001212ae54000 3119       3       org.springframework.beans.factory.support.AbstractBeanFactory::isFactoryBean (60 bytes)
Event: 6.729 Thread 0x000001212ae54000 nmethod 3119 0x0000012114a56990 code [0x0000012114a56ba0, 0x0000012114a572a0]
Event: 6.740 Thread 0x000001212ae54000 3121       3       java.lang.invoke.MethodHandles$Lookup::getDirectMethodForConstant (71 bytes)
Event: 6.744 Thread 0x000001212ae54000 nmethod 3121 0x0000012114a57490 code [0x0000012114a577a0, 0x0000012114a58710]
Event: 6.744 Thread 0x000001212ae54000 3123       3       java.lang.reflect.Proxy$ProxyBuilder::getElementType (19 bytes)
Event: 6.744 Thread 0x000001212ae54000 nmethod 3123 0x0000012114a58c90 code [0x0000012114a58e80, 0x0000012114a591a0]
Event: 6.744 Thread 0x000001212ae54000 3122       3       java.lang.reflect.Proxy$ProxyBuilder::addElementType (19 bytes)
Event: 6.745 Thread 0x000001212ae54000 nmethod 3122 0x0000012114a59310 code [0x0000012114a59520, 0x0000012114a59b30]
Event: 6.748 Thread 0x000001212ae54000 3124   !   3       org.springframework.core.annotation.AnnotationsScanner::processClassHierarchy (227 bytes)
Event: 6.752 Thread 0x000001212ae54000 nmethod 3124 0x0000012114a59d10 code [0x0000012114a59fe0, 0x0000012114a5ad30]
Event: 6.752 Thread 0x000001212ae54000 3127       3       java.lang.Class::createAnnotationData (195 bytes)
Event: 6.755 Thread 0x000001212ae54000 nmethod 3127 0x0000012114a5b490 code [0x0000012114a5b820, 0x0000012114a5cf00]
Event: 6.755 Thread 0x000001212ae54000 3129       3       org.springframework.core.annotation.AnnotationsScanner::processClass (113 bytes)
Event: 6.758 Thread 0x000001212ae54000 nmethod 3129 0x0000012114a5d610 code [0x0000012114a5d900, 0x0000012114a5e910]
Event: 6.758 Thread 0x000001212ae54000 3128       3       org.springframework.core.annotation.TypeMappedAnnotations::get (52 bytes)
Event: 6.759 Thread 0x000001212ae54000 nmethod 3128 0x0000012114a5ee90 code [0x0000012114a5f0a0, 0x0000012114a5f770]

GC Heap History (10 events):
Event: 1.663 GC heap before
{Heap before GC invocations=0 (full 0):
 garbage-first heap   total 131072K, used 24576K [0x0000000081600000, 0x0000000100000000)
  region size 1024K, 24 young (24576K), 0 survivors (0K)
 Metaspace       used 4207K, capacity 6506K, committed 6656K, reserved 1056768K
  class space    used 446K, capacity 680K, committed 768K, reserved 1048576K
}
Event: 1.676 GC heap after
{Heap after GC invocations=1 (full 0):
 garbage-first heap   total 131072K, used 6638K [0x0000000081600000, 0x0000000100000000)
  region size 1024K, 3 young (3072K), 3 survivors (3072K)
 Metaspace       used 4207K, capacity 6506K, committed 6656K, reserved 1056768K
  class space    used 446K, capacity 680K, committed 768K, reserved 1048576K
}
Event: 1.943 GC heap before
{Heap before GC invocations=1 (full 0):
 garbage-first heap   total 131072K, used 46574K [0x0000000081600000, 0x0000000100000000)
  region size 1024K, 43 young (44032K), 3 survivors (3072K)
 Metaspace       used 4808K, capacity 6694K, committed 6912K, reserved 1056768K
  class space    used 517K, capacity 701K, committed 768K, reserved 1048576K
}
Event: 1.951 GC heap after
{Heap after GC invocations=2 (full 0):
 garbage-first heap   total 131072K, used 6892K [0x0000000081600000, 0x0000000100000000)
  region size 1024K, 4 young (4096K), 4 survivors (4096K)
 Metaspace       used 4808K, capacity 6694K, committed 6912K, reserved 1056768K
  class space    used 517K, capacity 701K, committed 768K, reserved 1048576K
}
Event: 3.661 GC heap before
{Heap before GC invocations=2 (full 0):
 garbage-first heap   total 131072K, used 61164K [0x0000000081600000, 0x0000000100000000)
  region size 1024K, 57 young (58368K), 4 survivors (4096K)
 Metaspace       used 13945K, capacity 14426K, committed 14592K, reserved 1062912K
  class space    used 1707K, capacity 1935K, committed 2048K, reserved 1048576K
}
Event: 3.682 GC heap after
{Heap after GC invocations=3 (full 0):
 garbage-first heap   total 131072K, used 9001K [0x0000000081600000, 0x0000000100000000)
  region size 1024K, 6 young (6144K), 6 survivors (6144K)
 Metaspace       used 13945K, capacity 14426K, committed 14592K, reserved 1062912K
  class space    used 1707K, capacity 1935K, committed 2048K, reserved 1048576K
}
Event: 4.601 GC heap before
{Heap before GC invocations=3 (full 0):
 garbage-first heap   total 131072K, used 79657K [0x0000000081600000, 0x0000000100000000)
  region size 1024K, 76 young (77824K), 6 survivors (6144K)
 Metaspace       used 17539K, capacity 18164K, committed 18304K, reserved 1064960K
  class space    used 2160K, capacity 2431K, committed 2432K, reserved 1048576K
}
Event: 4.613 GC heap after
{Heap after GC invocations=4 (full 0):
 garbage-first heap   total 131072K, used 10621K [0x0000000081600000, 0x0000000100000000)
  region size 1024K, 4 young (4096K), 4 survivors (4096K)
 Metaspace       used 17539K, capacity 18164K, committed 18304K, reserved 1064960K
  class space    used 2160K, capacity 2431K, committed 2432K, reserved 1048576K
}
Event: 5.881 GC heap before
{Heap before GC invocations=4 (full 0):
 garbage-first heap   total 131072K, used 46461K [0x0000000081600000, 0x0000000100000000)
  region size 1024K, 40 young (40960K), 4 survivors (4096K)
 Metaspace       used 20409K, capacity 21193K, committed 21248K, reserved 1067008K
  class space    used 2518K, capacity 2815K, committed 2816K, reserved 1048576K
}
Event: 5.896 GC heap after
{Heap after GC invocations=5 (full 0):
 garbage-first heap   total 157696K, used 11673K [0x0000000081600000, 0x0000000100000000)
  region size 1024K, 5 young (5120K), 5 survivors (5120K)
 Metaspace       used 20409K, capacity 21193K, committed 21248K, reserved 1067008K
  class space    used 2518K, capacity 2815K, committed 2816K, reserved 1048576K
}

Deoptimization events (20 events):
Event: 5.828 Thread 0x000001212cbec000 DEOPT PACKING pc=0x000001211b9c1ce4 sp=0x00000020641fd550
Event: 5.828 Thread 0x000001212cbec000 DEOPT UNPACKING pc=0x0000012113de922f sp=0x00000020641fd508 mode 2
Event: 5.863 Thread 0x000001212cbec000 DEOPT PACKING pc=0x00000121147d2a5c sp=0x00000020641fcc70
Event: 5.863 Thread 0x000001212cbec000 DEOPT UNPACKING pc=0x0000012113de904e sp=0x00000020641fc1d8 mode 0
Event: 5.866 Thread 0x000001212cbec000 Uncommon trap: trap_request=0xffffffde fr.pc=0x000001211b9a64e0 relative=0x00000000000007c0
Event: 5.866 Thread 0x000001212cbec000 Uncommon trap: reason=class_check action=maybe_recompile pc=0x000001211b9a64e0 method=org.springframework.util.ConcurrentReferenceHashMap$Segment.findInChain(Lorg/springframework/util/ConcurrentReferenceHashMap$Reference;Ljava/lang/Object;I)Lorg/springfra
Event: 5.866 Thread 0x000001212cbec000 DEOPT PACKING pc=0x000001211b9a64e0 sp=0x00000020641fd8d0
Event: 5.867 Thread 0x000001212cbec000 DEOPT UNPACKING pc=0x0000012113de922f sp=0x00000020641fd718 mode 2
Event: 6.369 Thread 0x000001212cbec000 Uncommon trap: trap_request=0xffffff4d fr.pc=0x000001211b9f04a4 relative=0x00000000000035e4
Event: 6.369 Thread 0x000001212cbec000 Uncommon trap: reason=unstable_if action=reinterpret pc=0x000001211b9f04a4 method=org.springframework.beans.factory.support.AbstractBeanFactory.isTypeMatch(Ljava/lang/String;Lorg/springframework/core/ResolvableType;Z)Z @ 99 c2
Event: 6.369 Thread 0x000001212cbec000 DEOPT PACKING pc=0x000001211b9f04a4 sp=0x00000020641fdec0
Event: 6.370 Thread 0x000001212cbec000 DEOPT UNPACKING pc=0x0000012113de922f sp=0x00000020641fde78 mode 2
Event: 6.678 Thread 0x000001212cbec000 Uncommon trap: trap_request=0xffffff4d fr.pc=0x000001211b9e3b30 relative=0x00000000000002f0
Event: 6.678 Thread 0x000001212cbec000 Uncommon trap: reason=unstable_if action=reinterpret pc=0x000001211b9e3b30 method=org.springframework.beans.factory.support.AbstractBeanFactory.getBeanPostProcessorCache()Lorg/springframework/beans/factory/support/AbstractBeanFactory$BeanPostProcessorCach
Event: 6.678 Thread 0x000001212cbec000 DEOPT PACKING pc=0x000001211b9e3b30 sp=0x00000020641fddd0
Event: 6.678 Thread 0x000001212cbec000 DEOPT UNPACKING pc=0x0000012113de922f sp=0x00000020641fdc90 mode 2
Event: 6.725 Thread 0x000001212cbec000 Uncommon trap: trap_request=0xffffff4d fr.pc=0x000001211b9e0780 relative=0x0000000000000420
Event: 6.725 Thread 0x000001212cbec000 Uncommon trap: reason=unstable_if action=reinterpret pc=0x000001211b9e0780 method=org.springframework.beans.factory.support.AbstractBeanFactory.hasInstantiationAwareBeanPostProcessors()Z @ 12 c2
Event: 6.725 Thread 0x000001212cbec000 DEOPT PACKING pc=0x000001211b9e0780 sp=0x00000020641fdc40
Event: 6.725 Thread 0x000001212cbec000 DEOPT UNPACKING pc=0x0000012113de922f sp=0x00000020641fdb08 mode 2

Classes redefined (0 events):
No events

Internal exceptions (20 events):
Event: 3.636 Thread 0x000001212cbec000 Exception <a 'java/lang/ClassNotFoundException'{0x0000000085e5bdb8}: org/springframework/core/OrderedCustomizer> (0x0000000085e5bdb8) thrown at [c:/BuildAgent/work/5ff2f6c26000d570/src/hotspot/share/classfile/systemDictionary.cpp, line 231]
Event: 3.637 Thread 0x000001212cbec000 Exception <a 'java/lang/ClassNotFoundException'{0x0000000085ec8e10}: org/springframework/context/ResourceLoaderAwareCustomizer> (0x0000000085ec8e10) thrown at [c:/BuildAgent/work/5ff2f6c26000d570/src/hotspot/share/classfile/systemDictionary.cpp, line 231]
Event: 3.639 Thread 0x000001212cbec000 Exception <a 'java/lang/ClassNotFoundException'{0x0000000085ed89d0}: org/springframework/beans/factory/AwareCustomizer> (0x0000000085ed89d0) thrown at [c:/BuildAgent/work/5ff2f6c26000d570/src/hotspot/share/classfile/systemDictionary.cpp, line 231]
Event: 3.640 Thread 0x000001212cbec000 Exception <a 'java/lang/ClassNotFoundException'{0x0000000085ee90f0}: org/springframework/context/ApplicationStartupAwareCustomizer> (0x0000000085ee90f0) thrown at [c:/BuildAgent/work/5ff2f6c26000d570/src/hotspot/share/classfile/systemDictionary.cpp, line 
Event: 3.641 Thread 0x000001212cbec000 Exception <a 'java/lang/ClassNotFoundException'{0x0000000085ef8f28}: org/springframework/beans/factory/AwareCustomizer> (0x0000000085ef8f28) thrown at [c:/BuildAgent/work/5ff2f6c26000d570/src/hotspot/share/classfile/systemDictionary.cpp, line 231]
Event: 3.642 Thread 0x000001212cbec000 Exception <a 'java/lang/ClassNotFoundException'{0x0000000085d09ff0}: org/springframework/beans/factory/BeanClassLoaderAwareCustomizer> (0x0000000085d09ff0) thrown at [c:/BuildAgent/work/5ff2f6c26000d570/src/hotspot/share/classfile/systemDictionary.cpp, li
Event: 3.644 Thread 0x000001212cbec000 Exception <a 'java/lang/ClassNotFoundException'{0x0000000085d19bc8}: org/springframework/beans/factory/AwareCustomizer> (0x0000000085d19bc8) thrown at [c:/BuildAgent/work/5ff2f6c26000d570/src/hotspot/share/classfile/systemDictionary.cpp, line 231]
Event: 3.645 Thread 0x000001212cbec000 Exception <a 'java/lang/ClassNotFoundException'{0x0000000085d29430}: org/springframework/context/EnvironmentAwareCustomizer> (0x0000000085d29430) thrown at [c:/BuildAgent/work/5ff2f6c26000d570/src/hotspot/share/classfile/systemDictionary.cpp, line 231]
Event: 3.646 Thread 0x000001212cbec000 Exception <a 'java/lang/ClassNotFoundException'{0x0000000085d38f80}: org/springframework/beans/factory/AwareCustomizer> (0x0000000085d38f80) thrown at [c:/BuildAgent/work/5ff2f6c26000d570/src/hotspot/share/classfile/systemDictionary.cpp, line 231]
Event: 4.131 Thread 0x000001212c349000 Exception <a 'java/lang/NoSuchMethodError'{0x00000000868f4ce0}: 'long java.lang.invoke.DirectMethodHandle$Holder.invokeSpecial(java.lang.Object, java.lang.Object)'> (0x00000000868f4ce0) thrown at [c:/BuildAgent/work/5ff2f6c26000d570/src/hotspot/share/inte
Event: 4.138 Thread 0x000001212c349000 Exception <a 'java/lang/NoSuchMethodError'{0x00000000868ff098}: 'long java.lang.invoke.DirectMethodHandle$Holder.invokeStatic(java.lang.Object, java.lang.Object)'> (0x00000000868ff098) thrown at [c:/BuildAgent/work/5ff2f6c26000d570/src/hotspot/share/inter
Event: 4.139 Thread 0x000001212c349000 Exception <a 'java/lang/NoSuchMethodError'{0x0000000085e8ef60}: 'long java.lang.invoke.DirectMethodHandle$Holder.invokeStaticInit(java.lang.Object, java.lang.Object)'> (0x0000000085e8ef60) thrown at [c:/BuildAgent/work/5ff2f6c26000d570/src/hotspot/share/i
Event: 4.144 Thread 0x000001212c349000 Exception <a 'java/lang/NoSuchMethodError'{0x0000000085e9b420}: 'long java.lang.invoke.DirectMethodHandle$Holder.invokeInterface(java.lang.Object, java.lang.Object)'> (0x0000000085e9b420) thrown at [c:/BuildAgent/work/5ff2f6c26000d570/src/hotspot/share/in
Event: 4.144 Thread 0x000001212c349000 Exception <a 'java/lang/IncompatibleClassChangeError'{0x0000000085e9e1b8}: Found class java.lang.Object, but interface was expected> (0x0000000085e9e1b8) thrown at [c:/BuildAgent/work/5ff2f6c26000d570/src/hotspot/share/interpreter/linkResolver.cpp, line 8
Event: 4.172 Thread 0x000001212c349000 Exception <a 'java/lang/NoSuchMethodError'{0x0000000085de7d48}: 'java.lang.Object java.lang.invoke.DirectMethodHandle$Holder.invokeVirtual(java.lang.Object, java.lang.Object, java.lang.Object, java.lang.Object)'> (0x0000000085de7d48) thrown at [c:/BuildAg
Event: 4.291 Thread 0x000001212cbec000 Exception <a 'java/lang/IncompatibleClassChangeError'{0x00000000852fc200}: Found class java.lang.Object, but interface was expected> (0x00000000852fc200) thrown at [c:/BuildAgent/work/5ff2f6c26000d570/src/hotspot/share/interpreter/linkResolver.cpp, line 8
Event: 4.398 Thread 0x000001212cbec000 Exception <a 'java/lang/NoSuchMethodError'{0x00000000850fe040}: 'void java.lang.invoke.DirectMethodHandle$Holder.invokeInterface(java.lang.Object, java.lang.Object, java.lang.Object, java.lang.Object)'> (0x00000000850fe040) thrown at [c:/BuildAgent/work/5
Event: 6.678 Thread 0x000001212cbec000 Implicit null exception at 0x000001211b9e38b7 to 0x000001211b9e3b06
Event: 6.721 Thread 0x000001212cbec000 Exception <a 'java/lang/NoClassDefFoundError'{0x0000000089d6faf8}: org/flywaydb/core/Flyway> (0x0000000089d6faf8) thrown at [c:/BuildAgent/work/5ff2f6c26000d570/src/hotspot/share/classfile/systemDictionary.cpp, line 220]
Event: 6.721 Thread 0x000001212cbec000 Exception <a 'java/lang/NoClassDefFoundError'{0x0000000089d75f88}: liquibase/integration/spring/SpringLiquibase> (0x0000000089d75f88) thrown at [c:/BuildAgent/work/5ff2f6c26000d570/src/hotspot/share/classfile/systemDictionary.cpp, line 220]

Events (20 events):
Event: 6.733 loading class org/springframework/boot/sql/init/dependency/AnnotationDependsOnDatabaseInitializationDetector
Event: 6.733 loading class org/springframework/boot/sql/init/dependency/AnnotationDependsOnDatabaseInitializationDetector done
Event: 6.734 loading class org/springframework/boot/jdbc/SpringJdbcDependsOnDatabaseInitializationDetector
Event: 6.734 loading class org/springframework/boot/jdbc/SpringJdbcDependsOnDatabaseInitializationDetector done
Event: 6.734 loading class org/springframework/boot/sql/init/dependency/AbstractBeansOfTypeDependsOnDatabaseInitializationDetector
Event: 6.734 loading class org/springframework/boot/sql/init/dependency/AbstractBeansOfTypeDependsOnDatabaseInitializationDetector done
Event: 6.735 loading class org/springframework/boot/jooq/JooqDependsOnDatabaseInitializationDetector
Event: 6.735 loading class org/springframework/boot/jooq/JooqDependsOnDatabaseInitializationDetector done
Event: 6.736 loading class org/springframework/boot/orm/jpa/JpaDependsOnDatabaseInitializationDetector
Event: 6.736 loading class org/springframework/boot/orm/jpa/JpaDependsOnDatabaseInitializationDetector done
Event: 6.737 loading class org/springframework/boot/autoconfigure/batch/JobRepositoryDependsOnDatabaseInitializationDetector
Event: 6.737 loading class org/springframework/boot/autoconfigure/batch/JobRepositoryDependsOnDatabaseInitializationDetector done
Event: 6.738 loading class org/springframework/boot/autoconfigure/quartz/SchedulerDependsOnDatabaseInitializationDetector
Event: 6.738 loading class org/springframework/boot/autoconfigure/quartz/SchedulerDependsOnDatabaseInitializationDetector done
Event: 6.739 loading class org/springframework/boot/autoconfigure/session/JdbcIndexedSessionRepositoryDependsOnDatabaseInitializationDetector
Event: 6.739 loading class org/springframework/boot/autoconfigure/session/JdbcIndexedSessionRepositoryDependsOnDatabaseInitializationDetector done
Event: 6.740 loading class org/springframework/boot/sql/init/dependency/DependsOnDatabaseInitialization
Event: 6.740 loading class org/springframework/boot/sql/init/dependency/DependsOnDatabaseInitialization done
Event: 6.741 loading class org/springframework/core/annotation/MergedAnnotation
Event: 6.741 loading class org/springframework/core/annotation/MergedAnnotation done


Dynamic libraries:
0x00007ff663d10000 - 0x00007ff663d1a000 	C:\Program Files\JetBrains\IntelliJ IDEA Community Edition 2019.3.4\jbr\bin\java.exe
0x00007ffff6600000 - 0x00007ffff6809000 	C:\WINDOWS\SYSTEM32\ntdll.dll
0x00007ffff56e0000 - 0x00007ffff579d000 	C:\WINDOWS\System32\KERNEL32.DLL
0x00007ffff3e20000 - 0x00007ffff4194000 	C:\WINDOWS\System32\KERNELBASE.dll
0x00007ffff3af0000 - 0x00007ffff3c01000 	C:\WINDOWS\System32\ucrtbase.dll
0x00007fffef130000 - 0x00007fffef149000 	C:\Program Files\JetBrains\IntelliJ IDEA Community Edition 2019.3.4\jbr\bin\jli.dll
0x00007fffef330000 - 0x00007fffef347000 	C:\Program Files\JetBrains\IntelliJ IDEA Community Edition 2019.3.4\jbr\bin\VCRUNTIME140.dll
0x00007ffff45e0000 - 0x00007ffff478c000 	C:\WINDOWS\System32\USER32.dll
0x00007ffff4260000 - 0x00007ffff4286000 	C:\WINDOWS\System32\win32u.dll
0x00007ffff6320000 - 0x00007ffff6349000 	C:\WINDOWS\System32\GDI32.dll
0x00007fffdc550000 - 0x00007fffdc7f5000 	C:\WINDOWS\WinSxS\amd64_microsoft.windows.common-controls_6595b64144ccf1df_6.0.22000.120_none_9d947278b86cc467\COMCTL32.dll
0x00007ffff3c90000 - 0x00007ffff3da2000 	C:\WINDOWS\System32\gdi32full.dll
0x00007ffff4fd0000 - 0x00007ffff5073000 	C:\WINDOWS\System32\msvcrt.dll
0x00007ffff4400000 - 0x00007ffff449d000 	C:\WINDOWS\System32\msvcp_win.dll
0x00007ffff62d0000 - 0x00007ffff6301000 	C:\WINDOWS\System32\IMM32.DLL
0x00007fffd8a60000 - 0x00007fffd8afd000 	C:\Program Files\JetBrains\IntelliJ IDEA Community Edition 2019.3.4\jbr\bin\msvcp140.dll
0x00007fff81a20000 - 0x00007fff824dd000 	C:\Program Files\JetBrains\IntelliJ IDEA Community Edition 2019.3.4\jbr\bin\server\jvm.dll
0x00007ffff5fb0000 - 0x00007ffff605e000 	C:\WINDOWS\System32\ADVAPI32.dll
0x00007ffff6060000 - 0x00007ffff60fe000 	C:\WINDOWS\System32\sechost.dll
0x00007ffff44a0000 - 0x00007ffff45c0000 	C:\WINDOWS\System32\RPCRT4.dll
0x00007ffff6310000 - 0x00007ffff6318000 	C:\WINDOWS\System32\PSAPI.DLL
0x00007fffcd8c0000 - 0x00007fffcd8c9000 	C:\WINDOWS\SYSTEM32\WSOCK32.dll
0x00007fffeef20000 - 0x00007fffeef53000 	C:\WINDOWS\SYSTEM32\WINMM.dll
0x00007ffff4dc0000 - 0x00007ffff4e2f000 	C:\WINDOWS\System32\WS2_32.dll
0x00007fffecdf0000 - 0x00007fffecdfa000 	C:\WINDOWS\SYSTEM32\VERSION.dll
0x00007ffff2ce0000 - 0x00007ffff2cf8000 	C:\WINDOWS\SYSTEM32\kernel.appcore.dll
0x00007fffa8c70000 - 0x00007fffa8c81000 	C:\Program Files\JetBrains\IntelliJ IDEA Community Edition 2019.3.4\jbr\bin\verify.dll
0x00007fffebf30000 - 0x00007fffec151000 	C:\WINDOWS\SYSTEM32\DBGHELP.DLL
0x00007fffebb20000 - 0x00007fffebb51000 	C:\WINDOWS\SYSTEM32\dbgcore.DLL
0x00007ffff3c10000 - 0x00007ffff3c8f000 	C:\WINDOWS\System32\bcryptPrimitives.dll
0x00007fff9c6a0000 - 0x00007fff9c6c9000 	C:\Program Files\JetBrains\IntelliJ IDEA Community Edition 2019.3.4\jbr\bin\java.dll
0x00007ffff0c40000 - 0x00007ffff0c4f000 	C:\Program Files\JetBrains\IntelliJ IDEA Community Edition 2019.3.4\jbr\bin\instrument.dll
0x00007fff9c680000 - 0x00007fff9c698000 	C:\Program Files\JetBrains\IntelliJ IDEA Community Edition 2019.3.4\jbr\bin\zip.dll
0x00007fffcd880000 - 0x00007fffcd88b000 	C:\Program Files\JetBrains\IntelliJ IDEA Community Edition 2019.3.4\jbr\bin\jimage.dll
0x00007ffff5800000 - 0x00007ffff5fae000 	C:\WINDOWS\System32\SHELL32.dll
0x00007ffff1c70000 - 0x00007ffff24d7000 	C:\WINDOWS\SYSTEM32\windows.storage.dll
0x00007ffff5250000 - 0x00007ffff55c8000 	C:\WINDOWS\System32\combase.dll
0x00007ffff1b00000 - 0x00007ffff1c66000 	C:\WINDOWS\SYSTEM32\wintypes.dll
0x00007ffff61e0000 - 0x00007ffff62ca000 	C:\WINDOWS\System32\SHCORE.dll
0x00007ffff57a0000 - 0x00007ffff57fd000 	C:\WINDOWS\System32\shlwapi.dll
0x00007ffff3a20000 - 0x00007ffff3a41000 	C:\WINDOWS\SYSTEM32\profapi.dll
0x00007fff9c660000 - 0x00007fff9c67a000 	C:\Program Files\JetBrains\IntelliJ IDEA Community Edition 2019.3.4\jbr\bin\net.dll
0x00007fffeef60000 - 0x00007fffef06c000 	C:\WINDOWS\SYSTEM32\WINHTTP.dll
0x00007ffff3110000 - 0x00007ffff3177000 	C:\WINDOWS\system32\mswsock.dll
0x00007fff9c640000 - 0x00007fff9c654000 	C:\Program Files\JetBrains\IntelliJ IDEA Community Edition 2019.3.4\jbr\bin\nio.dll
0x00007ffff01b0000 - 0x00007ffff01ca000 	C:\Program Files\JetBrains\IntelliJ IDEA Community Edition 2019.3.4\bin\breakgen64.dll
0x00007fffca490000 - 0x00007fffca49a000 	C:\Program Files\JetBrains\IntelliJ IDEA Community Edition 2019.3.4\jbr\bin\management.dll
0x00007fffc4b60000 - 0x00007fffc4b6c000 	C:\Program Files\JetBrains\IntelliJ IDEA Community Edition 2019.3.4\jbr\bin\management_ext.dll
0x00007fffe8380000 - 0x00007fffe8397000 	C:\WINDOWS\system32\napinsp.dll
0x00007fffe83a0000 - 0x00007fffe83bb000 	C:\WINDOWS\system32\pnrpnsp.dll
0x00007ffff2840000 - 0x00007ffff2927000 	C:\WINDOWS\SYSTEM32\DNSAPI.dll
0x00007ffff2810000 - 0x00007ffff283d000 	C:\WINDOWS\SYSTEM32\IPHLPAPI.DLL
0x00007ffff5100000 - 0x00007ffff5109000 	C:\WINDOWS\System32\NSI.dll
0x00007fffe9d30000 - 0x00007fffe9d42000 	C:\WINDOWS\System32\winrnr.dll
0x00007fffcfec0000 - 0x00007fffcfed5000 	C:\WINDOWS\system32\wshbth.dll
0x00007fffafb90000 - 0x00007fffafbaf000 	C:\WINDOWS\system32\nlansp_c.dll
0x00007fffecfa0000 - 0x00007fffecfaa000 	C:\Windows\System32\rasadhlp.dll
0x00007fffedc60000 - 0x00007fffedce1000 	C:\WINDOWS\System32\fwpuclnt.dll

dbghelp: loaded successfully - version: 4.0.5 - missing functions: none
symbol engine: initialized successfully - sym options: 0x614 - pdb path: .;C:\Program Files\JetBrains\IntelliJ IDEA Community Edition 2019.3.4\jbr\bin;C:\WINDOWS\SYSTEM32;C:\WINDOWS\WinSxS\amd64_microsoft.windows.common-controls_6595b64144ccf1df_6.0.22000.120_none_9d947278b86cc467;C:\Program Files\JetBrains\IntelliJ IDEA Community Edition 2019.3.4\jbr\bin\server;C:\Program Files\JetBrains\IntelliJ IDEA Community Edition 2019.3.4\bin

VM Arguments:
jvm_args: -javaagent:C:\Program Files\JetBrains\IntelliJ IDEA Community Edition 2019.3.4\lib\idea_rt.jar=60903:C:\Program Files\JetBrains\IntelliJ IDEA Community Edition 2019.3.4\bin -Dfile.encoding=UTF-8 
java_command: com.smartedulanka.finalyearproject.FinalyearprojectApplication
java_class_path (initial): D:\Final_year_project\finalyearproject\finalyearproject\target\classes;C:\Users\User\.m2\repository\org\springframework\boot\spring-boot-starter-thymeleaf\2.6.3\spring-boot-starter-thymeleaf-2.6.3.jar;C:\Users\User\.m2\repository\org\springframework\boot\spring-boot-starter\2.6.3\spring-boot-starter-2.6.3.jar;C:\Users\User\.m2\repository\org\springframework\boot\spring-boot-starter-logging\2.6.3\spring-boot-starter-logging-2.6.3.jar;C:\Users\User\.m2\repository\ch\qos\logback\logback-classic\1.2.10\logback-classic-1.2.10.jar;C:\Users\User\.m2\repository\ch\qos\logback\logback-core\1.2.10\logback-core-1.2.10.jar;C:\Users\User\.m2\repository\org\apache\logging\log4j\log4j-to-slf4j\2.17.1\log4j-to-slf4j-2.17.1.jar;C:\Users\User\.m2\repository\org\apache\logging\log4j\log4j-api\2.17.1\log4j-api-2.17.1.jar;C:\Users\User\.m2\repository\org\slf4j\jul-to-slf4j\1.7.33\jul-to-slf4j-1.7.33.jar;C:\Users\User\.m2\repository\jakarta\annotation\jakarta.annotation-api\1.3.5\jakarta.annotation-api-1.3.5.jar;C:\Users\User\.m2\repository\org\yaml\snakeyaml\1.29\snakeyaml-1.29.jar;C:\Users\User\.m2\repository\org\thymeleaf\thymeleaf-spring5\3.0.14.RELEASE\thymeleaf-spring5-3.0.14.RELEASE.jar;C:\Users\User\.m2\repository\org\thymeleaf\thymeleaf\3.0.14.RELEASE\thymeleaf-3.0.14.RELEASE.jar;C:\Users\User\.m2\repository\org\attoparser\attoparser\2.0.5.RELEASE\attoparser-2.0.5.RELEASE.jar;C:\Users\User\.m2\repository\org\unbescape\unbescape\1.1.6.RELEASE\unbescape-1.1.6.RELEASE.jar;C:\Users\User\.m2\repository\org\thymeleaf\extras\thymeleaf-extras-java8time\3.0.4.RELEASE\thymeleaf-extras-java8time-3.0.4.RELEASE.jar;C:\Users\User\.m2\repository\org\springframework\boot\spring-boot-starter-data-jpa\2.6.3\spring-boot-starter-data-jpa-2.6.3.jar;C:\Users\User\.m2\repository\org\springframework\boot\spring-boot-starter-aop\2.6.3\spring-boot-starter-aop-2.6.3.jar;C:\Users\User\.m2\repository\org\aspectj\aspectjweaver\1.9.7\aspectjweaver-1.9.7.jar;C:\Users\User\.m2\repos
Launcher Type: SUN_STANDARD

[Global flags]
     intx CICompilerCount                          = 4                                         {product} {ergonomic}
     uint ConcGCThreads                            = 2                                         {product} {ergonomic}
     uint G1ConcRefinementThreads                  = 8                                         {product} {ergonomic}
   size_t G1HeapRegionSize                         = 1048576                                   {product} {ergonomic}
    uintx GCDrainStackTargetSize                   = 64                                        {product} {ergonomic}
   size_t InitialHeapSize                          = 134217728                                 {product} {ergonomic}
   size_t MarkStackSize                            = 4194304                                   {product} {ergonomic}
   size_t MaxHeapSize                              = 2124414976                                {product} {ergonomic}
   size_t MaxNewSize                               = 1274019840                                {product} {ergonomic}
   size_t MinHeapDeltaBytes                        = 1048576                                   {product} {ergonomic}
    uintx NonNMethodCodeHeapSize                   = 5836300                                {pd product} {ergonomic}
    uintx NonProfiledCodeHeapSize                  = 122910970                              {pd product} {ergonomic}
    uintx ProfiledCodeHeapSize                     = 122910970                              {pd product} {ergonomic}
    uintx ReservedCodeCacheSize                    = 251658240                              {pd product} {ergonomic}
     bool SegmentedCodeCache                       = true                                      {product} {ergonomic}
     bool UseCompressedClassPointers               = true                                 {lp64_product} {ergonomic}
     bool UseCompressedOops                        = true                                 {lp64_product} {ergonomic}
     bool UseG1GC                                  = true                                      {product} {ergonomic}
     bool UseLargePagesIndividualAllocation        = false                                  {pd product} {ergonomic}

Logging:
Log output configuration:
 #0: stdout all=warning uptime,level,tags
 #1: stderr all=off uptime,level,tags

Environment Variables:
JAVA_HOME=C:\Program Files\Java\jdk-16.0.1
PATH=C:\Program Files\Common Files\Oracle\Java\javapath;C:\WINDOWS\system32;C:\WINDOWS;C:\WINDOWS\System32\Wbem;C:\WINDOWS\System32\WindowsPowerShell\v1.0\;C:\WINDOWS\System32\OpenSSH\;C:\Program Files\Java\jdk-16.0.1\bin;C:\Program Files\apache-maven-3.8.1-bin\apache-maven-3.8.1\bin;C:\Program Files\Git\cmd;C:\Users\User\AppData\Local\Programs\Python\Python310\Scripts\;C:\Users\User\AppData\Local\Programs\Python\Python310\;C:\Users\User\AppData\Local\Microsoft\WindowsApps;;C:\Program Files\JetBrains\IntelliJ IDEA Community Edition 2019.3.4\bin;;C:\Users\User\AppData\Local\Programs\Microsoft VS Code\bin
USERNAME=User
OS=Windows_NT
PROCESSOR_IDENTIFIER=Intel64 Family 6 Model 142 Stepping 10, GenuineIntel



---------------  S Y S T E M  ---------------

OS: Windows 10 , 64 bit Build 22000 (10.0.22000.434)

CPU:total 8 (initial active 8) (4 cores per cpu, 2 threads per core) family 6 model 142 stepping 10, cmov, cx8, fxsr, mmx, sse, sse2, sse3, ssse3, sse4.1, sse4.2, popcnt, avx, avx2, aes, clmul, erms, 3dnowpref, lzcnt, ht, tsc, tscinvbit, bmi1, bmi2, adx, fma

Memory: 4k page, system-wide physical 8101M (558M free)
TotalPageFile size 19845M (AvailPageFile size 8M)
current process WorkingSet (physical memory assigned to process): 229M, peak: 237M
current process commit charge ("private bytes"): 313M, peak: 320M

vm_info: OpenJDK 64-Bit Server VM (11.0.6+8-b520.43) for windows-amd64 JRE (11.0.6+8-b520.43), built on Feb  3 2020 14:18:56 by "" with MS VC++ 14.0 (VS2015)

END.
