#
# There is insufficient memory for the Java Runtime Environment to continue.
# Native memory allocation (malloc) failed to allocate 335776 bytes for Chunk::new
# Possible reasons:
#   The system is out of physical RAM or swap space
#   The process is running with CompressedOops enabled, and the Java Heap may be blocking the growth of the native heap
# Possible solutions:
#   Reduce memory load on the system
#   Increase physical memory or swap space
#   Check if swap backing store is full
#   Decrease Java heap size (-Xmx/-Xms)
#   Decrease number of Java threads
#   Decrease Java thread stack sizes (-Xss)
#   Set larger code cache with -XX:ReservedCodeCacheSize=
#   JVM is running with Unscaled Compressed Oops mode in which the Java heap is
#     placed in the first 4GB address space. The Java Heap base address is the
#     maximum limit for the native heap growth. Please use -XX:HeapBaseMinAddress
#     to set the Java Heap base and to place the Java Heap above 4GB virtual address.
# This output file may be truncated or incomplete.
#
#  Out of Memory Error (c:/BuildAgent/work/5ff2f6c26000d570/src/hotspot/share/memory/arena.cpp:197), pid=3520, tid=4156
#
# JRE version: OpenJDK Runtime Environment (11.0.6+8) (build 11.0.6+8-b520.43)
# Java VM: OpenJDK 64-Bit Server VM (11.0.6+8-b520.43, mixed mode, sharing, tiered, compressed oops, g1 gc, windows-amd64)
# No core dump will be written. Minidumps are not enabled by default on client versions of Windows
#

---------------  S U M M A R Y ------------

Command Line: -javaagent:C:\Program Files\JetBrains\IntelliJ IDEA Community Edition 2019.3.4\lib\idea_rt.jar=58690:C:\Program Files\JetBrains\IntelliJ IDEA Community Edition 2019.3.4\bin -Dfile.encoding=UTF-8 com.smartedulanka.finalyearproject.FinalyearprojectApplication

Host: Intel(R) Core(TM) i5-8250U CPU @ 1.60GHz, 8 cores, 7G,  Windows 10 , 64 bit Build 22000 (10.0.22000.434)
Time: Sat May 14 14:26:32 2022 Sri Lanka Standard Time elapsed time: 885 seconds (0d 0h 14m 45s)

---------------  T H R E A D  ---------------

Current thread (0x000001691f89b000):  JavaThread "C2 CompilerThread0" daemon [_thread_in_native, id=4156, stack(0x0000004ca6f00000,0x0000004ca7000000)]


Current CompileTask:
C2: 885313 8273       4       org.attoparser.AbstractChainedMarkupHandler::handleText (17 bytes)

Stack: [0x0000004ca6f00000,0x0000004ca7000000]
Native frames: (J=compiled Java code, j=interpreted, Vv=VM code, C=native code)
V  [jvm.dll+0x5de31a]
V  [jvm.dll+0x710ae5]
V  [jvm.dll+0x712005]
V  [jvm.dll+0x7126b3]
V  [jvm.dll+0x23e3a8]
V  [jvm.dll+0xb8b5c]
V  [jvm.dll+0xb905c]
V  [jvm.dll+0x2b1ec4]
V  [jvm.dll+0x502b42]
V  [jvm.dll+0x1f931c]
V  [jvm.dll+0x1f691f]
V  [jvm.dll+0x17f76c]
V  [jvm.dll+0x204dd7]
V  [jvm.dll+0x203641]
V  [jvm.dll+0x6da98f]
V  [jvm.dll+0x6d379d]
V  [jvm.dll+0x5dd2e6]
C  [ucrtbase.dll+0x26c0c]
C  [KERNEL32.DLL+0x154e0]
C  [ntdll.dll+0x485b]


---------------  P R O C E S S  ---------------

Threads class SMR info:
_java_thread_list=0x0000016922915c90, length=32, elements={
0x000001691f87d800, 0x000001691f87e800, 0x000001691f893000, 0x000001691f894000,
0x000001691f89b000, 0x000001691f8ac000, 0x000001691f8b5800, 0x000001691f861800,
0x00000169204e3800, 0x00000169204e4800, 0x000001692612f800, 0x0000016925925000,
0x0000016924486800, 0x0000016923531800, 0x0000016925b3f800, 0x00000169232ed000,
0x00000169232ec800, 0x00000169232ee800, 0x00000169232f3000, 0x00000169232ef800,
0x00000169232ee000, 0x00000169232f0800, 0x00000169232f2000, 0x00000169232f1000,
0x0000016925c16800, 0x0000016925c15000, 0x0000016925c15800, 0x0000016925c13800,
0x0000016925c17800, 0x0000016925c18000, 0x0000016925c1a000, 0x0000016920237000
}

Java Threads: ( => current thread )
  0x000001691f87d800 JavaThread "Reference Handler" daemon [_thread_blocked, id=5532, stack(0x0000004ca6b00000,0x0000004ca6c00000)]
  0x000001691f87e800 JavaThread "Finalizer" daemon [_thread_blocked, id=16652, stack(0x0000004ca6c00000,0x0000004ca6d00000)]
  0x000001691f893000 JavaThread "Signal Dispatcher" daemon [_thread_blocked, id=9016, stack(0x0000004ca6d00000,0x0000004ca6e00000)]
  0x000001691f894000 JavaThread "Attach Listener" daemon [_thread_blocked, id=19824, stack(0x0000004ca6e00000,0x0000004ca6f00000)]
=>0x000001691f89b000 JavaThread "C2 CompilerThread0" daemon [_thread_in_native, id=4156, stack(0x0000004ca6f00000,0x0000004ca7000000)]
  0x000001691f8ac000 JavaThread "C1 CompilerThread0" daemon [_thread_blocked, id=16620, stack(0x0000004ca7000000,0x0000004ca7100000)]
  0x000001691f8b5800 JavaThread "Sweeper thread" daemon [_thread_blocked, id=13472, stack(0x0000004ca7100000,0x0000004ca7200000)]
  0x000001691f861800 JavaThread "Common-Cleaner" daemon [_thread_blocked, id=22656, stack(0x0000004ca7200000,0x0000004ca7300000)]
  0x00000169204e3800 JavaThread "Monitor Ctrl-Break" daemon [_thread_in_native, id=9332, stack(0x0000004ca7400000,0x0000004ca7500000)]
  0x00000169204e4800 JavaThread "Service Thread" daemon [_thread_blocked, id=19028, stack(0x0000004ca7500000,0x0000004ca7600000)]
  0x000001692612f800 JavaThread "Catalina-utility-1" [_thread_blocked, id=23384, stack(0x0000004ca8200000,0x0000004ca8300000)]
  0x0000016925925000 JavaThread "Catalina-utility-2" [_thread_blocked, id=23248, stack(0x0000004ca8300000,0x0000004ca8400000)]
  0x0000016924486800 JavaThread "container-0" [_thread_blocked, id=3308, stack(0x0000004ca8400000,0x0000004ca8500000)]
  0x0000016923531800 JavaThread "mysql-cj-abandoned-connection-cleanup" daemon [_thread_blocked, id=23544, stack(0x0000004ca8500000,0x0000004ca8600000)]
  0x0000016925b3f800 JavaThread "HikariPool-1 housekeeper" daemon [_thread_blocked, id=23012, stack(0x0000004ca8700000,0x0000004ca8800000)]
  0x00000169232ed000 JavaThread "java-sdk-http-connection-reaper" daemon [_thread_blocked, id=22392, stack(0x0000004ca8900000,0x0000004ca8a00000)]
  0x00000169232ec800 JavaThread "File Watcher" daemon [_thread_blocked, id=14328, stack(0x0000004ca8800000,0x0000004ca8900000)]
  0x00000169232ee800 JavaThread "Live Reload Server" daemon [_thread_in_native, id=17380, stack(0x0000004ca8b00000,0x0000004ca8c00000)]
  0x00000169232f3000 JavaThread "http-nio-8080-Poller" daemon [_thread_in_native, id=16348, stack(0x0000004ca8a00000,0x0000004ca8b00000)]
  0x00000169232ef800 JavaThread "http-nio-8080-Acceptor" daemon [_thread_in_native, id=18632, stack(0x0000004ca8c00000,0x0000004ca8d00000)]
  0x00000169232ee000 JavaThread "DestroyJavaVM" [_thread_blocked, id=18384, stack(0x0000004ca6400000,0x0000004ca6500000)]
  0x00000169232f0800 JavaThread "http-nio-8080-exec-1" daemon [_thread_blocked, id=17652, stack(0x0000004ca7a00000,0x0000004ca7b00000)]
  0x00000169232f2000 JavaThread "http-nio-8080-exec-2" daemon [_thread_blocked, id=19228, stack(0x0000004ca8d00000,0x0000004ca8e00000)]
  0x00000169232f1000 JavaThread "http-nio-8080-exec-3" daemon [_thread_blocked, id=14108, stack(0x0000004ca8f00000,0x0000004ca9000000)]
  0x0000016925c16800 JavaThread "http-nio-8080-exec-4" daemon [_thread_blocked, id=3256, stack(0x0000004ca9000000,0x0000004ca9100000)]
  0x0000016925c15000 JavaThread "http-nio-8080-exec-5" daemon [_thread_blocked, id=3908, stack(0x0000004ca9100000,0x0000004ca9200000)]
  0x0000016925c15800 JavaThread "http-nio-8080-exec-6" daemon [_thread_blocked, id=15852, stack(0x0000004ca8e00000,0x0000004ca8f00000)]
  0x0000016925c13800 JavaThread "http-nio-8080-exec-7" daemon [_thread_blocked, id=15108, stack(0x0000004ca9200000,0x0000004ca9300000)]
  0x0000016925c17800 JavaThread "http-nio-8080-exec-8" daemon [_thread_blocked, id=13352, stack(0x0000004ca9300000,0x0000004ca9400000)]
  0x0000016925c18000 JavaThread "http-nio-8080-exec-9" daemon [_thread_blocked, id=23356, stack(0x0000004ca9400000,0x0000004ca9500000)]
  0x0000016925c1a000 JavaThread "http-nio-8080-exec-10" daemon [_thread_blocked, id=17376, stack(0x0000004ca9500000,0x0000004ca9600000)]
  0x0000016920237000 JavaThread "C2 CompilerThread1" daemon [_thread_blocked, id=516, stack(0x0000004ca6100000,0x0000004ca6200000)]

Other Threads:
  0x000001691f87a800 VMThread "VM Thread" [stack: 0x0000004ca6a00000,0x0000004ca6b00000] [id=11524]
  0x0000016920b52800 WatcherThread [stack: 0x0000004ca7600000,0x0000004ca7700000] [id=23360]
  0x0000016904ed5800 GCTaskThread "GC Thread#0" [stack: 0x0000004ca6500000,0x0000004ca6600000] [id=17448]
  0x0000016920dff800 GCTaskThread "GC Thread#1" [stack: 0x0000004ca7700000,0x0000004ca7800000] [id=22368]
  0x0000016920e42800 GCTaskThread "GC Thread#2" [stack: 0x0000004ca7800000,0x0000004ca7900000] [id=22276]
  0x00000169213a8000 GCTaskThread "GC Thread#3" [stack: 0x0000004ca7b00000,0x0000004ca7c00000] [id=13032]
  0x00000169214a7000 GCTaskThread "GC Thread#4" [stack: 0x0000004ca7c00000,0x0000004ca7d00000] [id=9488]
  0x0000016921544800 GCTaskThread "GC Thread#5" [stack: 0x0000004ca7d00000,0x0000004ca7e00000] [id=14316]
  0x0000016921890000 GCTaskThread "GC Thread#6" [stack: 0x0000004ca8000000,0x0000004ca8100000] [id=16772]
  0x0000016921b42800 GCTaskThread "GC Thread#7" [stack: 0x0000004ca8100000,0x0000004ca8200000] [id=1548]
  0x0000016904f07000 ConcurrentGCThread "G1 Main Marker" [stack: 0x0000004ca6600000,0x0000004ca6700000] [id=22304]
  0x0000016904f08800 ConcurrentGCThread "G1 Conc#0" [stack: 0x0000004ca6700000,0x0000004ca6800000] [id=19568]
  0x00000169230fb000 ConcurrentGCThread "G1 Conc#1" [stack: 0x0000004ca7e00000,0x0000004ca7f00000] [id=15840]
  0x0000016904f7e000 ConcurrentGCThread "G1 Refine#0" [stack: 0x0000004ca6800000,0x0000004ca6900000] [id=10880]
  0x000001691f70e800 ConcurrentGCThread "G1 Young RemSet Sampling" [stack: 0x0000004ca6900000,0x0000004ca6a00000] [id=11208]

Threads with active compile tasks:
C2 CompilerThread0 885456 8273       4       org.attoparser.AbstractChainedMarkupHandler::handleText (17 bytes)

VM state:not at safepoint (normal execution)

VM Mutex/Monitor currently owned by a thread: None

Heap address: 0x0000000081600000, size: 2026 MB, Compressed Oops mode: 32-bit
Narrow klass base: 0x0000000800000000, Narrow klass shift: 3
Compressed class space size: 1073741824 Address: 0x0000000840000000

Heap:
 garbage-first heap   total 227328K, used 56397K [0x0000000081600000, 0x0000000100000000)
  region size 1024K, 18 young (18432K), 6 survivors (6144K)
 Metaspace       used 73938K, capacity 75984K, committed 76124K, reserved 1116160K
  class space    used 9570K, capacity 10374K, committed 10444K, reserved 1048576K
Heap Regions: E=young(eden), S=young(survivor), O=old, HS=humongous(starts), HC=humongous(continues), CS=collection set, F=free, A=archive, TAMS=top-at-mark-start (previous, next)
|   0|0x0000000081600000, 0x0000000081700000, 0x0000000081700000|100%|HS|  |TAMS 0x0000000081700000, 0x0000000081600000| Complete 
|   1|0x0000000081700000, 0x0000000081800000, 0x0000000081800000|100%| O|  |TAMS 0x0000000081800000, 0x0000000081700000| Untracked 
|   2|0x0000000081800000, 0x0000000081900000, 0x0000000081900000|100%| O|  |TAMS 0x0000000081900000, 0x0000000081800000| Untracked 
|   3|0x0000000081900000, 0x0000000081a00000, 0x0000000081a00000|100%| O|  |TAMS 0x0000000081a00000, 0x0000000081900000| Untracked 
|   4|0x0000000081a00000, 0x0000000081b00000, 0x0000000081b00000|100%| O|  |TAMS 0x0000000081b00000, 0x0000000081a00000| Untracked 
|   5|0x0000000081b00000, 0x0000000081c00000, 0x0000000081c00000|100%| O|  |TAMS 0x0000000081c00000, 0x0000000081b00000| Untracked 
|   6|0x0000000081c00000, 0x0000000081d00000, 0x0000000081d00000|100%| O|  |TAMS 0x0000000081d00000, 0x0000000081c00000| Untracked 
|   7|0x0000000081d00000, 0x0000000081e00000, 0x0000000081e00000|100%| O|  |TAMS 0x0000000081e00000, 0x0000000081d00000| Untracked 
|   8|0x0000000081e00000, 0x0000000081f00000, 0x0000000081f00000|100%| O|  |TAMS 0x0000000081f00000, 0x0000000081e00000| Untracked 
|   9|0x0000000081f00000, 0x0000000082000000, 0x0000000082000000|100%| O|  |TAMS 0x0000000082000000, 0x0000000081f00000| Untracked 
|  10|0x0000000082000000, 0x0000000082100000, 0x0000000082100000|100%| O|  |TAMS 0x0000000082100000, 0x0000000082000000| Untracked 
|  11|0x0000000082100000, 0x0000000082200000, 0x0000000082200000|100%| O|  |TAMS 0x0000000082200000, 0x0000000082100000| Untracked 
|  12|0x0000000082200000, 0x0000000082300000, 0x0000000082300000|100%| O|  |TAMS 0x0000000082300000, 0x0000000082200000| Untracked 
|  13|0x0000000082300000, 0x0000000082400000, 0x0000000082400000|100%| O|  |TAMS 0x0000000082400000, 0x0000000082300000| Untracked 
|  14|0x0000000082400000, 0x0000000082500000, 0x0000000082500000|100%| O|  |TAMS 0x0000000082500000, 0x0000000082400000| Untracked 
|  15|0x0000000082500000, 0x0000000082600000, 0x0000000082600000|100%| O|  |TAMS 0x0000000082600000, 0x0000000082500000| Untracked 
|  16|0x0000000082600000, 0x0000000082700000, 0x0000000082700000|100%| O|  |TAMS 0x0000000082700000, 0x0000000082600000| Untracked 
|  17|0x0000000082700000, 0x0000000082800000, 0x0000000082800000|100%| O|  |TAMS 0x0000000082800000, 0x0000000082700000| Untracked 
|  18|0x0000000082800000, 0x0000000082900000, 0x0000000082900000|100%| O|  |TAMS 0x0000000082900000, 0x0000000082800000| Untracked 
|  19|0x0000000082900000, 0x0000000082a00000, 0x0000000082a00000|100%| O|  |TAMS 0x0000000082a00000, 0x0000000082900000| Untracked 
|  20|0x0000000082a00000, 0x0000000082b00000, 0x0000000082b00000|100%| O|  |TAMS 0x0000000082b00000, 0x0000000082a00000| Untracked 
|  21|0x0000000082b00000, 0x0000000082c00000, 0x0000000082c00000|100%| O|  |TAMS 0x0000000082c00000, 0x0000000082b00000| Untracked 
|  22|0x0000000082c00000, 0x0000000082d00000, 0x0000000082d00000|100%| O|  |TAMS 0x0000000082d00000, 0x0000000082c00000| Untracked 
|  23|0x0000000082d00000, 0x0000000082dc4e00, 0x0000000082e00000| 76%| O|  |TAMS 0x0000000082d00000, 0x0000000082d00000| Untracked 
|  24|0x0000000082e00000, 0x0000000082f00000, 0x0000000082f00000|100%| O|  |TAMS 0x0000000082f00000, 0x0000000082e00000| Untracked 
|  25|0x0000000082f00000, 0x0000000083000000, 0x0000000083000000|100%| O|  |TAMS 0x0000000083000000, 0x0000000082f00000| Untracked 
|  26|0x0000000083000000, 0x0000000083100000, 0x0000000083100000|100%| O|  |TAMS 0x0000000083100000, 0x0000000083000000| Untracked 
|  27|0x0000000083100000, 0x0000000083200000, 0x0000000083200000|100%| O|  |TAMS 0x0000000083200000, 0x0000000083100000| Untracked 
|  28|0x0000000083200000, 0x0000000083300000, 0x0000000083300000|100%| O|  |TAMS 0x0000000083300000, 0x0000000083200000| Untracked 
|  29|0x0000000083300000, 0x0000000083400000, 0x0000000083400000|100%| O|  |TAMS 0x0000000083400000, 0x0000000083300000| Untracked 
|  30|0x0000000083400000, 0x0000000083500000, 0x0000000083500000|100%| O|  |TAMS 0x00000000834e9800, 0x0000000083400000| Untracked 
|  31|0x0000000083500000, 0x0000000083600000, 0x0000000083600000|100%| O|  |TAMS 0x0000000083500000, 0x0000000083500000| Untracked 
|  32|0x0000000083600000, 0x0000000083700000, 0x0000000083700000|100%| O|  |TAMS 0x0000000083600000, 0x0000000083600000| Untracked 
|  33|0x0000000083700000, 0x0000000083800000, 0x0000000083800000|100%| O|  |TAMS 0x0000000083700000, 0x0000000083700000| Untracked 
|  34|0x0000000083800000, 0x0000000083900000, 0x0000000083900000|100%| O|  |TAMS 0x0000000083800000, 0x0000000083800000| Untracked 
|  35|0x0000000083900000, 0x0000000083a00000, 0x0000000083a00000|100%| O|  |TAMS 0x0000000083900000, 0x0000000083900000| Untracked 
|  36|0x0000000083a00000, 0x0000000083b00000, 0x0000000083b00000|100%| O|  |TAMS 0x0000000083a00000, 0x0000000083a00000| Untracked 
|  37|0x0000000083b00000, 0x0000000083c00000, 0x0000000083c00000|100%| O|  |TAMS 0x0000000083b00000, 0x0000000083b00000| Untracked 
|  38|0x0000000083c00000, 0x0000000083d00000, 0x0000000083d00000|100%| O|  |TAMS 0x0000000083c00000, 0x0000000083c00000| Untracked 
|  39|0x0000000083d00000, 0x0000000083d00000, 0x0000000083e00000|  0%| F|  |TAMS 0x0000000083d00000, 0x0000000083d00000| Untracked 
|  40|0x0000000083e00000, 0x0000000083e00000, 0x0000000083f00000|  0%| F|  |TAMS 0x0000000083e00000, 0x0000000083e00000| Untracked 
|  41|0x0000000083f00000, 0x0000000083f00000, 0x0000000084000000|  0%| F|  |TAMS 0x0000000083f00000, 0x0000000083f00000| Untracked 
|  42|0x0000000084000000, 0x0000000084000000, 0x0000000084100000|  0%| F|  |TAMS 0x0000000084000000, 0x0000000084000000| Untracked 
|  43|0x0000000084100000, 0x0000000084100000, 0x0000000084200000|  0%| F|  |TAMS 0x0000000084100000, 0x0000000084100000| Untracked 
|  44|0x0000000084200000, 0x0000000084200000, 0x0000000084300000|  0%| F|  |TAMS 0x0000000084200000, 0x0000000084200000| Untracked 
|  45|0x0000000084300000, 0x0000000084300000, 0x0000000084400000|  0%| F|  |TAMS 0x0000000084300000, 0x0000000084300000| Untracked 
|  46|0x0000000084400000, 0x0000000084400000, 0x0000000084500000|  0%| F|  |TAMS 0x0000000084400000, 0x0000000084400000| Untracked 
|  47|0x0000000084500000, 0x0000000084500000, 0x0000000084600000|  0%| F|  |TAMS 0x0000000084500000, 0x0000000084500000| Untracked 
|  48|0x0000000084600000, 0x0000000084600000, 0x0000000084700000|  0%| F|  |TAMS 0x0000000084600000, 0x0000000084600000| Untracked 
|  49|0x0000000084700000, 0x0000000084700000, 0x0000000084800000|  0%| F|  |TAMS 0x0000000084700000, 0x0000000084700000| Untracked 
|  50|0x0000000084800000, 0x0000000084800000, 0x0000000084900000|  0%| F|  |TAMS 0x0000000084800000, 0x0000000084800000| Untracked 
|  51|0x0000000084900000, 0x0000000084900000, 0x0000000084a00000|  0%| F|  |TAMS 0x0000000084900000, 0x0000000084900000| Untracked 
|  52|0x0000000084a00000, 0x0000000084a00000, 0x0000000084b00000|  0%| F|  |TAMS 0x0000000084a00000, 0x0000000084a00000| Untracked 
|  53|0x0000000084b00000, 0x0000000084b00000, 0x0000000084c00000|  0%| F|  |TAMS 0x0000000084b00000, 0x0000000084b00000| Untracked 
|  54|0x0000000084c00000, 0x0000000084c00000, 0x0000000084d00000|  0%| F|  |TAMS 0x0000000084c00000, 0x0000000084c00000| Untracked 
|  55|0x0000000084d00000, 0x0000000084d00000, 0x0000000084e00000|  0%| F|  |TAMS 0x0000000084d00000, 0x0000000084d00000| Untracked 
|  56|0x0000000084e00000, 0x0000000084e00000, 0x0000000084f00000|  0%| F|  |TAMS 0x0000000084e00000, 0x0000000084e00000| Untracked 
|  57|0x0000000084f00000, 0x0000000084f00000, 0x0000000085000000|  0%| F|  |TAMS 0x0000000084f00000, 0x0000000084f00000| Untracked 
|  58|0x0000000085000000, 0x0000000085000000, 0x0000000085100000|  0%| F|  |TAMS 0x0000000085000000, 0x0000000085000000| Untracked 
|  59|0x0000000085100000, 0x0000000085100000, 0x0000000085200000|  0%| F|  |TAMS 0x0000000085100000, 0x0000000085100000| Untracked 
|  60|0x0000000085200000, 0x0000000085200000, 0x0000000085300000|  0%| F|  |TAMS 0x0000000085200000, 0x0000000085200000| Untracked 
|  61|0x0000000085300000, 0x0000000085300000, 0x0000000085400000|  0%| F|  |TAMS 0x0000000085300000, 0x0000000085300000| Untracked 
|  62|0x0000000085400000, 0x0000000085400000, 0x0000000085500000|  0%| F|  |TAMS 0x0000000085400000, 0x0000000085400000| Untracked 
|  63|0x0000000085500000, 0x0000000085500000, 0x0000000085600000|  0%| F|  |TAMS 0x0000000085500000, 0x0000000085500000| Untracked 
|  64|0x0000000085600000, 0x0000000085600000, 0x0000000085700000|  0%| F|  |TAMS 0x0000000085600000, 0x0000000085600000| Untracked 
|  65|0x0000000085700000, 0x0000000085700000, 0x0000000085800000|  0%| F|  |TAMS 0x0000000085700000, 0x0000000085700000| Untracked 
|  66|0x0000000085800000, 0x0000000085800000, 0x0000000085900000|  0%| F|  |TAMS 0x0000000085800000, 0x0000000085800000| Untracked 
|  67|0x0000000085900000, 0x0000000085900000, 0x0000000085a00000|  0%| F|  |TAMS 0x0000000085900000, 0x0000000085900000| Untracked 
|  68|0x0000000085a00000, 0x0000000085a00000, 0x0000000085b00000|  0%| F|  |TAMS 0x0000000085a00000, 0x0000000085a00000| Untracked 
|  69|0x0000000085b00000, 0x0000000085b00000, 0x0000000085c00000|  0%| F|  |TAMS 0x0000000085b00000, 0x0000000085b00000| Untracked 
|  70|0x0000000085c00000, 0x0000000085c00000, 0x0000000085d00000|  0%| F|  |TAMS 0x0000000085c00000, 0x0000000085c00000| Untracked 
|  71|0x0000000085d00000, 0x0000000085d00000, 0x0000000085e00000|  0%| F|  |TAMS 0x0000000085d00000, 0x0000000085d00000| Untracked 
|  72|0x0000000085e00000, 0x0000000085e00000, 0x0000000085f00000|  0%| F|  |TAMS 0x0000000085e00000, 0x0000000085e00000| Untracked 
|  73|0x0000000085f00000, 0x0000000085f00000, 0x0000000086000000|  0%| F|  |TAMS 0x0000000085f00000, 0x0000000085f00000| Untracked 
|  74|0x0000000086000000, 0x0000000086000000, 0x0000000086100000|  0%| F|  |TAMS 0x0000000086000000, 0x0000000086000000| Untracked 
|  75|0x0000000086100000, 0x0000000086100000, 0x0000000086200000|  0%| F|  |TAMS 0x0000000086100000, 0x0000000086100000| Untracked 
|  76|0x0000000086200000, 0x0000000086200000, 0x0000000086300000|  0%| F|  |TAMS 0x0000000086200000, 0x0000000086200000| Untracked 
|  77|0x0000000086300000, 0x0000000086300000, 0x0000000086400000|  0%| F|  |TAMS 0x0000000086300000, 0x0000000086300000| Untracked 
|  78|0x0000000086400000, 0x0000000086400000, 0x0000000086500000|  0%| F|  |TAMS 0x0000000086400000, 0x0000000086400000| Untracked 
|  79|0x0000000086500000, 0x0000000086500000, 0x0000000086600000|  0%| F|  |TAMS 0x0000000086500000, 0x0000000086500000| Untracked 
|  80|0x0000000086600000, 0x0000000086600000, 0x0000000086700000|  0%| F|  |TAMS 0x0000000086600000, 0x0000000086600000| Untracked 
|  81|0x0000000086700000, 0x0000000086700000, 0x0000000086800000|  0%| F|  |TAMS 0x0000000086700000, 0x0000000086700000| Untracked 
|  82|0x0000000086800000, 0x0000000086800000, 0x0000000086900000|  0%| F|  |TAMS 0x0000000086800000, 0x0000000086800000| Untracked 
|  83|0x0000000086900000, 0x000000008694e930, 0x0000000086a00000| 30%| S|CS|TAMS 0x0000000086900000, 0x0000000086900000| Complete 
|  84|0x0000000086a00000, 0x0000000086b00000, 0x0000000086b00000|100%| S|CS|TAMS 0x0000000086a00000, 0x0000000086a00000| Complete 
|  85|0x0000000086b00000, 0x0000000086c00000, 0x0000000086c00000|100%| S|CS|TAMS 0x0000000086b00000, 0x0000000086b00000| Complete 
|  86|0x0000000086c00000, 0x0000000086d00000, 0x0000000086d00000|100%| S|CS|TAMS 0x0000000086c00000, 0x0000000086c00000| Complete 
|  87|0x0000000086d00000, 0x0000000086e00000, 0x0000000086e00000|100%| S|CS|TAMS 0x0000000086d00000, 0x0000000086d00000| Complete 
|  88|0x0000000086e00000, 0x0000000086f00000, 0x0000000086f00000|100%| S|CS|TAMS 0x0000000086e00000, 0x0000000086e00000| Complete 
|  89|0x0000000086f00000, 0x0000000086f00000, 0x0000000087000000|  0%| F|  |TAMS 0x0000000086f00000, 0x0000000086f00000| Untracked 
|  90|0x0000000087000000, 0x0000000087000000, 0x0000000087100000|  0%| F|  |TAMS 0x0000000087000000, 0x0000000087000000| Untracked 
|  91|0x0000000087100000, 0x0000000087100000, 0x0000000087200000|  0%| F|  |TAMS 0x0000000087100000, 0x0000000087100000| Untracked 
|  92|0x0000000087200000, 0x0000000087200000, 0x0000000087300000|  0%| F|  |TAMS 0x0000000087200000, 0x0000000087200000| Untracked 
|  93|0x0000000087300000, 0x0000000087300000, 0x0000000087400000|  0%| F|  |TAMS 0x0000000087300000, 0x0000000087300000| Untracked 
|  94|0x0000000087400000, 0x0000000087400000, 0x0000000087500000|  0%| F|  |TAMS 0x0000000087400000, 0x0000000087400000| Untracked 
|  95|0x0000000087500000, 0x0000000087500000, 0x0000000087600000|  0%| F|  |TAMS 0x0000000087500000, 0x0000000087500000| Untracked 
|  96|0x0000000087600000, 0x0000000087600000, 0x0000000087700000|  0%| F|  |TAMS 0x0000000087600000, 0x0000000087600000| Untracked 
|  97|0x0000000087700000, 0x0000000087700000, 0x0000000087800000|  0%| F|  |TAMS 0x0000000087700000, 0x0000000087700000| Untracked 
|  98|0x0000000087800000, 0x0000000087800000, 0x0000000087900000|  0%| F|  |TAMS 0x0000000087800000, 0x0000000087800000| Untracked 
|  99|0x0000000087900000, 0x0000000087900000, 0x0000000087a00000|  0%| F|  |TAMS 0x0000000087900000, 0x0000000087900000| Untracked 
| 100|0x0000000087a00000, 0x0000000087a00000, 0x0000000087b00000|  0%| F|  |TAMS 0x0000000087a00000, 0x0000000087a00000| Untracked 
| 101|0x0000000087b00000, 0x0000000087b00000, 0x0000000087c00000|  0%| F|  |TAMS 0x0000000087b00000, 0x0000000087b00000| Untracked 
| 102|0x0000000087c00000, 0x0000000087c00000, 0x0000000087d00000|  0%| F|  |TAMS 0x0000000087c00000, 0x0000000087c00000| Untracked 
| 103|0x0000000087d00000, 0x0000000087d00000, 0x0000000087e00000|  0%| F|  |TAMS 0x0000000087d00000, 0x0000000087d00000| Untracked 
| 104|0x0000000087e00000, 0x0000000087e00000, 0x0000000087f00000|  0%| F|  |TAMS 0x0000000087e00000, 0x0000000087e00000| Untracked 
| 105|0x0000000087f00000, 0x0000000087f00000, 0x0000000088000000|  0%| F|  |TAMS 0x0000000087f00000, 0x0000000087f00000| Untracked 
| 106|0x0000000088000000, 0x0000000088000000, 0x0000000088100000|  0%| F|  |TAMS 0x0000000088000000, 0x0000000088000000| Untracked 
| 107|0x0000000088100000, 0x0000000088100000, 0x0000000088200000|  0%| F|  |TAMS 0x0000000088100000, 0x0000000088100000| Untracked 
| 108|0x0000000088200000, 0x0000000088200000, 0x0000000088300000|  0%| F|  |TAMS 0x0000000088200000, 0x0000000088200000| Untracked 
| 109|0x0000000088300000, 0x0000000088300000, 0x0000000088400000|  0%| F|  |TAMS 0x0000000088300000, 0x0000000088300000| Untracked 
| 110|0x0000000088400000, 0x0000000088400000, 0x0000000088500000|  0%| F|  |TAMS 0x0000000088400000, 0x0000000088400000| Untracked 
| 111|0x0000000088500000, 0x0000000088500000, 0x0000000088600000|  0%| F|  |TAMS 0x0000000088500000, 0x0000000088500000| Untracked 
| 112|0x0000000088600000, 0x0000000088600000, 0x0000000088700000|  0%| F|  |TAMS 0x0000000088600000, 0x0000000088600000| Untracked 
| 113|0x0000000088700000, 0x0000000088700000, 0x0000000088800000|  0%| F|  |TAMS 0x0000000088700000, 0x0000000088700000| Untracked 
| 114|0x0000000088800000, 0x0000000088800000, 0x0000000088900000|  0%| F|  |TAMS 0x0000000088800000, 0x0000000088800000| Untracked 
| 115|0x0000000088900000, 0x0000000088900000, 0x0000000088a00000|  0%| F|  |TAMS 0x0000000088900000, 0x0000000088900000| Untracked 
| 116|0x0000000088a00000, 0x0000000088a00000, 0x0000000088b00000|  0%| F|  |TAMS 0x0000000088a00000, 0x0000000088a00000| Untracked 
| 117|0x0000000088b00000, 0x0000000088b00000, 0x0000000088c00000|  0%| F|  |TAMS 0x0000000088b00000, 0x0000000088b00000| Untracked 
| 118|0x0000000088c00000, 0x0000000088c00000, 0x0000000088d00000|  0%| F|  |TAMS 0x0000000088c00000, 0x0000000088c00000| Untracked 
| 119|0x0000000088d00000, 0x0000000088d00000, 0x0000000088e00000|  0%| F|  |TAMS 0x0000000088d00000, 0x0000000088d00000| Untracked 
| 120|0x0000000088e00000, 0x0000000088e00000, 0x0000000088f00000|  0%| F|  |TAMS 0x0000000088e00000, 0x0000000088e00000| Untracked 
| 121|0x0000000088f00000, 0x0000000088f00000, 0x0000000089000000|  0%| F|  |TAMS 0x0000000088f00000, 0x0000000088f00000| Untracked 
| 122|0x0000000089000000, 0x0000000089000000, 0x0000000089100000|  0%| F|  |TAMS 0x0000000089000000, 0x0000000089000000| Untracked 
| 123|0x0000000089100000, 0x0000000089100000, 0x0000000089200000|  0%| F|  |TAMS 0x0000000089100000, 0x0000000089100000| Untracked 
| 124|0x0000000089200000, 0x0000000089200000, 0x0000000089300000|  0%| F|  |TAMS 0x0000000089200000, 0x0000000089200000| Untracked 
| 125|0x0000000089300000, 0x0000000089300000, 0x0000000089400000|  0%| F|  |TAMS 0x0000000089300000, 0x0000000089300000| Untracked 
| 126|0x0000000089400000, 0x0000000089400000, 0x0000000089500000|  0%| F|  |TAMS 0x0000000089400000, 0x0000000089400000| Untracked 
| 127|0x0000000089500000, 0x0000000089500000, 0x0000000089600000|  0%| F|  |TAMS 0x0000000089500000, 0x0000000089500000| Untracked 
| 128|0x0000000089600000, 0x0000000089600000, 0x0000000089700000|  0%| F|  |TAMS 0x0000000089600000, 0x0000000089600000| Untracked 
| 129|0x0000000089700000, 0x0000000089700000, 0x0000000089800000|  0%| F|  |TAMS 0x0000000089700000, 0x0000000089700000| Untracked 
| 130|0x0000000089800000, 0x0000000089800000, 0x0000000089900000|  0%| F|  |TAMS 0x0000000089800000, 0x0000000089800000| Untracked 
| 131|0x0000000089900000, 0x0000000089900000, 0x0000000089a00000|  0%| F|  |TAMS 0x0000000089900000, 0x0000000089900000| Untracked 
| 132|0x0000000089a00000, 0x0000000089a00000, 0x0000000089b00000|  0%| F|  |TAMS 0x0000000089a00000, 0x0000000089a00000| Untracked 
| 133|0x0000000089b00000, 0x0000000089b00000, 0x0000000089c00000|  0%| F|  |TAMS 0x0000000089b00000, 0x0000000089b00000| Untracked 
| 134|0x0000000089c00000, 0x0000000089c00000, 0x0000000089d00000|  0%| F|  |TAMS 0x0000000089c00000, 0x0000000089c00000| Untracked 
| 135|0x0000000089d00000, 0x0000000089d00000, 0x0000000089e00000|  0%| F|  |TAMS 0x0000000089d00000, 0x0000000089d00000| Untracked 
| 136|0x0000000089e00000, 0x0000000089e00000, 0x0000000089f00000|  0%| F|  |TAMS 0x0000000089e00000, 0x0000000089e00000| Untracked 
| 137|0x0000000089f00000, 0x0000000089f00000, 0x000000008a000000|  0%| F|  |TAMS 0x0000000089f00000, 0x0000000089f00000| Untracked 
| 138|0x000000008a000000, 0x000000008a000000, 0x000000008a100000|  0%| F|  |TAMS 0x000000008a000000, 0x000000008a000000| Untracked 
| 139|0x000000008a100000, 0x000000008a100000, 0x000000008a200000|  0%| F|  |TAMS 0x000000008a100000, 0x000000008a100000| Untracked 
| 140|0x000000008a200000, 0x000000008a200000, 0x000000008a300000|  0%| F|  |TAMS 0x000000008a200000, 0x000000008a200000| Untracked 
| 141|0x000000008a300000, 0x000000008a300000, 0x000000008a400000|  0%| F|  |TAMS 0x000000008a300000, 0x000000008a300000| Untracked 
| 142|0x000000008a400000, 0x000000008a400000, 0x000000008a500000|  0%| F|  |TAMS 0x000000008a400000, 0x000000008a400000| Untracked 
| 143|0x000000008a500000, 0x000000008a500000, 0x000000008a600000|  0%| F|  |TAMS 0x000000008a500000, 0x000000008a500000| Untracked 
| 144|0x000000008a600000, 0x000000008a600000, 0x000000008a700000|  0%| F|  |TAMS 0x000000008a600000, 0x000000008a600000| Untracked 
| 145|0x000000008a700000, 0x000000008a700000, 0x000000008a800000|  0%| F|  |TAMS 0x000000008a700000, 0x000000008a700000| Untracked 
| 146|0x000000008a800000, 0x000000008a800000, 0x000000008a900000|  0%| F|  |TAMS 0x000000008a800000, 0x000000008a800000| Untracked 
| 147|0x000000008a900000, 0x000000008a900000, 0x000000008aa00000|  0%| F|  |TAMS 0x000000008a900000, 0x000000008a900000| Untracked 
| 148|0x000000008aa00000, 0x000000008aa00000, 0x000000008ab00000|  0%| F|  |TAMS 0x000000008aa00000, 0x000000008aa00000| Untracked 
| 149|0x000000008ab00000, 0x000000008ab00000, 0x000000008ac00000|  0%| F|  |TAMS 0x000000008ab00000, 0x000000008ab00000| Untracked 
| 150|0x000000008ac00000, 0x000000008ac00000, 0x000000008ad00000|  0%| F|  |TAMS 0x000000008ac00000, 0x000000008ac00000| Untracked 
| 151|0x000000008ad00000, 0x000000008ad00000, 0x000000008ae00000|  0%| F|  |TAMS 0x000000008ad00000, 0x000000008ad00000| Untracked 
| 152|0x000000008ae00000, 0x000000008ae00000, 0x000000008af00000|  0%| F|  |TAMS 0x000000008ae00000, 0x000000008ae00000| Untracked 
| 153|0x000000008af00000, 0x000000008af00000, 0x000000008b000000|  0%| F|  |TAMS 0x000000008af00000, 0x000000008af00000| Untracked 
| 154|0x000000008b000000, 0x000000008b000000, 0x000000008b100000|  0%| F|  |TAMS 0x000000008b000000, 0x000000008b000000| Untracked 
| 155|0x000000008b100000, 0x000000008b100000, 0x000000008b200000|  0%| F|  |TAMS 0x000000008b100000, 0x000000008b100000| Untracked 
| 156|0x000000008b200000, 0x000000008b200000, 0x000000008b300000|  0%| F|  |TAMS 0x000000008b200000, 0x000000008b200000| Untracked 
| 157|0x000000008b300000, 0x000000008b300000, 0x000000008b400000|  0%| F|  |TAMS 0x000000008b300000, 0x000000008b300000| Untracked 
| 158|0x000000008b400000, 0x000000008b400000, 0x000000008b500000|  0%| F|  |TAMS 0x000000008b400000, 0x000000008b400000| Untracked 
| 159|0x000000008b500000, 0x000000008b500000, 0x000000008b600000|  0%| F|  |TAMS 0x000000008b500000, 0x000000008b500000| Untracked 
| 160|0x000000008b600000, 0x000000008b600000, 0x000000008b700000|  0%| F|  |TAMS 0x000000008b600000, 0x000000008b600000| Untracked 
| 161|0x000000008b700000, 0x000000008b700000, 0x000000008b800000|  0%| F|  |TAMS 0x000000008b700000, 0x000000008b700000| Untracked 
| 162|0x000000008b800000, 0x000000008b800000, 0x000000008b900000|  0%| F|  |TAMS 0x000000008b800000, 0x000000008b800000| Untracked 
| 163|0x000000008b900000, 0x000000008b900000, 0x000000008ba00000|  0%| F|  |TAMS 0x000000008b900000, 0x000000008b900000| Untracked 
| 164|0x000000008ba00000, 0x000000008ba00000, 0x000000008bb00000|  0%| F|  |TAMS 0x000000008ba00000, 0x000000008ba00000| Untracked 
| 165|0x000000008bb00000, 0x000000008bb00000, 0x000000008bc00000|  0%| F|  |TAMS 0x000000008bb00000, 0x000000008bb00000| Untracked 
| 166|0x000000008bc00000, 0x000000008bc00000, 0x000000008bd00000|  0%| F|  |TAMS 0x000000008bc00000, 0x000000008bc00000| Untracked 
| 167|0x000000008bd00000, 0x000000008bd00000, 0x000000008be00000|  0%| F|  |TAMS 0x000000008bd00000, 0x000000008bd00000| Untracked 
| 168|0x000000008be00000, 0x000000008be00000, 0x000000008bf00000|  0%| F|  |TAMS 0x000000008be00000, 0x000000008be00000| Untracked 
| 169|0x000000008bf00000, 0x000000008bf00000, 0x000000008c000000|  0%| F|  |TAMS 0x000000008bf00000, 0x000000008bf00000| Untracked 
| 170|0x000000008c000000, 0x000000008c000000, 0x000000008c100000|  0%| F|  |TAMS 0x000000008c000000, 0x000000008c000000| Untracked 
| 171|0x000000008c100000, 0x000000008c100000, 0x000000008c200000|  0%| F|  |TAMS 0x000000008c100000, 0x000000008c100000| Untracked 
| 172|0x000000008c200000, 0x000000008c200000, 0x000000008c300000|  0%| F|  |TAMS 0x000000008c200000, 0x000000008c200000| Untracked 
| 173|0x000000008c300000, 0x000000008c300000, 0x000000008c400000|  0%| F|  |TAMS 0x000000008c300000, 0x000000008c300000| Untracked 
| 174|0x000000008c400000, 0x000000008c400000, 0x000000008c500000|  0%| F|  |TAMS 0x000000008c400000, 0x000000008c400000| Untracked 
| 175|0x000000008c500000, 0x000000008c500000, 0x000000008c600000|  0%| F|  |TAMS 0x000000008c500000, 0x000000008c500000| Untracked 
| 176|0x000000008c600000, 0x000000008c600000, 0x000000008c700000|  0%| F|  |TAMS 0x000000008c600000, 0x000000008c600000| Untracked 
| 177|0x000000008c700000, 0x000000008c700000, 0x000000008c800000|  0%| F|  |TAMS 0x000000008c700000, 0x000000008c700000| Untracked 
| 178|0x000000008c800000, 0x000000008c800000, 0x000000008c900000|  0%| F|  |TAMS 0x000000008c800000, 0x000000008c800000| Untracked 
| 179|0x000000008c900000, 0x000000008c900000, 0x000000008ca00000|  0%| F|  |TAMS 0x000000008c900000, 0x000000008c900000| Untracked 
| 180|0x000000008ca00000, 0x000000008ca00000, 0x000000008cb00000|  0%| F|  |TAMS 0x000000008ca00000, 0x000000008ca00000| Untracked 
| 181|0x000000008cb00000, 0x000000008cb00000, 0x000000008cc00000|  0%| F|  |TAMS 0x000000008cb00000, 0x000000008cb00000| Untracked 
| 182|0x000000008cc00000, 0x000000008cc00000, 0x000000008cd00000|  0%| F|  |TAMS 0x000000008cc00000, 0x000000008cc00000| Untracked 
| 183|0x000000008cd00000, 0x000000008cd00000, 0x000000008ce00000|  0%| F|  |TAMS 0x000000008cd00000, 0x000000008cd00000| Untracked 
| 184|0x000000008ce00000, 0x000000008ce00000, 0x000000008cf00000|  0%| F|  |TAMS 0x000000008ce00000, 0x000000008ce00000| Untracked 
| 185|0x000000008cf00000, 0x000000008cf00000, 0x000000008d000000|  0%| F|  |TAMS 0x000000008cf00000, 0x000000008cf00000| Untracked 
| 186|0x000000008d000000, 0x000000008d000000, 0x000000008d100000|  0%| F|  |TAMS 0x000000008d000000, 0x000000008d000000| Untracked 
| 187|0x000000008d100000, 0x000000008d100000, 0x000000008d200000|  0%| F|  |TAMS 0x000000008d100000, 0x000000008d100000| Untracked 
| 188|0x000000008d200000, 0x000000008d200000, 0x000000008d300000|  0%| F|  |TAMS 0x000000008d200000, 0x000000008d200000| Untracked 
| 189|0x000000008d300000, 0x000000008d300000, 0x000000008d400000|  0%| F|  |TAMS 0x000000008d300000, 0x000000008d300000| Untracked 
| 190|0x000000008d400000, 0x000000008d400000, 0x000000008d500000|  0%| F|  |TAMS 0x000000008d400000, 0x000000008d400000| Untracked 
| 191|0x000000008d500000, 0x000000008d500000, 0x000000008d600000|  0%| F|  |TAMS 0x000000008d500000, 0x000000008d500000| Untracked 
| 192|0x000000008d600000, 0x000000008d600000, 0x000000008d700000|  0%| F|  |TAMS 0x000000008d600000, 0x000000008d600000| Untracked 
| 193|0x000000008d700000, 0x000000008d700000, 0x000000008d800000|  0%| F|  |TAMS 0x000000008d700000, 0x000000008d700000| Untracked 
| 194|0x000000008d800000, 0x000000008d800000, 0x000000008d900000|  0%| F|  |TAMS 0x000000008d800000, 0x000000008d800000| Untracked 
| 195|0x000000008d900000, 0x000000008d900000, 0x000000008da00000|  0%| F|  |TAMS 0x000000008d900000, 0x000000008d900000| Untracked 
| 196|0x000000008da00000, 0x000000008da00000, 0x000000008db00000|  0%| F|  |TAMS 0x000000008da00000, 0x000000008da00000| Untracked 
| 197|0x000000008db00000, 0x000000008db00000, 0x000000008dc00000|  0%| F|  |TAMS 0x000000008db00000, 0x000000008db00000| Untracked 
| 198|0x000000008dc00000, 0x000000008dc00000, 0x000000008dd00000|  0%| F|  |TAMS 0x000000008dc00000, 0x000000008dc00000| Untracked 
| 199|0x000000008dd00000, 0x000000008dd00000, 0x000000008de00000|  0%| F|  |TAMS 0x000000008dd00000, 0x000000008dd00000| Untracked 
| 200|0x000000008de00000, 0x000000008de00000, 0x000000008df00000|  0%| F|  |TAMS 0x000000008de00000, 0x000000008de00000| Untracked 
| 201|0x000000008df00000, 0x000000008df00000, 0x000000008e000000|  0%| F|  |TAMS 0x000000008df00000, 0x000000008df00000| Untracked 
| 202|0x000000008e000000, 0x000000008e000000, 0x000000008e100000|  0%| F|  |TAMS 0x000000008e000000, 0x000000008e000000| Untracked 
| 203|0x000000008e100000, 0x000000008e100000, 0x000000008e200000|  0%| F|  |TAMS 0x000000008e100000, 0x000000008e100000| Untracked 
| 204|0x000000008e200000, 0x000000008e200000, 0x000000008e300000|  0%| F|  |TAMS 0x000000008e200000, 0x000000008e200000| Untracked 
| 205|0x000000008e300000, 0x000000008e300000, 0x000000008e400000|  0%| F|  |TAMS 0x000000008e300000, 0x000000008e300000| Untracked 
| 206|0x000000008e400000, 0x000000008e400000, 0x000000008e500000|  0%| F|  |TAMS 0x000000008e400000, 0x000000008e400000| Untracked 
| 207|0x000000008e500000, 0x000000008e500000, 0x000000008e600000|  0%| F|  |TAMS 0x000000008e500000, 0x000000008e500000| Untracked 
| 208|0x000000008e600000, 0x000000008e600000, 0x000000008e700000|  0%| F|  |TAMS 0x000000008e600000, 0x000000008e600000| Untracked 
| 209|0x000000008e700000, 0x000000008e700000, 0x000000008e800000|  0%| F|  |TAMS 0x000000008e700000, 0x000000008e700000| Untracked 
| 210|0x000000008e800000, 0x000000008e830e40, 0x000000008e900000| 19%| E|  |TAMS 0x000000008e800000, 0x000000008e800000| Complete 
| 211|0x000000008e900000, 0x000000008ea00000, 0x000000008ea00000|100%| E|CS|TAMS 0x000000008e900000, 0x000000008e900000| Complete 
| 212|0x000000008ea00000, 0x000000008eb00000, 0x000000008eb00000|100%| E|CS|TAMS 0x000000008ea00000, 0x000000008ea00000| Complete 
| 213|0x000000008eb00000, 0x000000008ec00000, 0x000000008ec00000|100%| E|CS|TAMS 0x000000008eb00000, 0x000000008eb00000| Complete 
| 214|0x000000008ec00000, 0x000000008ed00000, 0x000000008ed00000|100%| E|CS|TAMS 0x000000008ec00000, 0x000000008ec00000| Complete 
| 215|0x000000008ed00000, 0x000000008ee00000, 0x000000008ee00000|100%| E|CS|TAMS 0x000000008ed00000, 0x000000008ed00000| Complete 
| 216|0x000000008ee00000, 0x000000008ef00000, 0x000000008ef00000|100%| E|CS|TAMS 0x000000008ee00000, 0x000000008ee00000| Complete 
| 217|0x000000008ef00000, 0x000000008f000000, 0x000000008f000000|100%| E|CS|TAMS 0x000000008ef00000, 0x000000008ef00000| Complete 
| 218|0x000000008f000000, 0x000000008f100000, 0x000000008f100000|100%| E|CS|TAMS 0x000000008f000000, 0x000000008f000000| Complete 
| 219|0x000000008f100000, 0x000000008f200000, 0x000000008f200000|100%| E|CS|TAMS 0x000000008f100000, 0x000000008f100000| Complete 
| 220|0x000000008f200000, 0x000000008f300000, 0x000000008f300000|100%| E|CS|TAMS 0x000000008f200000, 0x000000008f200000| Complete 
| 221|0x000000008f300000, 0x000000008f400000, 0x000000008f400000|100%| E|CS|TAMS 0x000000008f300000, 0x000000008f300000| Complete 

Card table byte_map: [0x00000169186c0000,0x0000016918ac0000] _byte_map_base: 0x00000169182b5000

Marking Bits (Prev, Next): (CMBitMap*) 0x0000016904efe838, (CMBitMap*) 0x0000016904efe870
 Prev Bits: [0x0000016918ec0000, 0x000001691ae68000)
 Next Bits: [0x000001691ae70000, 0x000001691ce18000)

Polling page: 0x0000016902e00000

Metaspace:

Usage:
  Non-class:     64.07 MB capacity,    62.86 MB ( 98%) used,   990.70 KB (  2%) free+waste,   251.81 KB ( <1%) overhead. 
      Class:     10.13 MB capacity,     9.35 MB ( 92%) used,   685.40 KB (  7%) free+waste,   117.69 KB (  1%) overhead. 
       Both:     74.20 MB capacity,    72.21 MB ( 97%) used,     1.64 MB (  2%) free+waste,   369.50 KB ( <1%) overhead. 

Virtual space:
  Non-class space:       66.00 MB reserved,      64.14 MB ( 97%) committed 
      Class space:        1.00 GB reserved,      10.20 MB ( <1%) committed 
             Both:        1.06 GB reserved,      74.34 MB (  7%) committed 

Chunk freelists:
   Non-Class:  6.00 KB
       Class:  0 bytes
        Both:  6.00 KB

MaxMetaspaceSize: 17179869184.00 GB
CompressedClassSpaceSize: 1.00 GB

CodeHeap 'non-profiled nmethods': size=120000Kb used=4141Kb max_used=4322Kb free=115858Kb
 bounds [0x0000016910a50000, 0x0000016910e90000, 0x0000016917f80000]
CodeHeap 'profiled nmethods': size=120000Kb used=16218Kb max_used=16218Kb free=103782Kb
 bounds [0x0000016909520000, 0x000001690a510000, 0x0000016910a50000]
CodeHeap 'non-nmethods': size=5760Kb used=1309Kb max_used=1349Kb free=4450Kb
 bounds [0x0000016908f80000, 0x00000169091f0000, 0x0000016909520000]
 total_blobs=11346 nmethods=7159 adapters=598
 compilation: enabled
              stopped_count=0, restarted_count=0
 full_count=0

Compilation events (20 events):
Event: 885.189 Thread 0x000001691f8ac000 nmethod 8291 0x000001690a4ff590 code [0x000001690a4fffa0, 0x000001690a506470]
Event: 885.189 Thread 0x000001691f8ac000 8287       3       org.thymeleaf.engine.TemplateHandlerAdapterMarkupHandler::handleStandaloneElementStart (31 bytes)
Event: 885.190 Thread 0x000001691f8ac000 nmethod 8287 0x000001690a508710 code [0x000001690a5088e0, 0x000001690a508c20]
Event: 885.190 Thread 0x000001691f8ac000 8288       3       org.thymeleaf.templateparser.markup.InlinedOutputExpressionMarkupHandler::handleStandaloneElementEnd (17 bytes)
Event: 885.191 Thread 0x000001691f8ac000 nmethod 8288 0x000001690a508d90 code [0x000001690a508f60, 0x000001690a5092c0]
Event: 885.191 Thread 0x000001691f8ac000 8289       3       org.thymeleaf.standard.inline.OutputExpressionInlinePreProcessorHandler::handleStandaloneElementEnd (23 bytes)
Event: 885.192 Thread 0x000001691f8ac000 nmethod 8289 0x000001690a509410 code [0x000001690a5095e0, 0x000001690a5098a0]
Event: 885.192 Thread 0x000001691f8ac000 8290   !   3       org.thymeleaf.templateparser.markup.InlinedOutputExpressionMarkupHandler$InlineMarkupAdapterPreProcessorHandler::handleStandaloneElementEnd (36 bytes)
Event: 885.193 Thread 0x000001691f8ac000 nmethod 8290 0x000001690a509990 code [0x000001690a509b60, 0x000001690a509ee0]
Event: 885.193 Thread 0x000001691f8ac000 8294       1       org.apache.coyote.AbstractProtocol::getProcessorCache (5 bytes)
Event: 885.193 Thread 0x000001691f8ac000 nmethod 8294 0x0000016910d7cc90 code [0x0000016910d7ce40, 0x0000016910d7cf78]
Event: 885.198 Thread 0x0000016920237000 nmethod 8278 0x0000016910d7c190 code [0x0000016910d7c360, 0x0000016910d7c788]
Event: 885.198 Thread 0x0000016920237000 8293       4       org.thymeleaf.engine.AbstractTextualTemplateEvent::<init> (76 bytes)
Event: 885.220 Thread 0x000001691f89b000 nmethod 8272 0x0000016910dc1790 code [0x0000016910dc1ae0, 0x0000016910dc35c8]
Event: 885.221 Thread 0x000001691f89b000 8273       4       org.attoparser.AbstractChainedMarkupHandler::handleText (17 bytes)
Event: 885.221 Thread 0x0000016920237000 nmethod 8293 0x0000016910d7ba90 code [0x0000016910d7bc20, 0x0000016910d7c078]
Event: 885.221 Thread 0x0000016920237000 8292       4       org.thymeleaf.engine.Attribute::<init> (135 bytes)
Event: 885.234 Thread 0x0000016920237000 nmethod 8292 0x0000016910d7b110 code [0x0000016910d7b2a0, 0x0000016910d7b958]
Event: 885.234 Thread 0x0000016920237000 8279       4       org.thymeleaf.engine.ProcessorTemplateHandler::obtainCurrentGatheringModel (12 bytes)
Event: 885.235 Thread 0x0000016920237000 nmethod 8279 0x0000016910d7ae10 code [0x0000016910d7afa0, 0x0000016910d7b078]

GC Heap History (20 events):
Event: 4.667 GC heap before
{Heap before GC invocations=5 (full 0):
 garbage-first heap   total 157696K, used 51708K [0x0000000081600000, 0x0000000100000000)
  region size 1024K, 41 young (41984K), 5 survivors (5120K)
 Metaspace       used 20391K, capacity 21177K, committed 21248K, reserved 1067008K
  class space    used 2490K, capacity 2788K, committed 2816K, reserved 1048576K
}
Event: 4.680 GC heap after
{Heap after GC invocations=6 (full 0):
 garbage-first heap   total 157696K, used 16885K [0x0000000081600000, 0x0000000100000000)
  region size 1024K, 6 young (6144K), 6 survivors (6144K)
 Metaspace       used 20391K, capacity 21177K, committed 21248K, reserved 1067008K
  class space    used 2490K, capacity 2788K, committed 2816K, reserved 1048576K
}
Event: 6.656 GC heap before
{Heap before GC invocations=7 (full 0):
 garbage-first heap   total 157696K, used 94709K [0x0000000081600000, 0x0000000100000000)
  region size 1024K, 83 young (84992K), 6 survivors (6144K)
 Metaspace       used 27881K, capacity 28999K, committed 29052K, reserved 1075200K
  class space    used 3508K, capacity 3936K, committed 3968K, reserved 1048576K
}
Event: 6.669 GC heap after
{Heap after GC invocations=8 (full 0):
 garbage-first heap   total 157696K, used 20598K [0x0000000081600000, 0x0000000100000000)
  region size 1024K, 9 young (9216K), 9 survivors (9216K)
 Metaspace       used 27881K, capacity 28999K, committed 29052K, reserved 1075200K
  class space    used 3508K, capacity 3936K, committed 3968K, reserved 1048576K
}
Event: 7.052 GC heap before
{Heap before GC invocations=8 (full 0):
 garbage-first heap   total 157696K, used 104566K [0x0000000081600000, 0x0000000100000000)
  region size 1024K, 92 young (94208K), 9 survivors (9216K)
 Metaspace       used 28668K, capacity 29826K, committed 29948K, reserved 1075200K
  class space    used 3581K, capacity 4041K, committed 4096K, reserved 1048576K
}
Event: 7.066 GC heap after
{Heap after GC invocations=9 (full 0):
 garbage-first heap   total 157696K, used 21165K [0x0000000081600000, 0x0000000100000000)
  region size 1024K, 7 young (7168K), 7 survivors (7168K)
 Metaspace       used 28668K, capacity 29826K, committed 29948K, reserved 1075200K
  class space    used 3581K, capacity 4041K, committed 4096K, reserved 1048576K
}
Event: 8.061 GC heap before
{Heap before GC invocations=9 (full 0):
 garbage-first heap   total 157696K, used 55981K [0x0000000081600000, 0x0000000100000000)
  region size 1024K, 42 young (43008K), 7 survivors (7168K)
 Metaspace       used 34712K, capacity 35953K, committed 36048K, reserved 1081344K
  class space    used 4323K, capacity 4826K, committed 4864K, reserved 1048576K
}
Event: 8.075 GC heap after
{Heap after GC invocations=10 (full 0):
 garbage-first heap   total 189440K, used 24131K [0x0000000081600000, 0x0000000100000000)
  region size 1024K, 9 young (9216K), 9 survivors (9216K)
 Metaspace       used 34712K, capacity 35953K, committed 36048K, reserved 1081344K
  class space    used 4323K, capacity 4826K, committed 4864K, reserved 1048576K
}
Event: 10.523 GC heap before
{Heap before GC invocations=11 (full 0):
 garbage-first heap   total 189440K, used 128579K [0x0000000081600000, 0x0000000100000000)
  region size 1024K, 111 young (113664K), 9 survivors (9216K)
 Metaspace       used 51837K, capacity 53286K, committed 53532K, reserved 1095680K
  class space    used 6888K, capacity 7432K, committed 7500K, reserved 1048576K
}
Event: 10.539 GC heap after
{Heap after GC invocations=12 (full 0):
 garbage-first heap   total 189440K, used 30219K [0x0000000081600000, 0x0000000100000000)
  region size 1024K, 14 young (14336K), 14 survivors (14336K)
 Metaspace       used 51837K, capacity 53286K, committed 53532K, reserved 1095680K
  class space    used 6888K, capacity 7432K, committed 7500K, reserved 1048576K
}
Event: 11.836 GC heap before
{Heap before GC invocations=12 (full 0):
 garbage-first heap   total 189440K, used 96779K [0x0000000081600000, 0x0000000100000000)
  region size 1024K, 80 young (81920K), 14 survivors (14336K)
 Metaspace       used 59005K, capacity 60580K, committed 60636K, reserved 1101824K
  class space    used 7820K, capacity 8468K, committed 8524K, reserved 1048576K
}
Event: 11.866 GC heap after
{Heap after GC invocations=13 (full 0):
 garbage-first heap   total 189440K, used 34434K [0x0000000081600000, 0x0000000100000000)
  region size 1024K, 11 young (11264K), 11 survivors (11264K)
 Metaspace       used 59005K, capacity 60580K, committed 60636K, reserved 1101824K
  class space    used 7820K, capacity 8468K, committed 8524K, reserved 1048576K
}
Event: 13.749 GC heap before
{Heap before GC invocations=14 (full 0):
 garbage-first heap   total 189440K, used 137858K [0x0000000081600000, 0x0000000100000000)
  region size 1024K, 111 young (113664K), 11 survivors (11264K)
 Metaspace       used 65514K, capacity 67437K, committed 67804K, reserved 1107968K
  class space    used 8655K, capacity 9411K, committed 9548K, reserved 1048576K
}
Event: 13.802 GC heap after
{Heap after GC invocations=15 (full 0):
 garbage-first heap   total 189440K, used 44966K [0x0000000081600000, 0x0000000100000000)
  region size 1024K, 14 young (14336K), 14 survivors (14336K)
 Metaspace       used 65514K, capacity 67437K, committed 67804K, reserved 1107968K
  class space    used 8655K, capacity 9411K, committed 9548K, reserved 1048576K
}
Event: 14.246 GC heap before
{Heap before GC invocations=16 (full 0):
 garbage-first heap   total 189440K, used 144294K [0x0000000081600000, 0x0000000100000000)
  region size 1024K, 111 young (113664K), 14 survivors (14336K)
 Metaspace       used 65703K, capacity 67638K, committed 67804K, reserved 1107968K
  class space    used 8669K, capacity 9414K, committed 9548K, reserved 1048576K
}
Event: 14.269 GC heap after
{Heap after GC invocations=17 (full 0):
 garbage-first heap   total 227328K, used 49449K [0x0000000081600000, 0x0000000100000000)
  region size 1024K, 11 young (11264K), 11 survivors (11264K)
 Metaspace       used 65703K, capacity 67638K, committed 67804K, reserved 1107968K
  class space    used 8669K, capacity 9414K, committed 9548K, reserved 1048576K
}
Event: 136.349 GC heap before
{Heap before GC invocations=17 (full 0):
 garbage-first heap   total 227328K, used 163113K [0x0000000081600000, 0x0000000100000000)
  region size 1024K, 122 young (124928K), 11 survivors (11264K)
 Metaspace       used 73614K, capacity 75708K, committed 75868K, reserved 1114112K
  class space    used 9568K, capacity 10370K, committed 10444K, reserved 1048576K
}
Event: 136.362 GC heap after
{Heap after GC invocations=18 (full 0):
 garbage-first heap   total 227328K, used 45641K [0x0000000081600000, 0x0000000100000000)
  region size 1024K, 6 young (6144K), 6 survivors (6144K)
 Metaspace       used 73614K, capacity 75708K, committed 75868K, reserved 1114112K
  class space    used 9568K, capacity 10370K, committed 10444K, reserved 1048576K
}
Event: 835.201 GC heap before
{Heap before GC invocations=18 (full 0):
 garbage-first heap   total 227328K, used 175689K [0x0000000081600000, 0x0000000100000000)
  region size 1024K, 133 young (136192K), 6 survivors (6144K)
 Metaspace       used 73868K, capacity 75914K, committed 76124K, reserved 1116160K
  class space    used 9569K, capacity 10372K, committed 10444K, reserved 1048576K
}
Event: 835.214 GC heap after
{Heap after GC invocations=19 (full 0):
 garbage-first heap   total 227328K, used 45133K [0x0000000081600000, 0x0000000100000000)
  region size 1024K, 6 young (6144K), 6 survivors (6144K)
 Metaspace       used 73868K, capacity 75914K, committed 76124K, reserved 1116160K
  class space    used 9569K, capacity 10372K, committed 10444K, reserved 1048576K
}

Deoptimization events (20 events):
Event: 230.433 Thread 0x0000016925c15800 DEOPT PACKING pc=0x0000016910bf6428 sp=0x0000004ca8efa540
Event: 230.433 Thread 0x0000016925c15800 DEOPT UNPACKING pc=0x0000016908fa922f sp=0x0000004ca8efa4e8 mode 2
Event: 230.438 Thread 0x0000016925c15800 Uncommon trap: trap_request=0xffffffd6 fr.pc=0x0000016910bf6428 relative=0x0000000000000868
Event: 230.438 Thread 0x0000016925c15800 Uncommon trap: reason=array_check action=maybe_recompile pc=0x0000016910bf6428 method=java.util.TimSort.binarySort([Ljava/lang/Object;IIILjava/util/Comparator;)V @ 183 c2
Event: 230.438 Thread 0x0000016925c15800 DEOPT PACKING pc=0x0000016910bf6428 sp=0x0000004ca8efa540
Event: 230.438 Thread 0x0000016925c15800 DEOPT UNPACKING pc=0x0000016908fa922f sp=0x0000004ca8efa4e8 mode 2
Event: 230.442 Thread 0x0000016925c15800 Uncommon trap: trap_request=0xffffffd6 fr.pc=0x0000016910bf6428 relative=0x0000000000000868
Event: 230.442 Thread 0x0000016925c15800 Uncommon trap: reason=array_check action=maybe_recompile pc=0x0000016910bf6428 method=java.util.TimSort.binarySort([Ljava/lang/Object;IIILjava/util/Comparator;)V @ 183 c2
Event: 230.442 Thread 0x0000016925c15800 DEOPT PACKING pc=0x0000016910bf6428 sp=0x0000004ca8efa540
Event: 230.442 Thread 0x0000016925c15800 DEOPT UNPACKING pc=0x0000016908fa922f sp=0x0000004ca8efa4e8 mode 2
Event: 230.445 Thread 0x0000016925c15800 Uncommon trap: trap_request=0xffffff76 fr.pc=0x0000016910ca6e3c relative=0x000000000000047c
Event: 230.445 Thread 0x0000016925c15800 Uncommon trap: reason=loop_limit_check action=maybe_recompile pc=0x0000016910ca6e3c method=org.attoparser.ParsingMarkupUtil.findNextWhitespaceCharWildcard([CIIZ[I)I @ 19 c2
Event: 230.445 Thread 0x0000016925c15800 DEOPT PACKING pc=0x0000016910ca6e3c sp=0x0000004ca8efafe0
Event: 230.445 Thread 0x0000016925c15800 DEOPT UNPACKING pc=0x0000016908fa922f sp=0x0000004ca8efaf40 mode 2
Event: 884.691 Thread 0x0000016925c1a000 DEOPT PACKING pc=0x0000016909f4a2e8 sp=0x0000004ca95f76a0
Event: 884.692 Thread 0x0000016925c1a000 DEOPT UNPACKING pc=0x0000016908fa904e sp=0x0000004ca95f6b80 mode 0
Event: 885.074 Thread 0x0000016925c1a000 Uncommon trap: trap_request=0xffffffd6 fr.pc=0x0000016910bf6428 relative=0x0000000000000868
Event: 885.074 Thread 0x0000016925c1a000 Uncommon trap: reason=array_check action=maybe_recompile pc=0x0000016910bf6428 method=java.util.TimSort.binarySort([Ljava/lang/Object;IIILjava/util/Comparator;)V @ 183 c2
Event: 885.075 Thread 0x0000016925c1a000 DEOPT PACKING pc=0x0000016910bf6428 sp=0x0000004ca95fa7a0
Event: 885.075 Thread 0x0000016925c1a000 DEOPT UNPACKING pc=0x0000016908fa922f sp=0x0000004ca95fa748 mode 2

Classes redefined (0 events):
No events

Internal exceptions (20 events):
Event: 12.407 Thread 0x0000016921313000 Exception <a 'java/lang/ClassNotFoundException'{0x000000008b71c398}: java/lang/ObjectCustomizer> (0x000000008b71c398) thrown at [c:/BuildAgent/work/5ff2f6c26000d570/src/hotspot/share/classfile/systemDictionary.cpp, line 231]
Event: 12.408 Thread 0x0000016921313000 Exception <a 'java/lang/ClassNotFoundException'{0x000000008b7451c0}: org/springframework/security/config/annotation/web/configuration/WebSecurityConfigurationCustomizer> (0x000000008b7451c0) thrown at [c:/BuildAgent/work/5ff2f6c26000d570/src/hotspot/share
Event: 12.410 Thread 0x0000016921313000 Exception <a 'java/lang/ClassNotFoundException'{0x000000008b76b858}: org/springframework/context/annotation/ImportAwareCustomizer> (0x000000008b76b858) thrown at [c:/BuildAgent/work/5ff2f6c26000d570/src/hotspot/share/classfile/systemDictionary.cpp, line 2
Event: 12.410 Thread 0x0000016921313000 Exception <a 'java/lang/ClassNotFoundException'{0x000000008b784f00}: org/springframework/beans/factory/AwareCustomizer> (0x000000008b784f00) thrown at [c:/BuildAgent/work/5ff2f6c26000d570/src/hotspot/share/classfile/systemDictionary.cpp, line 231]
Event: 12.411 Thread 0x0000016921313000 Exception <a 'java/lang/ClassNotFoundException'{0x000000008b7a1380}: org/springframework/beans/factory/BeanClassLoaderAwareCustomizer> (0x000000008b7a1380) thrown at [c:/BuildAgent/work/5ff2f6c26000d570/src/hotspot/share/classfile/systemDictionary.cpp, li
Event: 12.412 Thread 0x0000016921313000 Exception <a 'java/lang/ClassNotFoundException'{0x000000008b7ba7c0}: org/springframework/beans/factory/AwareCustomizer> (0x000000008b7ba7c0) thrown at [c:/BuildAgent/work/5ff2f6c26000d570/src/hotspot/share/classfile/systemDictionary.cpp, line 231]
Event: 12.545 Thread 0x0000016921313000 Implicit null exception at 0x0000016910b4a15d to 0x0000016910b4a218
Event: 12.738 Thread 0x0000016921313000 Exception <a 'java/lang/ClassNotFoundException'{0x000000008a9bbae8}: java/lang/ObjectCustomizer> (0x000000008a9bbae8) thrown at [c:/BuildAgent/work/5ff2f6c26000d570/src/hotspot/share/classfile/systemDictionary.cpp, line 231]
Event: 12.740 Thread 0x0000016921313000 Exception <a 'java/lang/ClassNotFoundException'{0x000000008a9e4940}: org/springframework/security/config/annotation/web/configuration/HttpSecurityConfigurationCustomizer> (0x000000008a9e4940) thrown at [c:/BuildAgent/work/5ff2f6c26000d570/src/hotspot/shar
Event: 13.000 Thread 0x0000016921313000 Exception <a 'java/lang/NoSuchMethodError'{0x0000000089fa8468}: 'void java.lang.invoke.DirectMethodHandle$Holder.invokeVirtual(java.lang.Object, java.lang.Object, int)'> (0x0000000089fa8468) thrown at [c:/BuildAgent/work/5ff2f6c26000d570/src/hotspot/share
Event: 13.003 Thread 0x0000016921313000 Exception <a 'java/lang/NoSuchMethodError'{0x0000000089fc2030}: 'void java.lang.invoke.DirectMethodHandle$Holder.invokeVirtual(java.lang.Object, java.lang.Object, long)'> (0x0000000089fc2030) thrown at [c:/BuildAgent/work/5ff2f6c26000d570/src/hotspot/shar
Event: 13.265 Thread 0x0000016921313000 Exception <a 'java/lang/IncompatibleClassChangeError'{0x0000000089555498}: Found class java.lang.Object, but interface was expected> (0x0000000089555498) thrown at [c:/BuildAgent/work/5ff2f6c26000d570/src/hotspot/share/interpreter/linkResolver.cpp, line 8
Event: 14.050 Thread 0x00000169232f2000 Implicit null exception at 0x0000016910ca3fef to 0x0000016910ca40aa
Event: 14.573 Thread 0x0000016921313000 Implicit null exception at 0x0000016910ba515a to 0x0000016910ba534e
Event: 14.703 Thread 0x0000016921313000 Exception <a 'java/lang/NoSuchMethodError'{0x000000008cc4bfb8}: 'java.lang.Object java.lang.invoke.DirectMethodHandle$Holder.invokeSpecial(java.lang.Object, java.lang.Object, int, java.lang.Object, int, java.lang.Object)'> (0x000000008cc4bfb8) thrown at [
Event: 14.704 Thread 0x0000016921313000 Exception <a 'java/lang/NoSuchMethodError'{0x000000008cc53748}: 'java.lang.Object java.lang.invoke.DirectMethodHandle$Holder.invokeStatic(java.lang.Object, java.lang.Object, int, java.lang.Object, int)'> (0x000000008cc53748) thrown at [c:/BuildAgent/work/
Event: 14.704 Thread 0x0000016921313000 Exception <a 'java/lang/NoSuchMethodError'{0x000000008cc56f28}: 'java.lang.Object java.lang.invoke.DirectMethodHandle$Holder.invokeSpecial(java.lang.Object, java.lang.Object, java.lang.Object, int, java.lang.Object, int)'> (0x000000008cc56f28) thrown at [
Event: 14.706 Thread 0x0000016921313000 Exception <a 'java/lang/NoSuchMethodError'{0x000000008cc63430}: 'void java.lang.invoke.DirectMethodHandle$Holder.invokeVirtual(java.lang.Object, java.lang.Object)'> (0x000000008cc63430) thrown at [c:/BuildAgent/work/5ff2f6c26000d570/src/hotspot/share/inte
Event: 63.932 Thread 0x0000016925c18000 Exception <a 'java/lang/NoSuchMethodError'{0x0000000089eb85e0}: 'java.lang.Object java.lang.invoke.DirectMethodHandle$Holder.invokeInterface(java.lang.Object, java.lang.Object, java.lang.Object, java.lang.Object)'> (0x0000000089eb85e0) thrown at [c:/Build
Event: 64.027 Thread 0x0000016925c18000 Exception <a 'java/lang/NoSuchMethodError'{0x0000000089bcdab8}: 'java.lang.Object java.lang.invoke.DirectMethodHandle$Holder.invokeStaticInit(java.lang.Object, java.lang.Object, java.lang.Object, java.lang.Object, java.lang.Object, java.lang.Object)'> (0x

Events (20 events):
Event: 230.507 Executing VM operation: RevokeBias
Event: 230.507 Executing VM operation: RevokeBias done
Event: 230.507 Executing VM operation: RevokeBias
Event: 230.507 Executing VM operation: RevokeBias done
Event: 230.613 Executing VM operation: RevokeBias
Event: 230.613 Executing VM operation: RevokeBias done
Event: 230.687 Thread 0x000001692303e800 Thread exited: 0x000001692303e800
Event: 237.437 Executing VM operation: RevokeBias
Event: 237.437 Executing VM operation: RevokeBias done
Event: 237.437 Executing VM operation: RevokeBias
Event: 237.438 Executing VM operation: RevokeBias done
Event: 237.438 Executing VM operation: BulkRevokeBias
Event: 237.439 Executing VM operation: BulkRevokeBias done
Event: 237.439 Executing VM operation: RevokeBias
Event: 237.439 Executing VM operation: RevokeBias done
Event: 237.439 Executing VM operation: RevokeBias
Event: 237.439 Executing VM operation: RevokeBias done
Event: 835.200 Executing VM operation: G1CollectForAllocation
Event: 835.214 Executing VM operation: G1CollectForAllocation done
Event: 885.081 Thread 0x0000016920237000 Thread added: 0x0000016920237000


Dynamic libraries:
0x00007ff68e470000 - 0x00007ff68e47a000 	C:\Program Files\JetBrains\IntelliJ IDEA Community Edition 2019.3.4\jbr\bin\java.exe
0x00007ffd7a140000 - 0x00007ffd7a349000 	C:\WINDOWS\SYSTEM32\ntdll.dll
0x00007ffd788f0000 - 0x00007ffd789ad000 	C:\WINDOWS\System32\KERNEL32.DLL
0x00007ffd778c0000 - 0x00007ffd77c34000 	C:\WINDOWS\System32\KERNELBASE.dll
0x00007ffd77e00000 - 0x00007ffd77f11000 	C:\WINDOWS\System32\ucrtbase.dll
0x00007ffd748d0000 - 0x00007ffd748e9000 	C:\Program Files\JetBrains\IntelliJ IDEA Community Edition 2019.3.4\jbr\bin\jli.dll
0x00007ffd74b70000 - 0x00007ffd74b87000 	C:\Program Files\JetBrains\IntelliJ IDEA Community Edition 2019.3.4\jbr\bin\VCRUNTIME140.dll
0x00007ffd78550000 - 0x00007ffd786fc000 	C:\WINDOWS\System32\USER32.dll
0x00007ffd61ee0000 - 0x00007ffd62185000 	C:\WINDOWS\WinSxS\amd64_microsoft.windows.common-controls_6595b64144ccf1df_6.0.22000.120_none_9d947278b86cc467\COMCTL32.dll
0x00007ffd77cb0000 - 0x00007ffd77cd6000 	C:\WINDOWS\System32\win32u.dll
0x00007ffd78c80000 - 0x00007ffd78d23000 	C:\WINDOWS\System32\msvcrt.dll
0x00007ffd7a0d0000 - 0x00007ffd7a0f9000 	C:\WINDOWS\System32\GDI32.dll
0x00007ffd77ce0000 - 0x00007ffd77df2000 	C:\WINDOWS\System32\gdi32full.dll
0x00007ffd776b0000 - 0x00007ffd7774d000 	C:\WINDOWS\System32\msvcp_win.dll
0x00007ffd78c40000 - 0x00007ffd78c71000 	C:\WINDOWS\System32\IMM32.DLL
0x00007ffd5c9c0000 - 0x00007ffd5ca5d000 	C:\Program Files\JetBrains\IntelliJ IDEA Community Edition 2019.3.4\jbr\bin\msvcp140.dll
0x00007ffd1d8b0000 - 0x00007ffd1e36d000 	C:\Program Files\JetBrains\IntelliJ IDEA Community Edition 2019.3.4\jbr\bin\server\jvm.dll
0x00007ffd79280000 - 0x00007ffd7932e000 	C:\WINDOWS\System32\ADVAPI32.dll
0x00007ffd79340000 - 0x00007ffd793de000 	C:\WINDOWS\System32\sechost.dll
0x00007ffd787d0000 - 0x00007ffd788f0000 	C:\WINDOWS\System32\RPCRT4.dll
0x00007ffd78060000 - 0x00007ffd78068000 	C:\WINDOWS\System32\PSAPI.DLL
0x00007ffd73be0000 - 0x00007ffd73be9000 	C:\WINDOWS\SYSTEM32\WSOCK32.dll
0x00007ffd71fa0000 - 0x00007ffd71fd3000 	C:\WINDOWS\SYSTEM32\WINMM.dll
0x00007ffd78760000 - 0x00007ffd787cf000 	C:\WINDOWS\System32\WS2_32.dll
0x00007ffd72e10000 - 0x00007ffd72e1a000 	C:\WINDOWS\SYSTEM32\VERSION.dll
0x00007ffd76820000 - 0x00007ffd76838000 	C:\WINDOWS\SYSTEM32\kernel.appcore.dll
0x00007ffd70de0000 - 0x00007ffd70df1000 	C:\Program Files\JetBrains\IntelliJ IDEA Community Edition 2019.3.4\jbr\bin\verify.dll
0x00007ffd683e0000 - 0x00007ffd68601000 	C:\WINDOWS\SYSTEM32\DBGHELP.DLL
0x00007ffd68060000 - 0x00007ffd68091000 	C:\WINDOWS\SYSTEM32\dbgcore.DLL
0x00007ffd77630000 - 0x00007ffd776af000 	C:\WINDOWS\System32\bcryptPrimitives.dll
0x00007ffd66ef0000 - 0x00007ffd66f19000 	C:\Program Files\JetBrains\IntelliJ IDEA Community Edition 2019.3.4\jbr\bin\java.dll
0x00007ffd74b60000 - 0x00007ffd74b6f000 	C:\Program Files\JetBrains\IntelliJ IDEA Community Edition 2019.3.4\jbr\bin\instrument.dll
0x00007ffd66ed0000 - 0x00007ffd66ee8000 	C:\Program Files\JetBrains\IntelliJ IDEA Community Edition 2019.3.4\jbr\bin\zip.dll
0x00007ffd72f70000 - 0x00007ffd72f7b000 	C:\Program Files\JetBrains\IntelliJ IDEA Community Edition 2019.3.4\jbr\bin\jimage.dll
0x00007ffd793e0000 - 0x00007ffd79b8e000 	C:\WINDOWS\System32\SHELL32.dll
0x00007ffd757b0000 - 0x00007ffd76017000 	C:\WINDOWS\SYSTEM32\windows.storage.dll
0x00007ffd79d50000 - 0x00007ffd7a0c8000 	C:\WINDOWS\System32\combase.dll
0x00007ffd75640000 - 0x00007ffd757a6000 	C:\WINDOWS\SYSTEM32\wintypes.dll
0x00007ffd789b0000 - 0x00007ffd78a9a000 	C:\WINDOWS\System32\SHCORE.dll
0x00007ffd78de0000 - 0x00007ffd78e3d000 	C:\WINDOWS\System32\shlwapi.dll
0x00007ffd77560000 - 0x00007ffd77581000 	C:\WINDOWS\SYSTEM32\profapi.dll
0x00007ffd66eb0000 - 0x00007ffd66eca000 	C:\Program Files\JetBrains\IntelliJ IDEA Community Edition 2019.3.4\jbr\bin\net.dll
0x00007ffd71e90000 - 0x00007ffd71f9c000 	C:\WINDOWS\SYSTEM32\WINHTTP.dll
0x00007ffd76c50000 - 0x00007ffd76cb7000 	C:\WINDOWS\system32\mswsock.dll
0x00007ffd5d640000 - 0x00007ffd5d654000 	C:\Program Files\JetBrains\IntelliJ IDEA Community Edition 2019.3.4\jbr\bin\nio.dll
0x00007ffd72fc0000 - 0x00007ffd72fda000 	C:\Program Files\JetBrains\IntelliJ IDEA Community Edition 2019.3.4\bin\breakgen64.dll
0x00007ffd70dd0000 - 0x00007ffd70dda000 	C:\Program Files\JetBrains\IntelliJ IDEA Community Edition 2019.3.4\jbr\bin\management.dll
0x00007ffd70d80000 - 0x00007ffd70d8c000 	C:\Program Files\JetBrains\IntelliJ IDEA Community Edition 2019.3.4\jbr\bin\management_ext.dll
0x00007ffd61150000 - 0x00007ffd61167000 	C:\WINDOWS\system32\napinsp.dll
0x00007ffd61130000 - 0x00007ffd6114b000 	C:\WINDOWS\system32\pnrpnsp.dll
0x00007ffd76380000 - 0x00007ffd76467000 	C:\WINDOWS\SYSTEM32\DNSAPI.dll
0x00007ffd76350000 - 0x00007ffd7637d000 	C:\WINDOWS\SYSTEM32\IPHLPAPI.DLL
0x00007ffd78f60000 - 0x00007ffd78f69000 	C:\WINDOWS\System32\NSI.dll
0x00007ffd61110000 - 0x00007ffd61122000 	C:\WINDOWS\System32\winrnr.dll
0x00007ffd61070000 - 0x00007ffd61085000 	C:\WINDOWS\system32\wshbth.dll
0x00007ffd60f50000 - 0x00007ffd60f6f000 	C:\WINDOWS\system32\nlansp_c.dll
0x00007ffd6f380000 - 0x00007ffd6f38a000 	C:\Windows\System32\rasadhlp.dll
0x00007ffd705f0000 - 0x00007ffd70671000 	C:\WINDOWS\System32\fwpuclnt.dll
0x00007ffd76ea0000 - 0x00007ffd76eb8000 	C:\WINDOWS\SYSTEM32\CRYPTSP.dll
0x00007ffd76780000 - 0x00007ffd767b5000 	C:\WINDOWS\system32\rsaenh.dll
0x00007ffd76d40000 - 0x00007ffd76d69000 	C:\WINDOWS\SYSTEM32\USERENV.dll
0x00007ffd77010000 - 0x00007ffd77037000 	C:\WINDOWS\SYSTEM32\bcrypt.dll
0x00007ffd76e90000 - 0x00007ffd76e9c000 	C:\WINDOWS\SYSTEM32\CRYPTBASE.dll
0x00007ffd72000000 - 0x00007ffd72019000 	C:\WINDOWS\SYSTEM32\dhcpcsvc6.DLL
0x00007ffd72b80000 - 0x00007ffd72b9e000 	C:\WINDOWS\SYSTEM32\dhcpcsvc.DLL
0x00007ffd55040000 - 0x00007ffd55068000 	C:\Program Files\JetBrains\IntelliJ IDEA Community Edition 2019.3.4\jbr\bin\sunec.dll

dbghelp: loaded successfully - version: 4.0.5 - missing functions: none
symbol engine: initialized successfully - sym options: 0x614 - pdb path: .;C:\Program Files\JetBrains\IntelliJ IDEA Community Edition 2019.3.4\jbr\bin;C:\WINDOWS\SYSTEM32;C:\WINDOWS\WinSxS\amd64_microsoft.windows.common-controls_6595b64144ccf1df_6.0.22000.120_none_9d947278b86cc467;C:\Program Files\JetBrains\IntelliJ IDEA Community Edition 2019.3.4\jbr\bin\server;C:\Program Files\JetBrains\IntelliJ IDEA Community Edition 2019.3.4\bin

VM Arguments:
jvm_args: -javaagent:C:\Program Files\JetBrains\IntelliJ IDEA Community Edition 2019.3.4\lib\idea_rt.jar=58690:C:\Program Files\JetBrains\IntelliJ IDEA Community Edition 2019.3.4\bin -Dfile.encoding=UTF-8 
java_command: com.smartedulanka.finalyearproject.FinalyearprojectApplication
java_class_path (initial): D:\Final_year_project\finalyearproject\finalyearproject\target\classes;C:\Users\User\.m2\repository\org\springframework\boot\spring-boot-starter-thymeleaf\2.6.3\spring-boot-starter-thymeleaf-2.6.3.jar;C:\Users\User\.m2\repository\org\springframework\boot\spring-boot-starter\2.6.3\spring-boot-starter-2.6.3.jar;C:\Users\User\.m2\repository\org\springframework\boot\spring-boot-starter-logging\2.6.3\spring-boot-starter-logging-2.6.3.jar;C:\Users\User\.m2\repository\ch\qos\logback\logback-classic\1.2.10\logback-classic-1.2.10.jar;C:\Users\User\.m2\repository\ch\qos\logback\logback-core\1.2.10\logback-core-1.2.10.jar;C:\Users\User\.m2\repository\org\apache\logging\log4j\log4j-to-slf4j\2.17.1\log4j-to-slf4j-2.17.1.jar;C:\Users\User\.m2\repository\org\apache\logging\log4j\log4j-api\2.17.1\log4j-api-2.17.1.jar;C:\Users\User\.m2\repository\org\slf4j\jul-to-slf4j\1.7.33\jul-to-slf4j-1.7.33.jar;C:\Users\User\.m2\repository\jakarta\annotation\jakarta.annotation-api\1.3.5\jakarta.annotation-api-1.3.5.jar;C:\Users\User\.m2\repository\org\yaml\snakeyaml\1.29\snakeyaml-1.29.jar;C:\Users\User\.m2\repository\org\thymeleaf\thymeleaf-spring5\3.0.14.RELEASE\thymeleaf-spring5-3.0.14.RELEASE.jar;C:\Users\User\.m2\repository\org\thymeleaf\thymeleaf\3.0.14.RELEASE\thymeleaf-3.0.14.RELEASE.jar;C:\Users\User\.m2\repository\org\attoparser\attoparser\2.0.5.RELEASE\attoparser-2.0.5.RELEASE.jar;C:\Users\User\.m2\repository\org\unbescape\unbescape\1.1.6.RELEASE\unbescape-1.1.6.RELEASE.jar;C:\Users\User\.m2\repository\org\thymeleaf\extras\thymeleaf-extras-java8time\3.0.4.RELEASE\thymeleaf-extras-java8time-3.0.4.RELEASE.jar;C:\Users\User\.m2\repository\org\springframework\boot\spring-boot-starter-data-jpa\2.6.3\spring-boot-starter-data-jpa-2.6.3.jar;C:\Users\User\.m2\repository\org\springframework\boot\spring-boot-starter-aop\2.6.3\spring-boot-starter-aop-2.6.3.jar;C:\Users\User\.m2\repository\org\aspectj\aspectjweaver\1.9.7\aspectjweaver-1.9.7.jar;C:\Users\User\.m2\repos
Launcher Type: SUN_STANDARD

[Global flags]
     intx CICompilerCount                          = 4                                         {product} {ergonomic}
     uint ConcGCThreads                            = 2                                         {product} {ergonomic}
     uint G1ConcRefinementThreads                  = 8                                         {product} {ergonomic}
   size_t G1HeapRegionSize                         = 1048576                                   {product} {ergonomic}
    uintx GCDrainStackTargetSize                   = 64                                        {product} {ergonomic}
   size_t InitialHeapSize                          = 134217728                                 {product} {ergonomic}
   size_t MarkStackSize                            = 4194304                                   {product} {ergonomic}
   size_t MaxHeapSize                              = 2124414976                                {product} {ergonomic}
   size_t MaxNewSize                               = 1274019840                                {product} {ergonomic}
   size_t MinHeapDeltaBytes                        = 1048576                                   {product} {ergonomic}
    uintx NonNMethodCodeHeapSize                   = 5836300                                {pd product} {ergonomic}
    uintx NonProfiledCodeHeapSize                  = 122910970                              {pd product} {ergonomic}
    uintx ProfiledCodeHeapSize                     = 122910970                              {pd product} {ergonomic}
    uintx ReservedCodeCacheSize                    = 251658240                              {pd product} {ergonomic}
     bool SegmentedCodeCache                       = true                                      {product} {ergonomic}
     bool UseCompressedClassPointers               = true                                 {lp64_product} {ergonomic}
     bool UseCompressedOops                        = true                                 {lp64_product} {ergonomic}
     bool UseG1GC                                  = true                                      {product} {ergonomic}
     bool UseLargePagesIndividualAllocation        = false                                  {pd product} {ergonomic}

Logging:
Log output configuration:
 #0: stdout all=warning uptime,level,tags
 #1: stderr all=off uptime,level,tags

Environment Variables:
JAVA_HOME=C:\Program Files\Java\jdk-16.0.1
PATH=C:\Program Files\Common Files\Oracle\Java\javapath;C:\WINDOWS\system32;C:\WINDOWS;C:\WINDOWS\System32\Wbem;C:\WINDOWS\System32\WindowsPowerShell\v1.0\;C:\WINDOWS\System32\OpenSSH\;C:\Program Files\Java\jdk-16.0.1\bin;C:\Program Files\apache-maven-3.8.1-bin\apache-maven-3.8.1\bin;C:\Program Files\Git\cmd;C:\Program Files\MySQL\MySQL Server 8.0\bin;C:\Program Files\MySQL\MySQL Shell 8.0\bin\;C:\Users\User\AppData\Local\Programs\Python\Python310\Scripts\;C:\Users\User\AppData\Local\Programs\Python\Python310\;C:\Users\User\AppData\Local\Microsoft\WindowsApps;;C:\Program Files\JetBrains\IntelliJ IDEA Community Edition 2019.3.4\bin;;C:\Users\User\AppData\Local\Programs\Microsoft VS Code\bin
USERNAME=User
OS=Windows_NT
PROCESSOR_IDENTIFIER=Intel64 Family 6 Model 142 Stepping 10, GenuineIntel



---------------  S Y S T E M  ---------------

OS: Windows 10 , 64 bit Build 22000 (10.0.22000.434)

CPU:total 8 (initial active 8) (4 cores per cpu, 2 threads per core) family 6 model 142 stepping 10, cmov, cx8, fxsr, mmx, sse, sse2, sse3, ssse3, sse4.1, sse4.2, popcnt, avx, avx2, aes, clmul, erms, 3dnowpref, lzcnt, ht, tsc, tscinvbit, bmi1, bmi2, adx, fma

Memory: 4k page, system-wide physical 8101M (380M free)
TotalPageFile size 20876M (AvailPageFile size 5M)
current process WorkingSet (physical memory assigned to process): 130M, peak: 452M
current process commit charge ("private bytes"): 452M, peak: 511M

vm_info: OpenJDK 64-Bit Server VM (11.0.6+8-b520.43) for windows-amd64 JRE (11.0.6+8-b520.43), built on Feb  3 2020 14:18:56 by "" with MS VC++ 14.0 (VS2015)

END.
